#
# A fatal error has been detected by the Java Runtime Environment:
#
#  EXCEPTION_ACCESS_VIOLATION (0xc0000005) at pc=0x00007fff7a97cc7d, pid=7732, tid=6012
#
# JRE version: Java(TM) SE Runtime Environment (17.0.9+11) (build 17.0.9+11-LTS-201)
# Java VM: Java HotSpot(TM) 64-Bit Server VM (17.0.9+11-LTS-201, mixed mode, sharing, tiered, compressed oops, compressed class ptrs, g1 gc, windows-amd64)
# Problematic frame:
# V  [jvm.dll+0x10cc7d]
#
# No core dump will be written. Minidumps are not enabled by default on client versions of Windows
#
# If you would like to submit a bug report, please visit:
#   https://bugreport.java.com/bugreport/crash.jsp
#

---------------  S U M M A R Y ------------

Command Line: C:\Users\smerl\AppData\Local\Temp\surefire3424509901126834691\surefirebooter-20231108182517898_3.jar C:\Users\smerl\AppData\Local\Temp\surefire3424509901126834691 2023-11-08T18-25-17_769-jvmRun1 surefire-20231108182517898_1tmp surefire_0-20231108182517898_2tmp

Host: AMD Ryzen 5 4600G with Radeon Graphics, 12 cores, 15G,  Windows 10 , 64 bit Build 19041 (10.0.19041.3636)
Time: Wed Nov  8 18:25:18 2023 Pacific Standard Time elapsed time: 0.356251 seconds (0d 0h 0m 0s)

---------------  T H R E A D  ---------------

Current thread (0x000002658fa897b0):  JavaThread "C1 CompilerThread0" daemon [_thread_in_native, id=6012, stack(0x000000defbd00000,0x000000defbe00000)]


Current CompileTask:
C1:    356  892       3       java.util.ImmutableCollections$Set12::<init> (53 bytes)

Stack: [0x000000defbd00000,0x000000defbe00000],  sp=0x000000defbdfda90,  free space=1014k
Native frames: (J=compiled Java code, j=interpreted, Vv=VM code, C=native code)
V  [jvm.dll+0x10cc7d]
V  [jvm.dll+0x17b081]
V  [jvm.dll+0x17dd0e]
V  [jvm.dll+0x17e317]
V  [jvm.dll+0x176100]
V  [jvm.dll+0x17551f]
V  [jvm.dll+0x17ee0b]
V  [jvm.dll+0x176788]
V  [jvm.dll+0x179ebf]
V  [jvm.dll+0x134e03]
V  [jvm.dll+0x13471f]
V  [jvm.dll+0x134958]
V  [jvm.dll+0x133df1]
V  [jvm.dll+0x135a8d]
V  [jvm.dll+0x2272de]
V  [jvm.dll+0x22548b]
V  [jvm.dll+0x78f58c]
V  [jvm.dll+0x78998a]
V  [jvm.dll+0x677875]
C  [ucrtbase.dll+0x21bb2]
C  [KERNEL32.DLL+0x17344]
C  [ntdll.dll+0x526b1]


siginfo: EXCEPTION_ACCESS_VIOLATION (0xc0000005), reading address 0x000004cb653ca6a0


Register to memory mapping:

RIP=0x00007fff7a97cc7d jvm.dll
RAX=0x00000265d5944e20 points into unknown readable memory: 0x6974752e6176616a | 6a 61 76 61 2e 75 74 69
RBX=0x000002658fa85880 points into unknown readable memory: 0x0000000000000006 | 06 00 00 00 00 00 00 00
RCX=0x00000265d5944d90 points into unknown readable memory: 0x0000000000000000 | 00 00 00 00 00 00 00 00
RDX=0x000000defbdff500 is pointing into the stack for thread: 0x000002658fa897b0
RSP=0x000000defbdfda90 is pointing into the stack for thread: 0x000002658fa897b0
RBP=0x00000265d5b202b0 points into unknown readable memory: 0x0000000c00000241 | 41 02 00 00 0c 00 00 00
RSI=0x00000000000000a2 is an unknown value
RDI=0x0000000000000090 is an unknown value
R8 =0x0000000000000098 is an unknown value
R9 =0x0000000000000098 is an unknown value
R10=0x0000000000000098 is an unknown value
R11=0x00000265d509ac50 points into unknown readable memory: 0x00000265d5b1b5b0 | b0 b5 b1 d5 65 02 00 00
R12=0x0000000000000001 is an unknown value
R13=0x00000265d5b202b0 points into unknown readable memory: 0x0000000c00000241 | 41 02 00 00 0c 00 00 00
R14=0x00000000ffffffff is an unknown value
R15=0x000000defbdfe230 is pointing into the stack for thread: 0x000002658fa897b0


Registers:
RAX=0x00000265d5944e20, RBX=0x000002658fa85880, RCX=0x00000265d5944d90, RDX=0x000000defbdff500
RSP=0x000000defbdfda90, RBP=0x00000265d5b202b0, RSI=0x00000000000000a2, RDI=0x0000000000000090
R8 =0x0000000000000098, R9 =0x0000000000000098, R10=0x0000000000000098, R11=0x00000265d509ac50
R12=0x0000000000000001, R13=0x00000265d5b202b0, R14=0x00000000ffffffff, R15=0x000000defbdfe230
RIP=0x00007fff7a97cc7d, EFLAGS=0x0000000000010206

Top of Stack: (sp=0x000000defbdfda90)
0x000000defbdfda90:   0000000000000000 0000000000000020
0x000000defbdfdaa0:   0000000000000800 00000265ea900000
0x000000defbdfdab0:   0000000000000098 00007fff7a9eb081
0x000000defbdfdac0:   00000265d509abb0 00007fffd887a46c
0x000000defbdfdad0:   000000000000a98f 00007fffd89da540
0x000000defbdfdae0:   0000000000000098 00007fff7a9edd0e
0x000000defbdfdaf0:   00000265d509abb0 0000000000000000
0x000000defbdfdb00:   00000000000000a2 00007fffd887a36f
0x000000defbdfdb10:   0000000000000000 000000006f60aef1
0x000000defbdfdb20:   000000000000000b 00000265eaad0000
0x000000defbdfdb30:   000000defbdfe230 00000000ffffffff
0x000000defbdfdb40:   0000000000000005 0000000000000001
0x000000defbdfdb50:   00000265d5b202b0 00000000000000a2
0x000000defbdfdb60:   0000000000000000 00007fff7a9ee317
0x000000defbdfdb70:   000000000000005e 0000000000000004
0x000000defbdfdb80:   00000000000000a2 00000265d509abb0 

Instructions: (pc=0x00007fff7a97cc7d)
0x00007fff7a97cb7d:   48 8b da 49 8b f9 48 8b cb 49 8b d1 e8 a2 eb 49
0x00007fff7a97cb8d:   00 48 8b 05 6b bc 84 00 4c 8d 44 24 70 33 c9 48
0x00007fff7a97cb9d:   89 44 24 28 48 8b 05 e8 bc 84 00 48 8b d7 48 89
0x00007fff7a97cbad:   44 24 30 48 8d 05 29 b4 73 00 89 4c 24 3c 88 4c
0x00007fff7a97cbbd:   24 40 48 89 4c 24 50 89 4c 24 58 48 8b cb 48 89
0x00007fff7a97cbcd:   44 24 48 48 89 7c 24 20 0f 10 44 24 20 c7 44 24
0x00007fff7a97cbdd:   38 ff ff ff ff 0f 10 4c 24 30 0f 29 44 24 70 0f
0x00007fff7a97cbed:   10 44 24 40 0f 29 8c 24 80 00 00 00 0f 10 4c 24
0x00007fff7a97cbfd:   50 0f 29 84 24 90 00 00 00 0f 10 44 24 60 0f 29
0x00007fff7a97cc0d:   8c 24 a0 00 00 00 0f 29 84 24 b0 00 00 00 e8 50
0x00007fff7a97cc1d:   de 4a 00 48 8b 9c 24 d0 00 00 00 48 81 c4 c0 00
0x00007fff7a97cc2d:   00 00 5f c3 cc cc cc cc cc cc cc cc cc cc cc cc
0x00007fff7a97cc3d:   cc cc cc 48 89 5c 24 08 57 48 83 ec 20 65 48 8b
0x00007fff7a97cc4d:   04 25 58 00 00 00 48 8b f9 8b 15 9c c5 a3 00 48
0x00007fff7a97cc5d:   8b 1c d0 b8 50 00 00 00 80 3c 18 00 75 05 e8 2c
0x00007fff7a97cc6d:   9d 72 00 48 83 c7 0f b8 20 00 00 00 48 83 e7 f0
0x00007fff7a97cc7d:   48 8b 04 18 48 8b 90 d8 04 00 00 48 8b 82 80 00
0x00007fff7a97cc8d:   00 00 48 8b 18 48 8b c7 48 f7 d0 48 3b 43 18 73
0x00007fff7a97cc9d:   12 4c 8d 05 3b d3 7a 00 48 8b d7 48 8b cb e8 30
0x00007fff7a97ccad:   e7 f9 ff 48 8b 4b 18 48 8d 04 39 48 3b 43 20 76
0x00007fff7a97ccbd:   18 45 33 c0 48 8b d7 48 8b cb 48 8b 5c 24 30 48
0x00007fff7a97cccd:   83 c4 20 5f e9 8a e3 f9 ff 48 89 43 18 48 8b c1
0x00007fff7a97ccdd:   48 8b 5c 24 30 48 83 c4 20 5f c3 cc cc cc cc cc
0x00007fff7a97cced:   cc cc cc 48 83 ec 28 83 f9 38 77 64 48 63 c1 48
0x00007fff7a97ccfd:   8d 15 fd 32 ef ff 0f b6 84 02 a4 cd 10 00 8b 8c
0x00007fff7a97cd0d:   82 80 cd 10 00 48 03 ca ff e1 b8 0a 00 00 00 48
0x00007fff7a97cd1d:   83 c4 28 c3 b8 0b 00 00 00 48 83 c4 28 c3 b8 06
0x00007fff7a97cd2d:   00 00 00 48 83 c4 28 c3 b8 07 00 00 00 48 83 c4
0x00007fff7a97cd3d:   28 c3 b8 0c 00 00 00 48 83 c4 28 c3 b8 0f 00 00
0x00007fff7a97cd4d:   00 48 83 c4 28 c3 b8 11 00 00 00 48 83 c4 28 c3
0x00007fff7a97cd5d:   ba ea 01 00 00 48 8d 0d 6f 27 7b 00 e8 22 8f 13
0x00007fff7a97cd6d:   00 e8 ed b7 56 00 b8 63 00 00 00 48 83 c4 28 c3 


Stack slot to memory mapping:
stack at sp + 0 slots: 0x0 is NULL
stack at sp + 1 slots: 0x0000000000000020 is an unknown value
stack at sp + 2 slots: 0x0000000000000800 is an unknown value
stack at sp + 3 slots: 0x00000265ea900000 points into unknown readable memory: 0x0000000000000000 | 00 00 00 00 00 00 00 00
stack at sp + 4 slots: 0x0000000000000098 is an unknown value
stack at sp + 5 slots: 0x00007fff7a9eb081 jvm.dll
stack at sp + 6 slots: 0x00000265d509abb0 points into unknown readable memory: 0x000000defbdff020 | 20 f0 df fb de 00 00 00
stack at sp + 7 slots: 0x00007fffd887a46c ntdll.dll


---------------  P R O C E S S  ---------------

Threads class SMR info:
_java_thread_list=0x00000265d5788710, length=15, elements={
0x00000265ecc1c590, 0x000002658f95f0b0, 0x000002658f95fc40, 0x000002658fa866d0,
0x000002658fa86fa0, 0x000002658fa87870, 0x000002658fa88140, 0x000002658fa88df0,
0x000002658fa897b0, 0x000002658fa8c0d0, 0x000002658fbc2c00, 0x000002658fbcd530,
0x000002658fe798b0, 0x00000265d502bc20, 0x000002658fc52cc0
}

Java Threads: ( => current thread )
  0x00000265ecc1c590 JavaThread "main" [_thread_in_native, id=7252, stack(0x000000defaf00000,0x000000defb000000)]
  0x000002658f95f0b0 JavaThread "Reference Handler" daemon [_thread_blocked, id=7480, stack(0x000000defb600000,0x000000defb700000)]
  0x000002658f95fc40 JavaThread "Finalizer" daemon [_thread_blocked, id=5780, stack(0x000000defb700000,0x000000defb800000)]
  0x000002658fa866d0 JavaThread "Signal Dispatcher" daemon [_thread_blocked, id=876, stack(0x000000defb800000,0x000000defb900000)]
  0x000002658fa86fa0 JavaThread "Attach Listener" daemon [_thread_blocked, id=6040, stack(0x000000defb900000,0x000000defba00000)]
  0x000002658fa87870 JavaThread "Service Thread" daemon [_thread_blocked, id=5756, stack(0x000000defba00000,0x000000defbb00000)]
  0x000002658fa88140 JavaThread "Monitor Deflation Thread" daemon [_thread_blocked, id=7236, stack(0x000000defbb00000,0x000000defbc00000)]
  0x000002658fa88df0 JavaThread "C2 CompilerThread0" daemon [_thread_blocked, id=5896, stack(0x000000defbc00000,0x000000defbd00000)]
=>0x000002658fa897b0 JavaThread "C1 CompilerThread0" daemon [_thread_in_native, id=6012, stack(0x000000defbd00000,0x000000defbe00000)]
  0x000002658fa8c0d0 JavaThread "Sweeper thread" daemon [_thread_blocked, id=10180, stack(0x000000defbe00000,0x000000defbf00000)]
  0x000002658fbc2c00 JavaThread "Notification Thread" daemon [_thread_blocked, id=5768, stack(0x000000defbf00000,0x000000defc000000)]
  0x000002658fbcd530 JavaThread "Common-Cleaner" daemon [_thread_blocked, id=6008, stack(0x000000defc100000,0x000000defc200000)]
  0x000002658fe798b0 JavaThread "C2 CompilerThread1" daemon [_thread_blocked, id=8344, stack(0x000000defc200000,0x000000defc300000)]
  0x00000265d502bc20 JavaThread "surefire-forkedjvm-stream-flusher" daemon [_thread_blocked, id=5668, stack(0x000000defc300000,0x000000defc400000)]
  0x000002658fc52cc0 JavaThread "surefire-forkedjvm-command-thread" daemon [_thread_in_native, id=10176, stack(0x000000defc400000,0x000000defc500000)]

Other Threads:
  0x000002658f9569b0 VMThread "VM Thread" [stack: 0x000000defb500000,0x000000defb600000] [id=6276]
  0x00000265eccf1530 WatcherThread [stack: 0x000000defc000000,0x000000defc100000] [id=5844]
  0x00000265ecc865a0 GCTaskThread "GC Thread#0" [stack: 0x000000defb000000,0x000000defb100000] [id=8324]
  0x00000265d5835510 GCTaskThread "GC Thread#1" [stack: 0x000000defc500000,0x000000defc600000] [id=6212]
  0x00000265d58298a0 GCTaskThread "GC Thread#2" [stack: 0x000000defc600000,0x000000defc700000] [id=6132]
  0x00000265d55624e0 GCTaskThread "GC Thread#3" [stack: 0x000000defc700000,0x000000defc800000] [id=9108]
  0x00000265d55647b0 GCTaskThread "GC Thread#4" [stack: 0x000000defc800000,0x000000defc900000] [id=7616]
  0x00000265d5409050 GCTaskThread "GC Thread#5" [stack: 0x000000defc900000,0x000000defca00000] [id=6960]
  0x00000265ecc97a10 ConcurrentGCThread "G1 Main Marker" [stack: 0x000000defb100000,0x000000defb200000] [id=6052]
  0x00000265ecc98330 ConcurrentGCThread "G1 Conc#0" [stack: 0x000000defb200000,0x000000defb300000] [id=6752]
  0x00000265eccfe910 ConcurrentGCThread "G1 Refine#0" [stack: 0x000000defb300000,0x000000defb400000] [id=6048]
  0x000002658f815590 ConcurrentGCThread "G1 Service" [stack: 0x000000defb400000,0x000000defb500000] [id=5716]

Threads with active compile tasks:
C1 CompilerThread0      380  892       3       java.util.ImmutableCollections$Set12::<init> (53 bytes)

VM state: not at safepoint (normal execution)

VM Mutex/Monitor currently owned by a thread: None

Heap address: 0x000000070a000000, size: 3936 MB, Compressed Oops mode: Zero based, Oop shift amount: 3

CDS archive(s) mapped at: [0x0000026590000000-0x0000026590bd0000-0x0000026590bd0000), size 12386304, SharedBaseAddress: 0x0000026590000000, ArchiveRelocationMode: 1.
Compressed class space mapped at: 0x0000026591000000-0x00000265d1000000, reserved size: 1073741824
Narrow klass base: 0x0000026590000000, Narrow klass shift: 0, Narrow klass range: 0x100000000

GC Precious Log:
 CPUs: 12 total, 12 available
 Memory: 15740M
 Large Page Support: Disabled
 NUMA Support: Disabled
 Compressed Oops: Enabled (Zero based)
 Heap Region Size: 2M
 Heap Min Capacity: 8M
 Heap Initial Capacity: 246M
 Heap Max Capacity: 3936M
 Pre-touch: Disabled
 Parallel Workers: 10
 Concurrent Workers: 3
 Concurrent Refinement Workers: 10
 Periodic GC: Disabled

Heap:
 garbage-first heap   total 251904K, used 12658K [0x000000070a000000, 0x0000000800000000)
  region size 2048K, 4 young (8192K), 2 survivors (4096K)
 Metaspace       used 3728K, committed 3840K, reserved 1114112K
  class space    used 424K, committed 448K, reserved 1048576K

Heap Regions: E=young(eden), S=young(survivor), O=old, HS=humongous(starts), HC=humongous(continues), CS=collection set, F=free, OA=open archive, CA=closed archive, TAMS=top-at-mark-start (previous, next)
|   0|0x000000070a000000, 0x000000070a200000, 0x000000070a200000|100%| O|  |TAMS 0x000000070a000000, 0x000000070a000000| Untracked 
|   1|0x000000070a200000, 0x000000070a400000, 0x000000070a400000|100%| O|  |TAMS 0x000000070a200000, 0x000000070a200000| Untracked 
|   2|0x000000070a400000, 0x000000070a600000, 0x000000070a600000|100%| O|  |TAMS 0x000000070a400000, 0x000000070a400000| Untracked 
|   3|0x000000070a600000, 0x000000070a65ca00, 0x000000070a800000| 18%| O|  |TAMS 0x000000070a600000, 0x000000070a600000| Untracked 
|   4|0x000000070a800000, 0x000000070a800000, 0x000000070aa00000|  0%| F|  |TAMS 0x000000070a800000, 0x000000070a800000| Untracked 
|   5|0x000000070aa00000, 0x000000070aa00000, 0x000000070ac00000|  0%| F|  |TAMS 0x000000070aa00000, 0x000000070aa00000| Untracked 
|   6|0x000000070ac00000, 0x000000070ac00000, 0x000000070ae00000|  0%| F|  |TAMS 0x000000070ac00000, 0x000000070ac00000| Untracked 
|   7|0x000000070ae00000, 0x000000070ae00000, 0x000000070b000000|  0%| F|  |TAMS 0x000000070ae00000, 0x000000070ae00000| Untracked 
|   8|0x000000070b000000, 0x000000070b000000, 0x000000070b200000|  0%| F|  |TAMS 0x000000070b000000, 0x000000070b000000| Untracked 
|   9|0x000000070b200000, 0x000000070b200000, 0x000000070b400000|  0%| F|  |TAMS 0x000000070b200000, 0x000000070b200000| Untracked 
|  10|0x000000070b400000, 0x000000070b400000, 0x000000070b600000|  0%| F|  |TAMS 0x000000070b400000, 0x000000070b400000| Untracked 
|  11|0x000000070b600000, 0x000000070b600000, 0x000000070b800000|  0%| F|  |TAMS 0x000000070b600000, 0x000000070b600000| Untracked 
|  12|0x000000070b800000, 0x000000070b800000, 0x000000070ba00000|  0%| F|  |TAMS 0x000000070b800000, 0x000000070b800000| Untracked 
|  13|0x000000070ba00000, 0x000000070ba00000, 0x000000070bc00000|  0%| F|  |TAMS 0x000000070ba00000, 0x000000070ba00000| Untracked 
|  14|0x000000070bc00000, 0x000000070bc00000, 0x000000070be00000|  0%| F|  |TAMS 0x000000070bc00000, 0x000000070bc00000| Untracked 
|  15|0x000000070be00000, 0x000000070be00000, 0x000000070c000000|  0%| F|  |TAMS 0x000000070be00000, 0x000000070be00000| Untracked 
|  16|0x000000070c000000, 0x000000070c000000, 0x000000070c200000|  0%| F|  |TAMS 0x000000070c000000, 0x000000070c000000| Untracked 
|  17|0x000000070c200000, 0x000000070c200000, 0x000000070c400000|  0%| F|  |TAMS 0x000000070c200000, 0x000000070c200000| Untracked 
|  18|0x000000070c400000, 0x000000070c400000, 0x000000070c600000|  0%| F|  |TAMS 0x000000070c400000, 0x000000070c400000| Untracked 
|  19|0x000000070c600000, 0x000000070c600000, 0x000000070c800000|  0%| F|  |TAMS 0x000000070c600000, 0x000000070c600000| Untracked 
|  20|0x000000070c800000, 0x000000070c800000, 0x000000070ca00000|  0%| F|  |TAMS 0x000000070c800000, 0x000000070c800000| Untracked 
|  21|0x000000070ca00000, 0x000000070ca00000, 0x000000070cc00000|  0%| F|  |TAMS 0x000000070ca00000, 0x000000070ca00000| Untracked 
|  22|0x000000070cc00000, 0x000000070cc00000, 0x000000070ce00000|  0%| F|  |TAMS 0x000000070cc00000, 0x000000070cc00000| Untracked 
|  23|0x000000070ce00000, 0x000000070ce00000, 0x000000070d000000|  0%| F|  |TAMS 0x000000070ce00000, 0x000000070ce00000| Untracked 
|  24|0x000000070d000000, 0x000000070d000000, 0x000000070d200000|  0%| F|  |TAMS 0x000000070d000000, 0x000000070d000000| Untracked 
|  25|0x000000070d200000, 0x000000070d200000, 0x000000070d400000|  0%| F|  |TAMS 0x000000070d200000, 0x000000070d200000| Untracked 
|  26|0x000000070d400000, 0x000000070d400000, 0x000000070d600000|  0%| F|  |TAMS 0x000000070d400000, 0x000000070d400000| Untracked 
|  27|0x000000070d600000, 0x000000070d600000, 0x000000070d800000|  0%| F|  |TAMS 0x000000070d600000, 0x000000070d600000| Untracked 
|  28|0x000000070d800000, 0x000000070d800000, 0x000000070da00000|  0%| F|  |TAMS 0x000000070d800000, 0x000000070d800000| Untracked 
|  29|0x000000070da00000, 0x000000070da00000, 0x000000070dc00000|  0%| F|  |TAMS 0x000000070da00000, 0x000000070da00000| Untracked 
|  30|0x000000070dc00000, 0x000000070dc00000, 0x000000070de00000|  0%| F|  |TAMS 0x000000070dc00000, 0x000000070dc00000| Untracked 
|  31|0x000000070de00000, 0x000000070de00000, 0x000000070e000000|  0%| F|  |TAMS 0x000000070de00000, 0x000000070de00000| Untracked 
|  32|0x000000070e000000, 0x000000070e000000, 0x000000070e200000|  0%| F|  |TAMS 0x000000070e000000, 0x000000070e000000| Untracked 
|  33|0x000000070e200000, 0x000000070e200000, 0x000000070e400000|  0%| F|  |TAMS 0x000000070e200000, 0x000000070e200000| Untracked 
|  34|0x000000070e400000, 0x000000070e400000, 0x000000070e600000|  0%| F|  |TAMS 0x000000070e400000, 0x000000070e400000| Untracked 
|  35|0x000000070e600000, 0x000000070e600000, 0x000000070e800000|  0%| F|  |TAMS 0x000000070e600000, 0x000000070e600000| Untracked 
|  36|0x000000070e800000, 0x000000070e800000, 0x000000070ea00000|  0%| F|  |TAMS 0x000000070e800000, 0x000000070e800000| Untracked 
|  37|0x000000070ea00000, 0x000000070ea00000, 0x000000070ec00000|  0%| F|  |TAMS 0x000000070ea00000, 0x000000070ea00000| Untracked 
|  38|0x000000070ec00000, 0x000000070ec00000, 0x000000070ee00000|  0%| F|  |TAMS 0x000000070ec00000, 0x000000070ec00000| Untracked 
|  39|0x000000070ee00000, 0x000000070ee00000, 0x000000070f000000|  0%| F|  |TAMS 0x000000070ee00000, 0x000000070ee00000| Untracked 
|  40|0x000000070f000000, 0x000000070f000000, 0x000000070f200000|  0%| F|  |TAMS 0x000000070f000000, 0x000000070f000000| Untracked 
|  41|0x000000070f200000, 0x000000070f200000, 0x000000070f400000|  0%| F|  |TAMS 0x000000070f200000, 0x000000070f200000| Untracked 
|  42|0x000000070f400000, 0x000000070f400000, 0x000000070f600000|  0%| F|  |TAMS 0x000000070f400000, 0x000000070f400000| Untracked 
|  43|0x000000070f600000, 0x000000070f600000, 0x000000070f800000|  0%| F|  |TAMS 0x000000070f600000, 0x000000070f600000| Untracked 
|  44|0x000000070f800000, 0x000000070f800000, 0x000000070fa00000|  0%| F|  |TAMS 0x000000070f800000, 0x000000070f800000| Untracked 
|  45|0x000000070fa00000, 0x000000070fa00000, 0x000000070fc00000|  0%| F|  |TAMS 0x000000070fa00000, 0x000000070fa00000| Untracked 
|  46|0x000000070fc00000, 0x000000070fc00000, 0x000000070fe00000|  0%| F|  |TAMS 0x000000070fc00000, 0x000000070fc00000| Untracked 
|  47|0x000000070fe00000, 0x000000070fe00000, 0x0000000710000000|  0%| F|  |TAMS 0x000000070fe00000, 0x000000070fe00000| Untracked 
|  48|0x0000000710000000, 0x0000000710000000, 0x0000000710200000|  0%| F|  |TAMS 0x0000000710000000, 0x0000000710000000| Untracked 
|  49|0x0000000710200000, 0x0000000710200000, 0x0000000710400000|  0%| F|  |TAMS 0x0000000710200000, 0x0000000710200000| Untracked 
|  50|0x0000000710400000, 0x0000000710400000, 0x0000000710600000|  0%| F|  |TAMS 0x0000000710400000, 0x0000000710400000| Untracked 
|  51|0x0000000710600000, 0x0000000710600000, 0x0000000710800000|  0%| F|  |TAMS 0x0000000710600000, 0x0000000710600000| Untracked 
|  52|0x0000000710800000, 0x0000000710800000, 0x0000000710a00000|  0%| F|  |TAMS 0x0000000710800000, 0x0000000710800000| Untracked 
|  53|0x0000000710a00000, 0x0000000710a00000, 0x0000000710c00000|  0%| F|  |TAMS 0x0000000710a00000, 0x0000000710a00000| Untracked 
|  54|0x0000000710c00000, 0x0000000710c00000, 0x0000000710e00000|  0%| F|  |TAMS 0x0000000710c00000, 0x0000000710c00000| Untracked 
|  55|0x0000000710e00000, 0x0000000710e00000, 0x0000000711000000|  0%| F|  |TAMS 0x0000000710e00000, 0x0000000710e00000| Untracked 
|  56|0x0000000711000000, 0x0000000711000000, 0x0000000711200000|  0%| F|  |TAMS 0x0000000711000000, 0x0000000711000000| Untracked 
|  57|0x0000000711200000, 0x0000000711200000, 0x0000000711400000|  0%| F|  |TAMS 0x0000000711200000, 0x0000000711200000| Untracked 
|  58|0x0000000711400000, 0x0000000711400000, 0x0000000711600000|  0%| F|  |TAMS 0x0000000711400000, 0x0000000711400000| Untracked 
|  59|0x0000000711600000, 0x0000000711600000, 0x0000000711800000|  0%| F|  |TAMS 0x0000000711600000, 0x0000000711600000| Untracked 
|  60|0x0000000711800000, 0x0000000711800000, 0x0000000711a00000|  0%| F|  |TAMS 0x0000000711800000, 0x0000000711800000| Untracked 
|  61|0x0000000711a00000, 0x0000000711a00000, 0x0000000711c00000|  0%| F|  |TAMS 0x0000000711a00000, 0x0000000711a00000| Untracked 
|  62|0x0000000711c00000, 0x0000000711c00000, 0x0000000711e00000|  0%| F|  |TAMS 0x0000000711c00000, 0x0000000711c00000| Untracked 
|  63|0x0000000711e00000, 0x0000000711e00000, 0x0000000712000000|  0%| F|  |TAMS 0x0000000711e00000, 0x0000000711e00000| Untracked 
|  64|0x0000000712000000, 0x0000000712000000, 0x0000000712200000|  0%| F|  |TAMS 0x0000000712000000, 0x0000000712000000| Untracked 
|  65|0x0000000712200000, 0x0000000712200000, 0x0000000712400000|  0%| F|  |TAMS 0x0000000712200000, 0x0000000712200000| Untracked 
|  66|0x0000000712400000, 0x0000000712400000, 0x0000000712600000|  0%| F|  |TAMS 0x0000000712400000, 0x0000000712400000| Untracked 
|  67|0x0000000712600000, 0x0000000712600000, 0x0000000712800000|  0%| F|  |TAMS 0x0000000712600000, 0x0000000712600000| Untracked 
|  68|0x0000000712800000, 0x0000000712800000, 0x0000000712a00000|  0%| F|  |TAMS 0x0000000712800000, 0x0000000712800000| Untracked 
|  69|0x0000000712a00000, 0x0000000712a00000, 0x0000000712c00000|  0%| F|  |TAMS 0x0000000712a00000, 0x0000000712a00000| Untracked 
|  70|0x0000000712c00000, 0x0000000712c00000, 0x0000000712e00000|  0%| F|  |TAMS 0x0000000712c00000, 0x0000000712c00000| Untracked 
|  71|0x0000000712e00000, 0x0000000712e00000, 0x0000000713000000|  0%| F|  |TAMS 0x0000000712e00000, 0x0000000712e00000| Untracked 
|  72|0x0000000713000000, 0x0000000713000000, 0x0000000713200000|  0%| F|  |TAMS 0x0000000713000000, 0x0000000713000000| Untracked 
|  73|0x0000000713200000, 0x0000000713200000, 0x0000000713400000|  0%| F|  |TAMS 0x0000000713200000, 0x0000000713200000| Untracked 
|  74|0x0000000713400000, 0x0000000713400000, 0x0000000713600000|  0%| F|  |TAMS 0x0000000713400000, 0x0000000713400000| Untracked 
|  75|0x0000000713600000, 0x0000000713600000, 0x0000000713800000|  0%| F|  |TAMS 0x0000000713600000, 0x0000000713600000| Untracked 
|  76|0x0000000713800000, 0x0000000713800000, 0x0000000713a00000|  0%| F|  |TAMS 0x0000000713800000, 0x0000000713800000| Untracked 
|  77|0x0000000713a00000, 0x0000000713a00000, 0x0000000713c00000|  0%| F|  |TAMS 0x0000000713a00000, 0x0000000713a00000| Untracked 
|  78|0x0000000713c00000, 0x0000000713c00000, 0x0000000713e00000|  0%| F|  |TAMS 0x0000000713c00000, 0x0000000713c00000| Untracked 
|  79|0x0000000713e00000, 0x0000000713e00000, 0x0000000714000000|  0%| F|  |TAMS 0x0000000713e00000, 0x0000000713e00000| Untracked 
|  80|0x0000000714000000, 0x0000000714000000, 0x0000000714200000|  0%| F|  |TAMS 0x0000000714000000, 0x0000000714000000| Untracked 
|  81|0x0000000714200000, 0x0000000714200000, 0x0000000714400000|  0%| F|  |TAMS 0x0000000714200000, 0x0000000714200000| Untracked 
|  82|0x0000000714400000, 0x0000000714400000, 0x0000000714600000|  0%| F|  |TAMS 0x0000000714400000, 0x0000000714400000| Untracked 
|  83|0x0000000714600000, 0x0000000714600000, 0x0000000714800000|  0%| F|  |TAMS 0x0000000714600000, 0x0000000714600000| Untracked 
|  84|0x0000000714800000, 0x0000000714800000, 0x0000000714a00000|  0%| F|  |TAMS 0x0000000714800000, 0x0000000714800000| Untracked 
|  85|0x0000000714a00000, 0x0000000714a00000, 0x0000000714c00000|  0%| F|  |TAMS 0x0000000714a00000, 0x0000000714a00000| Untracked 
|  86|0x0000000714c00000, 0x0000000714c00000, 0x0000000714e00000|  0%| F|  |TAMS 0x0000000714c00000, 0x0000000714c00000| Untracked 
|  87|0x0000000714e00000, 0x0000000714e00000, 0x0000000715000000|  0%| F|  |TAMS 0x0000000714e00000, 0x0000000714e00000| Untracked 
|  88|0x0000000715000000, 0x0000000715000000, 0x0000000715200000|  0%| F|  |TAMS 0x0000000715000000, 0x0000000715000000| Untracked 
|  89|0x0000000715200000, 0x0000000715200000, 0x0000000715400000|  0%| F|  |TAMS 0x0000000715200000, 0x0000000715200000| Untracked 
|  90|0x0000000715400000, 0x0000000715400000, 0x0000000715600000|  0%| F|  |TAMS 0x0000000715400000, 0x0000000715400000| Untracked 
|  91|0x0000000715600000, 0x0000000715600000, 0x0000000715800000|  0%| F|  |TAMS 0x0000000715600000, 0x0000000715600000| Untracked 
|  92|0x0000000715800000, 0x0000000715800000, 0x0000000715a00000|  0%| F|  |TAMS 0x0000000715800000, 0x0000000715800000| Untracked 
|  93|0x0000000715a00000, 0x0000000715a00000, 0x0000000715c00000|  0%| F|  |TAMS 0x0000000715a00000, 0x0000000715a00000| Untracked 
|  94|0x0000000715c00000, 0x0000000715c00000, 0x0000000715e00000|  0%| F|  |TAMS 0x0000000715c00000, 0x0000000715c00000| Untracked 
|  95|0x0000000715e00000, 0x0000000715e00000, 0x0000000716000000|  0%| F|  |TAMS 0x0000000715e00000, 0x0000000715e00000| Untracked 
|  96|0x0000000716000000, 0x0000000716000000, 0x0000000716200000|  0%| F|  |TAMS 0x0000000716000000, 0x0000000716000000| Untracked 
|  97|0x0000000716200000, 0x0000000716200000, 0x0000000716400000|  0%| F|  |TAMS 0x0000000716200000, 0x0000000716200000| Untracked 
|  98|0x0000000716400000, 0x0000000716400000, 0x0000000716600000|  0%| F|  |TAMS 0x0000000716400000, 0x0000000716400000| Untracked 
|  99|0x0000000716600000, 0x0000000716600000, 0x0000000716800000|  0%| F|  |TAMS 0x0000000716600000, 0x0000000716600000| Untracked 
| 100|0x0000000716800000, 0x0000000716800000, 0x0000000716a00000|  0%| F|  |TAMS 0x0000000716800000, 0x0000000716800000| Untracked 
| 101|0x0000000716a00000, 0x0000000716a00000, 0x0000000716c00000|  0%| F|  |TAMS 0x0000000716a00000, 0x0000000716a00000| Untracked 
| 102|0x0000000716c00000, 0x0000000716c00000, 0x0000000716e00000|  0%| F|  |TAMS 0x0000000716c00000, 0x0000000716c00000| Untracked 
| 103|0x0000000716e00000, 0x0000000716e00000, 0x0000000717000000|  0%| F|  |TAMS 0x0000000716e00000, 0x0000000716e00000| Untracked 
| 104|0x0000000717000000, 0x0000000717000000, 0x0000000717200000|  0%| F|  |TAMS 0x0000000717000000, 0x0000000717000000| Untracked 
| 105|0x0000000717200000, 0x0000000717200000, 0x0000000717400000|  0%| F|  |TAMS 0x0000000717200000, 0x0000000717200000| Untracked 
| 106|0x0000000717400000, 0x0000000717400000, 0x0000000717600000|  0%| F|  |TAMS 0x0000000717400000, 0x0000000717400000| Untracked 
| 107|0x0000000717600000, 0x0000000717600000, 0x0000000717800000|  0%| F|  |TAMS 0x0000000717600000, 0x0000000717600000| Untracked 
| 108|0x0000000717800000, 0x0000000717800000, 0x0000000717a00000|  0%| F|  |TAMS 0x0000000717800000, 0x0000000717800000| Untracked 
| 109|0x0000000717a00000, 0x0000000717a00000, 0x0000000717c00000|  0%| F|  |TAMS 0x0000000717a00000, 0x0000000717a00000| Untracked 
| 110|0x0000000717c00000, 0x0000000717e00000, 0x0000000717e00000|100%| S|CS|TAMS 0x0000000717c00000, 0x0000000717c00000| Complete 
| 111|0x0000000717e00000, 0x0000000718000000, 0x0000000718000000|100%| S|CS|TAMS 0x0000000717e00000, 0x0000000717e00000| Complete 
| 112|0x0000000718000000, 0x0000000718000000, 0x0000000718200000|  0%| F|  |TAMS 0x0000000718000000, 0x0000000718000000| Untracked 
| 113|0x0000000718200000, 0x0000000718200000, 0x0000000718400000|  0%| F|  |TAMS 0x0000000718200000, 0x0000000718200000| Untracked 
| 114|0x0000000718400000, 0x0000000718400000, 0x0000000718600000|  0%| F|  |TAMS 0x0000000718400000, 0x0000000718400000| Untracked 
| 115|0x0000000718600000, 0x0000000718600000, 0x0000000718800000|  0%| F|  |TAMS 0x0000000718600000, 0x0000000718600000| Untracked 
| 116|0x0000000718800000, 0x0000000718800000, 0x0000000718a00000|  0%| F|  |TAMS 0x0000000718800000, 0x0000000718800000| Untracked 
| 117|0x0000000718a00000, 0x0000000718a00000, 0x0000000718c00000|  0%| F|  |TAMS 0x0000000718a00000, 0x0000000718a00000| Untracked 
| 118|0x0000000718c00000, 0x0000000718c00000, 0x0000000718e00000|  0%| F|  |TAMS 0x0000000718c00000, 0x0000000718c00000| Untracked 
| 119|0x0000000718e00000, 0x0000000718e00000, 0x0000000719000000|  0%| F|  |TAMS 0x0000000718e00000, 0x0000000718e00000| Untracked 
| 120|0x0000000719000000, 0x0000000719000000, 0x0000000719200000|  0%| F|  |TAMS 0x0000000719000000, 0x0000000719000000| Untracked 
| 121|0x0000000719200000, 0x00000007192f11d0, 0x0000000719400000| 47%| E|  |TAMS 0x0000000719200000, 0x0000000719200000| Complete 
| 122|0x0000000719400000, 0x0000000719600000, 0x0000000719600000|100%| E|CS|TAMS 0x0000000719400000, 0x0000000719400000| Complete 

Card table byte_map: [0x00000265f51d0000,0x00000265f5980000] _byte_map_base: 0x00000265f1980000

Marking Bits (Prev, Next): (CMBitMap*) 0x00000265ecc87ae0, (CMBitMap*) 0x00000265ecc87b20
 Prev Bits: [0x00000265f6130000, 0x00000265f9eb0000)
 Next Bits: [0x00000265f9eb0000, 0x00000265fdc30000)

Polling page: 0x00000265ea8d0000

Metaspace:

Usage:
  Non-class:      3.24 MB used.
      Class:    427.00 KB used.
       Both:      3.66 MB used.

Virtual space:
  Non-class space:       64.00 MB reserved,       3.31 MB (  5%) committed,  1 nodes.
      Class space:        1.00 GB reserved,     448.00 KB ( <1%) committed,  1 nodes.
             Both:        1.06 GB reserved,       3.75 MB ( <1%) committed. 

Chunk freelists:
   Non-Class:  10.52 MB
       Class:  15.50 MB
        Both:  26.02 MB

MaxMetaspaceSize: unlimited
CompressedClassSpaceSize: 1.00 GB
Initial GC threshold: 21.00 MB
Current GC threshold: 21.00 MB
CDS: on
MetaspaceReclaimPolicy: balanced
 - commit_granule_bytes: 65536.
 - commit_granule_words: 8192.
 - virtual_space_node_default_size: 8388608.
 - enlarge_chunks_in_place: 1.
 - new_chunks_are_fully_committed: 0.
 - uncommit_free_chunks: 1.
 - use_allocation_guard: 0.
 - handle_deallocations: 1.


Internal statistics:

num_allocs_failed_limit: 0.
num_arena_births: 36.
num_arena_deaths: 0.
num_vsnodes_births: 2.
num_vsnodes_deaths: 0.
num_space_committed: 60.
num_space_uncommitted: 0.
num_chunks_returned_to_freelist: 0.
num_chunks_taken_from_freelist: 133.
num_chunk_merges: 0.
num_chunk_splits: 76.
num_chunks_enlarged: 55.
num_inconsistent_stats: 0.

CodeHeap 'non-profiled nmethods': size=120000Kb used=358Kb max_used=358Kb free=119642Kb
 bounds [0x0000026587ad0000, 0x0000026587d40000, 0x000002658f000000]
CodeHeap 'profiled nmethods': size=120000Kb used=1703Kb max_used=1703Kb free=118296Kb
 bounds [0x0000026580000000, 0x0000026580270000, 0x0000026587530000]
CodeHeap 'non-nmethods': size=5760Kb used=1141Kb max_used=1176Kb free=4618Kb
 bounds [0x0000026587530000, 0x00000265877a0000, 0x0000026587ad0000]
 total_blobs=1329 nmethods=901 adapters=341
 compilation: enabled
              stopped_count=0, restarted_count=0
 full_count=0

Compilation events (20 events):
Event: 0.343 Thread 0x000002658fa897b0 nmethod 882 0x000002658019d010 code [0x000002658019df40, 0x00000265801a4af8]
Event: 0.343 Thread 0x000002658fa897b0  883       3       jdk.internal.org.objectweb.asm.MethodWriter::visitMethodInsn (191 bytes)
Event: 0.344 Thread 0x000002658fa897b0 nmethod 883 0x00000265801a6710 code [0x00000265801a6940, 0x00000265801a7108]
Event: 0.344 Thread 0x000002658fa897b0  884       1       java.lang.invoke.DirectMethodHandle::isCrackable (5 bytes)
Event: 0.344 Thread 0x000002658fa897b0 nmethod 884 0x0000026587b1ed90 code [0x0000026587b1ef20, 0x0000026587b1eff8]
Event: 0.344 Thread 0x000002658fa897b0  885       3       java.lang.invoke.MethodHandles$Lookup::checkSymbolicClass (25 bytes)
Event: 0.345 Thread 0x000002658fa897b0 nmethod 885 0x00000265801a7410 code [0x00000265801a75e0, 0x00000265801a7848]
Event: 0.345 Thread 0x000002658fa897b0  886       3       jdk.internal.org.objectweb.asm.Label::resolve (219 bytes)
Event: 0.346 Thread 0x000002658fa897b0 nmethod 886 0x00000265801a7990 code [0x00000265801a7b60, 0x00000265801a8098]
Event: 0.346 Thread 0x000002658fa897b0  887       3       jdk.internal.org.objectweb.asm.ByteVector::putByteArray (49 bytes)
Event: 0.346 Thread 0x000002658fa897b0 nmethod 887 0x00000265801a8390 code [0x00000265801a8540, 0x00000265801a8818]
Event: 0.346 Thread 0x000002658fa897b0  888       1       java.lang.module.ModuleDescriptor::packages (5 bytes)
Event: 0.346 Thread 0x000002658fa897b0 nmethod 888 0x0000026587b1f090 code [0x0000026587b1f220, 0x0000026587b1f2f8]
Event: 0.346 Thread 0x000002658fa897b0  889       3       java.lang.invoke.TypeConvertingMethodAdapter::cast (42 bytes)
Event: 0.347 Thread 0x000002658fa897b0 nmethod 889 0x00000265801a8910 code [0x00000265801a8b00, 0x00000265801a8f88]
Event: 0.347 Thread 0x000002658fa897b0  890       3       jdk.internal.org.objectweb.asm.MethodWriter::visitInsn (115 bytes)
Event: 0.347 Thread 0x000002658fa897b0 nmethod 890 0x00000265801a9110 code [0x00000265801a92e0, 0x00000265801a9708]
Event: 0.348 Thread 0x000002658fa897b0  891       3       java.util.Arrays::hashCode (56 bytes)
Event: 0.348 Thread 0x000002658fa897b0 nmethod 891 0x00000265801a9890 code [0x00000265801a9a40, 0x00000265801a9da8]
Event: 0.348 Thread 0x000002658fa897b0  892       3       java.util.ImmutableCollections$Set12::<init> (53 bytes)

GC Heap History (2 events):
Event: 0.317 GC heap before
{Heap before GC invocations=0 (full 0):
 garbage-first heap   total 251904K, used 20480K [0x000000070a000000, 0x0000000800000000)
  region size 2048K, 11 young (22528K), 0 survivors (0K)
 Metaspace       used 2983K, committed 3200K, reserved 1114112K
  class space    used 324K, committed 448K, reserved 1048576K
}
Event: 0.321 GC heap after
{Heap after GC invocations=1 (full 0):
 garbage-first heap   total 251904K, used 10610K [0x000000070a000000, 0x0000000800000000)
  region size 2048K, 2 young (4096K), 2 survivors (4096K)
 Metaspace       used 2983K, committed 3200K, reserved 1114112K
  class space    used 324K, committed 448K, reserved 1048576K
}

Deoptimization events (20 events):
Event: 0.120 Thread 0x00000265ecc1c590 DEOPT PACKING pc=0x000002658005da54 sp=0x000000defaffe5a0
Event: 0.120 Thread 0x00000265ecc1c590 DEOPT UNPACKING pc=0x0000026587582b43 sp=0x000000defaffda50 mode 0
Event: 0.139 Thread 0x00000265ecc1c590 DEOPT PACKING pc=0x0000026580072734 sp=0x000000defaffe820
Event: 0.139 Thread 0x00000265ecc1c590 DEOPT UNPACKING pc=0x0000026587582b43 sp=0x000000defaffdc90 mode 0
Event: 0.147 Thread 0x00000265ecc1c590 DEOPT PACKING pc=0x0000026580055902 sp=0x000000defaffe470
Event: 0.147 Thread 0x00000265ecc1c590 DEOPT UNPACKING pc=0x0000026587582b43 sp=0x000000defaffd930 mode 0
Event: 0.197 Thread 0x00000265ecc1c590 Uncommon trap: trap_request=0xffffff45 fr.pc=0x0000026587ad8b64 relative=0x00000000000003c4
Event: 0.197 Thread 0x00000265ecc1c590 Uncommon trap: reason=unstable_if action=reinterpret pc=0x0000026587ad8b64 method=java.lang.StringLatin1.canEncode(I)Z @ 4 c2
Event: 0.197 Thread 0x00000265ecc1c590 DEOPT PACKING pc=0x0000026587ad8b64 sp=0x000000defaffea40
Event: 0.197 Thread 0x00000265ecc1c590 DEOPT UNPACKING pc=0x00000265875823a3 sp=0x000000defaffe968 mode 2
Event: 0.197 Thread 0x00000265ecc1c590 Uncommon trap: trap_request=0xffffff45 fr.pc=0x0000026587ad984c relative=0x00000000000003ac
Event: 0.197 Thread 0x00000265ecc1c590 Uncommon trap: reason=unstable_if action=reinterpret pc=0x0000026587ad984c method=java.lang.AbstractStringBuilder.isLatin1()Z @ 10 c2
Event: 0.197 Thread 0x00000265ecc1c590 DEOPT PACKING pc=0x0000026587ad984c sp=0x000000defaffe9d0
Event: 0.197 Thread 0x00000265ecc1c590 DEOPT UNPACKING pc=0x00000265875823a3 sp=0x000000defaffe960 mode 2
Event: 0.230 Thread 0x00000265ecc1c590 DEOPT PACKING pc=0x0000026580027f7f sp=0x000000defaffe5f0
Event: 0.230 Thread 0x00000265ecc1c590 DEOPT UNPACKING pc=0x0000026587582b43 sp=0x000000defaffdab0 mode 0
Event: 0.270 Thread 0x00000265ecc1c590 Uncommon trap: trap_request=0xffffffde fr.pc=0x0000026587b06128 relative=0x0000000000000268
Event: 0.270 Thread 0x00000265ecc1c590 Uncommon trap: reason=class_check action=maybe_recompile pc=0x0000026587b06128 method=java.util.HashMap.getNode(Ljava/lang/Object;)Ljava/util/HashMap$Node; @ 128 c2
Event: 0.270 Thread 0x00000265ecc1c590 DEOPT PACKING pc=0x0000026587b06128 sp=0x000000defaffd8b0
Event: 0.270 Thread 0x00000265ecc1c590 DEOPT UNPACKING pc=0x00000265875823a3 sp=0x000000defaffd818 mode 2

Classes unloaded (0 events):
No events

Classes redefined (0 events):
No events

Internal exceptions (11 events):
Event: 0.066 Thread 0x00000265ecc1c590 Exception <a 'java/lang/NoSuchMethodError'{0x0000000719354bc8}: 'java.lang.Object java.lang.invoke.DirectMethodHandle$Holder.invokeStaticInit(java.lang.Object)'> (0x0000000719354bc8) 
thrown [s\open\src\hotspot\share\interpreter\linkResolver.cpp, line 759]
Event: 0.077 Thread 0x00000265ecc1c590 Exception <a 'java/lang/NoSuchMethodError'{0x000000071938ac08}: 'int java.lang.invoke.DirectMethodHandle$Holder.invokeSpecial(java.lang.Object, java.lang.Object, java.lang.Object)'> (0x000000071938ac08) 
thrown [s\open\src\hotspot\share\interpreter\linkResolver.cpp, line 759]
Event: 0.226 Thread 0x00000265ecc1c590 Exception <a 'java/lang/NoSuchMethodError'{0x00000007182ac370}: 'void java.lang.invoke.DirectMethodHandle$Holder.invokeStatic(java.lang.Object, java.lang.Object, java.lang.Object)'> (0x00000007182ac370) 
thrown [s\open\src\hotspot\share\interpreter\linkResolver.cpp, line 759]
Event: 0.227 Thread 0x00000265ecc1c590 Exception <a 'java/lang/NoSuchMethodError'{0x00000007182b4dd8}: 'void java.lang.invoke.DirectMethodHandle$Holder.invokeSpecial(java.lang.Object, java.lang.Object, java.lang.Object)'> (0x00000007182b4dd8) 
thrown [s\open\src\hotspot\share\interpreter\linkResolver.cpp, line 759]
Event: 0.248 Thread 0x00000265ecc1c590 Exception <a 'java/lang/NoSuchMethodError'{0x000000071839c788}: 'java.lang.Object java.lang.invoke.DirectMethodHandle$Holder.invokeVirtual(java.lang.Object, java.lang.Object, java.lang.Object)'> (0x000000071839c788) 
thrown [s\open\src\hotspot\share\interpreter\linkResolver.cpp, line 759]
Event: 0.278 Thread 0x00000265ecc1c590 Exception <a 'java/lang/NoSuchMethodError'{0x00000007180c2d98}: 'int java.lang.invoke.DirectMethodHandle$Holder.invokeVirtual(java.lang.Object, java.lang.Object)'> (0x00000007180c2d98) 
thrown [s\open\src\hotspot\share\interpreter\linkResolver.cpp, line 759]
Event: 0.283 Thread 0x00000265ecc1c590 Exception <a 'java/lang/NoSuchMethodError'{0x00000007180e2ca0}: 'java.lang.Object java.lang.invoke.DirectMethodHandle$Holder.invokeStaticInit(java.lang.Object, int)'> (0x00000007180e2ca0) 
thrown [s\open\src\hotspot\share\interpreter\linkResolver.cpp, line 759]
Event: 0.324 Thread 0x00000265ecc1c590 Exception <a 'java/lang/NoSuchMethodError'{0x000000071941ec00}: 'void java.lang.invoke.DirectMethodHandle$Holder.invokeInterface(java.lang.Object, java.lang.Object)'> (0x000000071941ec00) 
thrown [s\open\src\hotspot\share\interpreter\linkResolver.cpp, line 759]
Event: 0.324 Thread 0x00000265ecc1c590 Exception <a 'java/lang/IncompatibleClassChangeError'{0x0000000719422390}: Found class java.lang.Object, but interface was expected> (0x0000000719422390) 
thrown [s\open\src\hotspot\share\interpreter\linkResolver.cpp, line 826]
Event: 0.334 Thread 0x00000265ecc1c590 Exception <a 'java/lang/NoSuchMethodError'{0x00000007194dcb10}: 'java.lang.Object java.lang.invoke.DirectMethodHandle$Holder.invokeStaticInit(java.lang.Object, java.lang.Object, java.lang.Object)'> (0x00000007194dcb10) 
thrown [s\open\src\hotspot\share\interpreter\linkResolver.cpp, line 759]
Event: 0.335 Thread 0x00000265ecc1c590 Exception <a 'java/lang/NoSuchMethodError'{0x00000007194e3d10}: 'void java.lang.invoke.DirectMethodHandle$Holder.invokeStaticInit(java.lang.Object, java.lang.Object, java.lang.Object)'> (0x00000007194e3d10) 
thrown [s\open\src\hotspot\share\interpreter\linkResolver.cpp, line 759]

VM Operations (8 events):
Event: 0.037 Executing VM operation: HandshakeAllThreads
Event: 0.037 Executing VM operation: HandshakeAllThreads done
Event: 0.160 Executing VM operation: HandshakeAllThreads
Event: 0.160 Executing VM operation: HandshakeAllThreads done
Event: 0.221 Executing VM operation: HandshakeAllThreads
Event: 0.221 Executing VM operation: HandshakeAllThreads done
Event: 0.317 Executing VM operation: G1CollectForAllocation
Event: 0.321 Executing VM operation: G1CollectForAllocation done

Events (20 events):
Event: 0.344 loading class jdk/internal/loader/AbstractClassLoaderValue$Sub
Event: 0.344 loading class jdk/internal/loader/AbstractClassLoaderValue$Sub done
Event: 0.345 loading class java/lang/reflect/Proxy$ProxyBuilder
Event: 0.345 loading class java/lang/reflect/Proxy$ProxyBuilder done
Event: 0.346 loading class java/lang/WeakPairMap$Pair$Weak
Event: 0.346 loading class java/lang/WeakPairMap$WeakRefPeer
Event: 0.346 loading class java/lang/WeakPairMap$WeakRefPeer done
Event: 0.346 loading class java/lang/WeakPairMap$Pair$Weak done
Event: 0.346 loading class java/lang/WeakPairMap$Pair$Weak$1
Event: 0.346 loading class java/lang/WeakPairMap$Pair$Weak$1 done
Event: 0.347 loading class java/lang/reflect/ProxyGenerator
Event: 0.347 loading class java/lang/reflect/ProxyGenerator done
Event: 0.347 loading class java/lang/reflect/ProxyGenerator$ProxyMethod
Event: 0.347 loading class java/lang/reflect/ProxyGenerator$ProxyMethod done
Event: 0.349 loading class java/lang/reflect/ProxyGenerator$PrimitiveTypeInfo
Event: 0.349 loading class java/lang/reflect/ProxyGenerator$PrimitiveTypeInfo done
Event: 0.349 loading class jdk/internal/org/objectweb/asm/Edge
Event: 0.349 loading class jdk/internal/org/objectweb/asm/Edge done
Event: 0.350 loading class java/lang/reflect/Proxy$ProxyBuilder$1
Event: 0.350 loading class java/lang/reflect/Proxy$ProxyBuilder$1 done


Dynamic libraries:
0x00007ff6f2830000 - 0x00007ff6f2840000 	C:\Program Files\Java\jdk-17\bin\java.exe
0x00007fffd8870000 - 0x00007fffd8a68000 	C:\Windows\SYSTEM32\ntdll.dll
0x00007fffd7930000 - 0x00007fffd79ed000 	C:\Windows\System32\KERNEL32.DLL
0x00007fffd6350000 - 0x00007fffd6646000 	C:\Windows\System32\KERNELBASE.dll
0x00007fffd5f50000 - 0x00007fffd6050000 	C:\Windows\System32\ucrtbase.dll
0x00007fffd2900000 - 0x00007fffd2919000 	C:\Program Files\Java\jdk-17\bin\jli.dll
0x00007fffa6e90000 - 0x00007fffa6eab000 	C:\Program Files\Java\jdk-17\bin\VCRUNTIME140.dll
0x00007fffd8290000 - 0x00007fffd833e000 	C:\Windows\System32\ADVAPI32.dll
0x00007fffd8790000 - 0x00007fffd882e000 	C:\Windows\System32\msvcrt.dll
0x00007fffd83a0000 - 0x00007fffd843c000 	C:\Windows\System32\sechost.dll
0x00007fffd77f0000 - 0x00007fffd7916000 	C:\Windows\System32\RPCRT4.dll
0x00007fffd7e90000 - 0x00007fffd802e000 	C:\Windows\System32\USER32.dll
0x00007fffd61a0000 - 0x00007fffd61c2000 	C:\Windows\System32\win32u.dll
0x00007fffd6b40000 - 0x00007fffd6b6c000 	C:\Windows\System32\GDI32.dll
0x00007fffd5330000 - 0x00007fffd55ca000 	C:\Windows\WinSxS\amd64_microsoft.windows.common-controls_6595b64144ccf1df_6.0.19041.3636_none_60b6a03d71f818d5\COMCTL32.dll
0x00007fffd67b0000 - 0x00007fffd68ca000 	C:\Windows\System32\gdi32full.dll
0x00007fffd6050000 - 0x00007fffd60ed000 	C:\Windows\System32\msvcp_win.dll
0x00007fffcf5b0000 - 0x00007fffcf5ba000 	C:\Windows\SYSTEM32\VERSION.dll
0x00007fffd68d0000 - 0x00007fffd6900000 	C:\Windows\System32\IMM32.DLL
0x00007fffb7ff0000 - 0x00007fffb7ffc000 	C:\Program Files\Java\jdk-17\bin\vcruntime140_1.dll
0x00007fff95b10000 - 0x00007fff95b9e000 	C:\Program Files\Java\jdk-17\bin\msvcp140.dll
0x00007fff7a870000 - 0x00007fff7b451000 	C:\Program Files\Java\jdk-17\bin\server\jvm.dll
0x00007fffd85f0000 - 0x00007fffd85f8000 	C:\Windows\System32\PSAPI.DLL
0x00007fffaed70000 - 0x00007fffaed79000 	C:\Windows\SYSTEM32\WSOCK32.dll
0x00007fffcbf70000 - 0x00007fffcbf97000 	C:\Windows\SYSTEM32\WINMM.dll
0x00007fffd8160000 - 0x00007fffd81cb000 	C:\Windows\System32\WS2_32.dll
0x00007fffd3070000 - 0x00007fffd3082000 	C:\Windows\SYSTEM32\kernel.appcore.dll
0x00007fffb6200000 - 0x00007fffb620a000 	C:\Program Files\Java\jdk-17\bin\jimage.dll
0x00007fffd58e0000 - 0x00007fffd5ac4000 	C:\Windows\SYSTEM32\DBGHELP.DLL
0x00007fffd5700000 - 0x00007fffd5734000 	C:\Windows\SYSTEM32\dbgcore.DLL
0x00007fffd61d0000 - 0x00007fffd6252000 	C:\Windows\System32\bcryptPrimitives.dll
0x00007fff95ca0000 - 0x00007fff95cc5000 	C:\Program Files\Java\jdk-17\bin\java.dll
0x00007fff95bc0000 - 0x00007fff95c97000 	C:\Program Files\Java\jdk-17\bin\jsvml.dll
0x00007fffd6b70000 - 0x00007fffd72b4000 	C:\Windows\System32\SHELL32.dll
0x00007fffd3330000 - 0x00007fffd3acb000 	C:\Windows\SYSTEM32\windows.storage.dll
0x00007fffd79f0000 - 0x00007fffd7d44000 	C:\Windows\System32\combase.dll
0x00007fffd5290000 - 0x00007fffd52bd000 	C:\Windows\SYSTEM32\Wldp.dll
0x00007fffd7730000 - 0x00007fffd77dd000 	C:\Windows\System32\SHCORE.dll
0x00007fffd81d0000 - 0x00007fffd8225000 	C:\Windows\System32\shlwapi.dll
0x00007fffd5e80000 - 0x00007fffd5ea5000 	C:\Windows\SYSTEM32\profapi.dll
0x00007fffa6e70000 - 0x00007fffa6e89000 	C:\Program Files\Java\jdk-17\bin\net.dll
0x00007fffcea80000 - 0x00007fffceb8a000 	C:\Windows\SYSTEM32\WINHTTP.dll
0x00007fffd5160000 - 0x00007fffd51ca000 	C:\Windows\system32\mswsock.dll
0x00007fffa4ce0000 - 0x00007fffa4cf6000 	C:\Program Files\Java\jdk-17\bin\nio.dll
0x00007fff95ba0000 - 0x00007fff95bb8000 	C:\Program Files\Java\jdk-17\bin\zip.dll
0x00007fffa9d70000 - 0x00007fffa9d7a000 	C:\Program Files\Java\jdk-17\bin\management.dll
0x00007fffa6490000 - 0x00007fffa649b000 	C:\Program Files\Java\jdk-17\bin\management_ext.dll

dbghelp: loaded successfully - version: 4.0.5 - missing functions: none
symbol engine: initialized successfully - sym options: 0x614 - pdb path: .;C:\Program Files\Java\jdk-17\bin;C:\Windows\SYSTEM32;C:\Windows\WinSxS\amd64_microsoft.windows.common-controls_6595b64144ccf1df_6.0.19041.3636_none_60b6a03d71f818d5;C:\Program Files\Java\jdk-17\bin\server

VM Arguments:
java_command: C:\Users\smerl\AppData\Local\Temp\surefire3424509901126834691\surefirebooter-20231108182517898_3.jar C:\Users\smerl\AppData\Local\Temp\surefire3424509901126834691 2023-11-08T18-25-17_769-jvmRun1 surefire-20231108182517898_1tmp surefire_0-20231108182517898_2tmp
java_class_path (initial): C:\Users\smerl\AppData\Local\Temp\surefire3424509901126834691\surefirebooter-20231108182517898_3.jar
Launcher Type: SUN_STANDARD

[Global flags]
     intx CICompilerCount                          = 4                                         {product} {ergonomic}
     uint ConcGCThreads                            = 3                                         {product} {ergonomic}
     uint G1ConcRefinementThreads                  = 10                                        {product} {ergonomic}
   size_t G1HeapRegionSize                         = 2097152                                   {product} {ergonomic}
    uintx GCDrainStackTargetSize                   = 64                                        {product} {ergonomic}
   size_t InitialHeapSize                          = 257949696                                 {product} {ergonomic}
   size_t MarkStackSize                            = 4194304                                   {product} {ergonomic}
   size_t MaxHeapSize                              = 4127195136                                {product} {ergonomic}
   size_t MaxNewSize                               = 2474639360                                {product} {ergonomic}
   size_t MinHeapDeltaBytes                        = 2097152                                   {product} {ergonomic}
   size_t MinHeapSize                              = 8388608                                   {product} {ergonomic}
    uintx NonNMethodCodeHeapSize                   = 5839372                                {pd product} {ergonomic}
    uintx NonProfiledCodeHeapSize                  = 122909434                              {pd product} {ergonomic}
    uintx ProfiledCodeHeapSize                     = 122909434                              {pd product} {ergonomic}
    uintx ReservedCodeCacheSize                    = 251658240                              {pd product} {ergonomic}
     bool SegmentedCodeCache                       = true                                      {product} {ergonomic}
   size_t SoftMaxHeapSize                          = 4127195136                             {manageable} {ergonomic}
     bool UseCompressedClassPointers               = true                           {product lp64_product} {ergonomic}
     bool UseCompressedOops                        = true                           {product lp64_product} {ergonomic}
     bool UseG1GC                                  = true                                      {product} {ergonomic}
     bool UseLargePagesIndividualAllocation        = false                                  {pd product} {ergonomic}

Logging:
Log output configuration:
 #0: stdout all=warning uptime,level,tags
 #1: stderr all=off uptime,level,tags

Environment Variables:
JAVA_HOME=C:\Program Files\Java\jdk-17
PATH=C:\Program Files\Common Files\Oracle\Java\javapath;C:\Program Files (x86)\Common Files\Oracle\Java\javapath;C:\Windows\system32;C:\Windows;C:\Windows\System32\Wbem;C:\Windows\System32\WindowsPowerShell\v1.0\;C:\Windows\System32\OpenSSH\;C:\Program Files\MySQL\MySQL Shell 8.0\bin\;C:\Users\smerl\AppData\Local\Microsoft\WindowsApps;
USERNAME=smerl
OS=Windows_NT
PROCESSOR_IDENTIFIER=AMD64 Family 23 Model 96 Stepping 1, AuthenticAMD



---------------  S Y S T E M  ---------------

OS:
 Windows 10 , 64 bit Build 19041 (10.0.19041.3636)
OS uptime: 0 days 0:03 hours

CPU: total 12 (initial active 12) (12 cores per cpu, 2 threads per core) family 23 model 96 stepping 1 microcode 0x0, cx8, cmov, fxsr, ht, mmx, 3dnowpref, sse, sse2, sse3, ssse3, sse4a, sse4.1, sse4.2, popcnt, lzcnt, tsc, tscinvbit, avx, avx2, aes, clmul, bmi1, bmi2, adx, sha, fma, vzeroupper, clflush, clflushopt

Memory: 4k page, system-wide physical 15740M (10415M free)
TotalPageFile size 18172M (AvailPageFile size 10963M)
current process WorkingSet (physical memory assigned to process): 88M, peak: 89M
current process commit charge ("private bytes"): 359M, peak: 360M

vm_info: Java HotSpot(TM) 64-Bit Server VM (17.0.9+11-LTS-201) for windows-amd64 JRE (17.0.9+11-LTS-201), built on Oct 10 2023 23:16:06 by "mach5one" with MS VC++ 17.1 (VS2022)

END.
