#
# A fatal error has been detected by the Java Runtime Environment:
#
#  EXCEPTION_ILLEGAL_INSTRUCTION (0xc000001d) at pc=0x00007ff9627e93ce, pid=5544, tid=1028
#
# JRE version: Java(TM) SE Runtime Environment (17.0.9+11) (build 17.0.9+11-LTS-201)
# Java VM: Java HotSpot(TM) 64-Bit Server VM (17.0.9+11-LTS-201, mixed mode, sharing, tiered, compressed oops, compressed class ptrs, g1 gc, windows-amd64)
# Problematic frame:
# V  [jvm.dll+0x6c93ce]
#
# No core dump will be written. Minidumps are not enabled by default on client versions of Windows
#
# If you would like to submit a bug report, please visit:
#   https://bugreport.java.com/bugreport/crash.jsp
#

---------------  S U M M A R Y ------------

Command Line: -Dclassworlds.conf=C:\Program Files\NetBeans-19\netbeans\java\maven\bin\m2.conf -Dmaven.home=C:\Program Files\NetBeans-19\netbeans\java\maven -Dlibrary.jansi.path=C:\Program Files\NetBeans-19\netbeans\java\maven\lib\jansi-native -Dmaven.multiModuleProjectDirectory=D:\u\Netbeans Web\tienda org.codehaus.plexus.classworlds.launcher.Launcher -Dmaven.ext.class.path=C:\Program Files\NetBeans-19\netbeans\java\maven-nblib\netbeans-eventspy.jar -Dfile.encoding=UTF-8 --no-transfer-progress clean install

Host: AMD Ryzen 5 4600G with Radeon Graphics, 12 cores, 15G,  Windows 10 , 64 bit Build 19041 (10.0.19041.3636)
Time: Fri Oct 27 09:41:54 2023 Pacific Daylight Time elapsed time: 14.542362 seconds (0d 0h 0m 14s)

---------------  T H R E A D  ---------------

Current thread (0x000002a0ea052bc0):  JavaThread "C1 CompilerThread0" daemon [_thread_in_vm, id=1028, stack(0x000000d12a700000,0x000000d12a800000)]


Current CompileTask:
C1:  14542 8647       3       com.sun.tools.javac.comp.Operators$BinaryOperatorHelper::lambda$doLookup$0 (8 bytes)

Stack: [0x000000d12a700000,0x000000d12a800000],  sp=0x000000d12a7fe468,  free space=1017k
Native frames: (J=compiled Java code, j=interpreted, Vv=VM code, C=native code)
V  [jvm.dll+0x6c93ce]


siginfo: EXCEPTION_ILLEGAL_INSTRUCTION (0xc000001d)


Register to memory mapping:

RIP=0x00007ff9627e93ce jvm.dll
RAX=0x000000d12a7fe500 is pointing into the stack for thread: 0x000002a0ea052bc0
RBX=0x000000d12a7fedf8 is pointing into the stack for thread: 0x000002a0ea052bc0
RCX=0x0000000000000006 is an unknown value
RDX=0x0 is NULL
RSP=0x000000d12a7fe468 is pointing into the stack for thread: 0x000002a0ea052bc0
RBP=0x000000d12a7fe5a0 is pointing into the stack for thread: 0x000002a0ea052bc0
RSI=0x000002a0cf5b3586 is at entry_point+486 in (nmethod*)0x000002a0cf5b3210
Compiled method (c1)   14543 8647       3       com.sun.tools.javac.comp.Operators$BinaryOperatorHelper::lambda$doLookup$0 (8 bytes)
 total in heap  [0x000002a0cf5b3210,0x000002a0cf5b3618] = 1032
 relocation     [0x000002a0cf5b3368,0x000002a0cf5b33a0] = 56
 main code      [0x000002a0cf5b33a0,0x000002a0cf5b3540] = 416
 stub code      [0x000002a0cf5b3540,0x000002a0cf5b3588] = 72
 oops           [0x000002a0cf5b3588,0x000002a0cf5b3590] = 8
 metadata       [0x000002a0cf5b3590,0x000002a0cf5b35a8] = 24
 scopes data    [0x000002a0cf5b35a8,0x000002a0cf5b35d0] = 40
 scopes pcs     [0x000002a0cf5b35d0,0x000002a0cf5b3610] = 64
 dependencies   [0x000002a0cf5b3610,0x000002a0cf5b3618] = 8
RDI=0x000000d12a7fe5f8 is pointing into the stack for thread: 0x000002a0ea052bc0
R8 =0x000000d12a7fe490 is pointing into the stack for thread: 0x000002a0ea052bc0
R9 =0x000000d12a7fe500 is pointing into the stack for thread: 0x000002a0ea052bc0
R10=0x00007ff962120000 jvm.dll
R11=0x0 is NULL
R12=0x0 is NULL
R13=0x0000000000000002 is an unknown value
R14=0x000000d12a7feda0 is pointing into the stack for thread: 0x000002a0ea052bc0
R15=0x000000000000f000 is an unknown value


Registers:
RAX=0x000000d12a7fe500, RBX=0x000000d12a7fedf8, RCX=0x0000000000000006, RDX=0x0000000000000000
RSP=0x000000d12a7fe468, RBP=0x000000d12a7fe5a0, RSI=0x000002a0cf5b3586, RDI=0x000000d12a7fe5f8
R8 =0x000000d12a7fe490, R9 =0x000000d12a7fe500, R10=0x00007ff962120000, R11=0x0000000000000000
R12=0x0000000000000000, R13=0x0000000000000002, R14=0x000000d12a7feda0, R15=0x000000000000f000
RIP=0x00007ff9627e93ce, EFLAGS=0x0000000000010206

Top of Stack: (sp=0x000000d12a7fe468)
0x000000d12a7fe468:   00007ff962320d26 000000d12a7fedf8
0x000000d12a7fe478:   000002a0cf5b3586 000002a0cf5b3586
0x000000d12a7fe488:   000000d12a7fe5f8 0000000000000000
0x000000d12a7fe498:   000002a0f1ef68c4 000002a0f1ef68c6
0x000000d12a7fe4a8:   0000000000000000 000002a0cf5b351d
0x000000d12a7fe4b8:   00000138ffff002f 000000d12a7fe4b8
0x000000d12a7fe4c8:   00007ff962960000 000002a0cf5b33a0
0x000000d12a7fe4d8:   000002a0cf5b33a0 000002a0cf5b3540
0x000000d12a7fe4e8:   000002a0cf5b33a0 000002a0cf5b3522
0x000000d12a7fe4f8:   000002a0cf5b3586 00007ff962968150
0x000000d12a7fe508:   000000d12a7fe490 0000000000000006
0x000000d12a7fe518:   000002a0cf5b34b4 00000000ffffffff
0x000000d12a7fe528:   ffffffffffff0000 000002a0cf5b33a0
0x000000d12a7fe538:   fffffffffffff800 fffffffffffff838
0x000000d12a7fe548:   0000000000000000 00000000000001e6
0x000000d12a7fe558:   0000000000000046 000000d12a7fe670 

Instructions: (pc=0x00007ff9627e93ce)
0x00007ff9627e92ce:   fa 03 45 0f bf 53 04 7e 0c 41 0f b7 43 06 41 c1
0x00007ff9627e92de:   e2 10 44 03 d0 44 89 51 20 85 d2 74 09 f7 da 4c
0x00007ff9627e92ee:   63 ca 4d 03 48 20 4c 89 49 18 48 8b c1 c3 83 f9
0x00007ff9627e92fe:   03 75 5d 49 8d 48 70 45 33 c9 48 85 c9 74 13 48
0x00007ff9627e930e:   8d 05 ac ed 17 00 c7 41 10 03 00 00 00 48 89 01
0x00007ff9627e931e:   eb 03 49 8b c9 4c 89 41 08 41 0f b7 50 38 49 8b
0x00007ff9627e932e:   40 30 66 83 fa 01 7e 17 44 0f bf 08 0f b7 40 02
0x00007ff9627e933e:   41 c1 e1 10 44 03 c8 48 8b c1 44 89 49 18 c3 66
0x00007ff9627e934e:   85 d2 7e 04 44 0f bf 08 44 89 49 18 48 8b c1 c3
0x00007ff9627e935e:   83 f9 04 75 4b 49 8d 48 70 45 33 c9 48 85 c9 74
0x00007ff9627e936e:   13 48 8d 05 92 ed 17 00 c7 41 10 04 00 00 00 48
0x00007ff9627e937e:   89 01 eb 03 49 8b c9 4c 89 41 08 41 0f b7 50 38
0x00007ff9627e938e:   49 8b 40 30 66 83 fa 01 7e b5 44 0f b7 48 02 0f
0x00007ff9627e939e:   bf 00 c1 e0 10 44 03 c8 48 8b c1 44 89 49 18 c3
0x00007ff9627e93ae:   83 f9 05 75 08 49 8b c8 e9 95 06 00 00 83 f9 06
0x00007ff9627e93be:   75 2a 4d 8d 48 70 4d 85 c9 74 16 48 8d 05 80 ed
0x00007ff9627e93ce:   17 00 41 89 49 10 49 89 01 49 8b c1 4d 89 41 08
0x00007ff9627e93de:   c3 45 33 c9 4d 89 41 08 49 8b c1 c3 83 f9 0e 75
0x00007ff9627e93ee:   6d 49 8d 50 70 45 33 c9 48 85 d2 74 16 48 8d 05
0x00007ff9627e93fe:   4e f8 28 00 89 4a 10 48 89 02 c7 42 18 fc ff ff
0x00007ff9627e940e:   ff eb 03 49 8b d1 4c 89 42 08 41 0f b7 48 38 49
0x00007ff9627e941e:   8b 40 30 66 83 f9 01 7e 1d 44 0f b7 48 02 0f bf
0x00007ff9627e942e:   00 c1 e0 10 44 03 c8 48 8b c2 42 8d 0c 8d 00 00
0x00007ff9627e943e:   00 00 89 4a 18 c3 66 85 c9 7e 04 44 0f bf 08 42
0x00007ff9627e944e:   8d 0c 8d 00 00 00 00 48 8b c2 89 4a 18 c3 83 f9
0x00007ff9627e945e:   07 0f 85 88 00 00 00 4d 8d 50 70 45 33 c9 4d 85
0x00007ff9627e946e:   d2 74 10 48 8d 05 20 ed 17 00 41 89 4a 10 49 89
0x00007ff9627e947e:   02 eb 03 4d 8b d1 4d 89 42 08 41 0f b7 48 38 49
0x00007ff9627e948e:   8b 50 30 66 83 f9 02 7f 1b 66 85 c9 7e 11 4c 0f
0x00007ff9627e949e:   bf 02 66 83 f9 01 7e 32 44 0f bf 4a 02 eb 2b 4d
0x00007ff9627e94ae:   8b c1 eb 26 48 0f bf 02 44 0f b7 42 02 44 0f bf
0x00007ff9627e94be:   4a 04 48 c1 e0 10 4c 03 c0 66 83 f9 03 7e 0b 0f 


Stack slot to memory mapping:
stack at sp + 0 slots: 0x00007ff962320d26 jvm.dll
stack at sp + 1 slots: 0x000000d12a7fedf8 is pointing into the stack for thread: 0x000002a0ea052bc0
stack at sp + 2 slots: 0x000002a0cf5b3586 is at entry_point+486 in (nmethod*)0x000002a0cf5b3210
Compiled method (c1)   14548 8647       3       com.sun.tools.javac.comp.Operators$BinaryOperatorHelper::lambda$doLookup$0 (8 bytes)
 total in heap  [0x000002a0cf5b3210,0x000002a0cf5b3618] = 1032
 relocation     [0x000002a0cf5b3368,0x000002a0cf5b33a0] = 56
 main code      [0x000002a0cf5b33a0,0x000002a0cf5b3540] = 416
 stub code      [0x000002a0cf5b3540,0x000002a0cf5b3588] = 72
 oops           [0x000002a0cf5b3588,0x000002a0cf5b3590] = 8
 metadata       [0x000002a0cf5b3590,0x000002a0cf5b35a8] = 24
 scopes data    [0x000002a0cf5b35a8,0x000002a0cf5b35d0] = 40
 scopes pcs     [0x000002a0cf5b35d0,0x000002a0cf5b3610] = 64
 dependencies   [0x000002a0cf5b3610,0x000002a0cf5b3618] = 8
stack at sp + 3 slots: 0x000002a0cf5b3586 is at entry_point+486 in (nmethod*)0x000002a0cf5b3210
Compiled method (c1)   14548 8647       3       com.sun.tools.javac.comp.Operators$BinaryOperatorHelper::lambda$doLookup$0 (8 bytes)
 total in heap  [0x000002a0cf5b3210,0x000002a0cf5b3618] = 1032
 relocation     [0x000002a0cf5b3368,0x000002a0cf5b33a0] = 56
 main code      [0x000002a0cf5b33a0,0x000002a0cf5b3540] = 416
 stub code      [0x000002a0cf5b3540,0x000002a0cf5b3588] = 72
 oops           [0x000002a0cf5b3588,0x000002a0cf5b3590] = 8
 metadata       [0x000002a0cf5b3590,0x000002a0cf5b35a8] = 24
 scopes data    [0x000002a0cf5b35a8,0x000002a0cf5b35d0] = 40
 scopes pcs     [0x000002a0cf5b35d0,0x000002a0cf5b3610] = 64
 dependencies   [0x000002a0cf5b3610,0x000002a0cf5b3618] = 8
stack at sp + 4 slots: 0x000000d12a7fe5f8 is pointing into the stack for thread: 0x000002a0ea052bc0
stack at sp + 5 slots: 0x0 is NULL
stack at sp + 6 slots: 0x000002a0f1ef68c4 points into unknown readable memory: 29 64 00 00
stack at sp + 7 slots: 0x000002a0f1ef68c6 points into unknown readable memory: 00 00


---------------  P R O C E S S  ---------------

Threads class SMR info:
_java_thread_list=0x000002a0efeee450, length=14, elements={
0x000002a0c53ffe00, 0x000002a0ea02c4c0, 0x000002a0ea02d140, 0x000002a0ea043900,
0x000002a0ea0446d0, 0x000002a0ea045090, 0x000002a0ea045a50, 0x000002a0ea0467f0,
0x000002a0ea052bc0, 0x000002a0ea05e9c0, 0x000002a0ea2a7370, 0x000002a0ea2ab670,
0x000002a0ea681810, 0x000002a0f106d010
}

Java Threads: ( => current thread )
  0x000002a0c53ffe00 JavaThread "main" [_thread_blocked, id=3516, stack(0x000000d129900000,0x000000d129a00000)]
  0x000002a0ea02c4c0 JavaThread "Reference Handler" daemon [_thread_blocked, id=3536, stack(0x000000d12a000000,0x000000d12a100000)]
  0x000002a0ea02d140 JavaThread "Finalizer" daemon [_thread_blocked, id=7252, stack(0x000000d12a100000,0x000000d12a200000)]
  0x000002a0ea043900 JavaThread "Signal Dispatcher" daemon [_thread_blocked, id=9968, stack(0x000000d12a200000,0x000000d12a300000)]
  0x000002a0ea0446d0 JavaThread "Attach Listener" daemon [_thread_blocked, id=4472, stack(0x000000d12a300000,0x000000d12a400000)]
  0x000002a0ea045090 JavaThread "Service Thread" daemon [_thread_blocked, id=8620, stack(0x000000d12a400000,0x000000d12a500000)]
  0x000002a0ea045a50 JavaThread "Monitor Deflation Thread" daemon [_thread_blocked, id=856, stack(0x000000d12a500000,0x000000d12a600000)]
  0x000002a0ea0467f0 JavaThread "C2 CompilerThread0" daemon [_thread_in_vm, id=5160, stack(0x000000d12a600000,0x000000d12a700000)]
=>0x000002a0ea052bc0 JavaThread "C1 CompilerThread0" daemon [_thread_in_vm, id=1028, stack(0x000000d12a700000,0x000000d12a800000)]
  0x000002a0ea05e9c0 JavaThread "Sweeper thread" daemon [_thread_blocked, id=8556, stack(0x000000d12a800000,0x000000d12a900000)]
  0x000002a0ea2a7370 JavaThread "Notification Thread" daemon [_thread_blocked, id=2380, stack(0x000000d12a900000,0x000000d12aa00000)]
  0x000002a0ea2ab670 JavaThread "Common-Cleaner" daemon [_thread_blocked, id=4476, stack(0x000000d12ab00000,0x000000d12ac00000)]
  0x000002a0ea681810 JavaThread "C2 CompilerThread1" daemon [_thread_in_native, id=5820, stack(0x000000d12ad00000,0x000000d12ae00000)]
  0x000002a0f106d010 JavaThread "C2 CompilerThread2" daemon [_thread_in_native, id=2540, stack(0x000000d12b900000,0x000000d12ba00000)]

Other Threads:
  0x000002a0ea0269a0 VMThread "VM Thread" [stack: 0x000000d129f00000,0x000000d12a000000] [id=10004]
  0x000002a0c54901e0 WatcherThread [stack: 0x000000d12aa00000,0x000000d12ab00000] [id=8868]
  0x000002a0c546fc10 GCTaskThread "GC Thread#0" [stack: 0x000000d129a00000,0x000000d129b00000] [id=1796]
  0x000002a0ea3907f0 GCTaskThread "GC Thread#1" [stack: 0x000000d12ae00000,0x000000d12af00000] [id=2684]
  0x000002a0ef1cc540 GCTaskThread "GC Thread#2" [stack: 0x000000d12af00000,0x000000d12b000000] [id=1568]
  0x000002a0ef08c330 GCTaskThread "GC Thread#3" [stack: 0x000000d12b000000,0x000000d12b100000] [id=3800]
  0x000002a0ef50b6d0 GCTaskThread "GC Thread#4" [stack: 0x000000d12b100000,0x000000d12b200000] [id=10108]
  0x000002a0ef480270 GCTaskThread "GC Thread#5" [stack: 0x000000d12b200000,0x000000d12b300000] [id=2256]
  0x000002a0ef480940 GCTaskThread "GC Thread#6" [stack: 0x000000d12b300000,0x000000d12b400000] [id=2480]
  0x000002a0ef480c00 GCTaskThread "GC Thread#7" [stack: 0x000000d12b400000,0x000000d12b500000] [id=2772]
  0x000002a0ef067d00 GCTaskThread "GC Thread#8" [stack: 0x000000d12b500000,0x000000d12b600000] [id=4652]
  0x000002a0ef322870 GCTaskThread "GC Thread#9" [stack: 0x000000d12b600000,0x000000d12b700000] [id=3216]
  0x000002a0c5481180 ConcurrentGCThread "G1 Main Marker" [stack: 0x000000d129b00000,0x000000d129c00000] [id=9380]
  0x000002a0c5482330 ConcurrentGCThread "G1 Conc#0" [stack: 0x000000d129c00000,0x000000d129d00000] [id=1608]
  0x000002a0ef930090 ConcurrentGCThread "G1 Conc#1" [stack: 0x000000d12b700000,0x000000d12b800000] [id=8612]
  0x000002a0ef930350 ConcurrentGCThread "G1 Conc#2" [stack: 0x000000d12b800000,0x000000d12b900000] [id=6408]
  0x000002a0c54de290 ConcurrentGCThread "G1 Refine#0" [stack: 0x000000d129d00000,0x000000d129e00000] [id=3708]
  0x000002a0efd509f0 ConcurrentGCThread "G1 Refine#1" [stack: 0x000000d12ba00000,0x000000d12bb00000] [id=7884]
  0x000002a0f2d4cfc0 ConcurrentGCThread "G1 Refine#2" [stack: 0x000000d12bb00000,0x000000d12bc00000] [id=8444]
  0x000002a0f0ed0750 ConcurrentGCThread "G1 Refine#3" [stack: 0x000000d12bc00000,0x000000d12bd00000] [id=3692]
  0x000002a0f14a5130 ConcurrentGCThread "G1 Refine#4" [stack: 0x000000d12bd00000,0x000000d12be00000] [id=2672]
  0x000002a0f14a5420 ConcurrentGCThread "G1 Refine#5" [stack: 0x000000d12be00000,0x000000d12bf00000] [id=7948]
  0x000002a0f14a5cf0 ConcurrentGCThread "G1 Refine#6" [stack: 0x000000d12bf00000,0x000000d12c000000] [id=3540]
  0x000002a0f14a65c0 ConcurrentGCThread "G1 Refine#7" [stack: 0x000000d12c000000,0x000000d12c100000] [id=9740]
  0x000002a0c54debc0 ConcurrentGCThread "G1 Service" [stack: 0x000000d129e00000,0x000000d129f00000] [id=8488]

Threads with active compile tasks:
C2 CompilerThread0    14550 8052       4       com.sun.tools.javac.code.Symtab::lookupPackage (259 bytes)
C1 CompilerThread0    14550 8647       3       com.sun.tools.javac.comp.Operators$BinaryOperatorHelper::lambda$doLookup$0 (8 bytes)
C2 CompilerThread1    14550 8292       4       lombok.javac.JavacAST::buildStatementOrExpression (120 bytes)
C2 CompilerThread2    14550 8289       4       lombok.core.AST::buildWithField (21 bytes)

VM state: not at safepoint (normal execution)

VM Mutex/Monitor currently owned by a thread:  ([mutex/lock_event])
[0x000002a0c53f8c30] CodeCache_lock - owner thread: 0x000002a0ea052bc0
[0x000002a0c53fab70] Compile_lock - owner thread: 0x000002a0ea052bc0
[0x000002a0c53fa270] MethodCompileQueue_lock - owner thread: 0x000002a0ea052bc0

Heap address: 0x000000070a000000, size: 3936 MB, Compressed Oops mode: Zero based, Oop shift amount: 3

CDS archive(s) mapped at: [0x000002a080000000-0x000002a080bd0000-0x000002a080bd0000), size 12386304, SharedBaseAddress: 0x000002a080000000, ArchiveRelocationMode: 1.
Compressed class space mapped at: 0x000002a081000000-0x000002a0c1000000, reserved size: 1073741824
Narrow klass base: 0x000002a080000000, Narrow klass shift: 0, Narrow klass range: 0x100000000

GC Precious Log:
 CPUs: 12 total, 12 available
 Memory: 15740M
 Large Page Support: Disabled
 NUMA Support: Disabled
 Compressed Oops: Enabled (Zero based)
 Heap Region Size: 2M
 Heap Min Capacity: 8M
 Heap Initial Capacity: 246M
 Heap Max Capacity: 3936M
 Pre-touch: Disabled
 Parallel Workers: 10
 Concurrent Workers: 3
 Concurrent Refinement Workers: 10
 Periodic GC: Disabled

Heap:
 garbage-first heap   total 151552K, used 95875K [0x000000070a000000, 0x0000000800000000)
  region size 2048K, 21 young (43008K), 1 survivors (2048K)
 Metaspace       used 38042K, committed 38400K, reserved 1114112K
  class space    used 4330K, committed 4544K, reserved 1048576K

Heap Regions: E=young(eden), S=young(survivor), O=old, HS=humongous(starts), HC=humongous(continues), CS=collection set, F=free, OA=open archive, CA=closed archive, TAMS=top-at-mark-start (previous, next)
|   0|0x000000070a000000, 0x000000070a200000, 0x000000070a200000|100%| O|  |TAMS 0x000000070a200000, 0x000000070a000000| Untracked 
|   1|0x000000070a200000, 0x000000070a400000, 0x000000070a400000|100%| O|  |TAMS 0x000000070a400000, 0x000000070a200000| Untracked 
|   2|0x000000070a400000, 0x000000070a600000, 0x000000070a600000|100%| O|  |TAMS 0x000000070a600000, 0x000000070a400000| Untracked 
|   3|0x000000070a600000, 0x000000070a800000, 0x000000070a800000|100%| O|  |TAMS 0x000000070a800000, 0x000000070a600000| Untracked 
|   4|0x000000070a800000, 0x000000070aa00000, 0x000000070aa00000|100%| O|  |TAMS 0x000000070aa00000, 0x000000070a800000| Untracked 
|   5|0x000000070aa00000, 0x000000070ac00000, 0x000000070ac00000|100%| O|  |TAMS 0x000000070ac00000, 0x000000070aa00000| Untracked 
|   6|0x000000070ac00000, 0x000000070ae00000, 0x000000070ae00000|100%| O|  |TAMS 0x000000070ae00000, 0x000000070ac00000| Untracked 
|   7|0x000000070ae00000, 0x000000070b000000, 0x000000070b000000|100%| O|  |TAMS 0x000000070b000000, 0x000000070ae00000| Complete 
|   8|0x000000070b000000, 0x000000070b200000, 0x000000070b200000|100%| O|  |TAMS 0x000000070b200000, 0x000000070b000000| Untracked 
|   9|0x000000070b200000, 0x000000070b200000, 0x000000070b400000|  0%| F|  |TAMS 0x000000070b200000, 0x000000070b200000| Untracked 
|  10|0x000000070b400000, 0x000000070b600000, 0x000000070b600000|100%|HS|  |TAMS 0x000000070b600000, 0x000000070b400000| Complete 
|  11|0x000000070b600000, 0x000000070b800000, 0x000000070b800000|100%| O|  |TAMS 0x000000070b800000, 0x000000070b600000| Untracked 
|  12|0x000000070b800000, 0x000000070ba00000, 0x000000070ba00000|100%| O|  |TAMS 0x000000070ba00000, 0x000000070b800000| Untracked 
|  13|0x000000070ba00000, 0x000000070bc00000, 0x000000070bc00000|100%| O|  |TAMS 0x000000070bc00000, 0x000000070ba00000| Untracked 
|  14|0x000000070bc00000, 0x000000070be00000, 0x000000070be00000|100%| O|  |TAMS 0x000000070be00000, 0x000000070bc00000| Untracked 
|  15|0x000000070be00000, 0x000000070c000000, 0x000000070c000000|100%| O|  |TAMS 0x000000070c000000, 0x000000070be00000| Untracked 
|  16|0x000000070c000000, 0x000000070c200000, 0x000000070c200000|100%| O|  |TAMS 0x000000070c200000, 0x000000070c000000| Untracked 
|  17|0x000000070c200000, 0x000000070c400000, 0x000000070c400000|100%| O|  |TAMS 0x000000070c400000, 0x000000070c200000| Untracked 
|  18|0x000000070c400000, 0x000000070c600000, 0x000000070c600000|100%| O|  |TAMS 0x000000070c600000, 0x000000070c400000| Untracked 
|  19|0x000000070c600000, 0x000000070c800000, 0x000000070c800000|100%| O|  |TAMS 0x000000070c800000, 0x000000070c600000| Untracked 
|  20|0x000000070c800000, 0x000000070ca00000, 0x000000070ca00000|100%| O|  |TAMS 0x000000070ca00000, 0x000000070c800000| Untracked 
|  21|0x000000070ca00000, 0x000000070cc00000, 0x000000070cc00000|100%| O|  |TAMS 0x000000070cb1e200, 0x000000070ca00000| Untracked 
|  22|0x000000070cc00000, 0x000000070ce00000, 0x000000070ce00000|100%| O|  |TAMS 0x000000070cc00000, 0x000000070cc00000| Untracked 
|  23|0x000000070ce00000, 0x000000070d000000, 0x000000070d000000|100%| O|  |TAMS 0x000000070ce00000, 0x000000070ce00000| Untracked 
|  24|0x000000070d000000, 0x000000070d000000, 0x000000070d200000|  0%| F|  |TAMS 0x000000070d000000, 0x000000070d000000| Untracked 
|  25|0x000000070d200000, 0x000000070d200000, 0x000000070d400000|  0%| F|  |TAMS 0x000000070d200000, 0x000000070d200000| Untracked 
|  26|0x000000070d400000, 0x000000070d400000, 0x000000070d600000|  0%| F|  |TAMS 0x000000070d400000, 0x000000070d400000| Untracked 
|  27|0x000000070d600000, 0x000000070d600000, 0x000000070d800000|  0%| F|  |TAMS 0x000000070d600000, 0x000000070d600000| Untracked 
|  28|0x000000070d800000, 0x000000070da00000, 0x000000070da00000|100%| O|  |TAMS 0x000000070d800000, 0x000000070d800000| Untracked 
|  29|0x000000070da00000, 0x000000070dc00000, 0x000000070dc00000|100%| O|  |TAMS 0x000000070da00000, 0x000000070da00000| Untracked 
|  30|0x000000070dc00000, 0x000000070de00000, 0x000000070de00000|100%| O|  |TAMS 0x000000070dc00000, 0x000000070dc00000| Untracked 
|  31|0x000000070de00000, 0x000000070e000000, 0x000000070e000000|100%| O|  |TAMS 0x000000070de00000, 0x000000070de00000| Untracked 
|  32|0x000000070e000000, 0x000000070e000000, 0x000000070e200000|  0%| F|  |TAMS 0x000000070e000000, 0x000000070e000000| Untracked 
|  33|0x000000070e200000, 0x000000070e200000, 0x000000070e400000|  0%| F|  |TAMS 0x000000070e200000, 0x000000070e200000| Untracked 
|  34|0x000000070e400000, 0x000000070e400000, 0x000000070e600000|  0%| F|  |TAMS 0x000000070e400000, 0x000000070e400000| Untracked 
|  35|0x000000070e600000, 0x000000070e600000, 0x000000070e800000|  0%| F|  |TAMS 0x000000070e600000, 0x000000070e600000| Untracked 
|  36|0x000000070e800000, 0x000000070e800000, 0x000000070ea00000|  0%| F|  |TAMS 0x000000070e800000, 0x000000070e800000| Untracked 
|  37|0x000000070ea00000, 0x000000070ea00000, 0x000000070ec00000|  0%| F|  |TAMS 0x000000070ea00000, 0x000000070ea00000| Untracked 
|  38|0x000000070ec00000, 0x000000070ec00000, 0x000000070ee00000|  0%| F|  |TAMS 0x000000070ec00000, 0x000000070ec00000| Untracked 
|  39|0x000000070ee00000, 0x000000070ee00000, 0x000000070f000000|  0%| F|  |TAMS 0x000000070ee00000, 0x000000070ee00000| Untracked 
|  40|0x000000070f000000, 0x000000070f000000, 0x000000070f200000|  0%| F|  |TAMS 0x000000070f000000, 0x000000070f000000| Untracked 
|  41|0x000000070f200000, 0x000000070f200000, 0x000000070f400000|  0%| F|  |TAMS 0x000000070f200000, 0x000000070f200000| Untracked 
|  42|0x000000070f400000, 0x000000070f400000, 0x000000070f600000|  0%| F|  |TAMS 0x000000070f400000, 0x000000070f400000| Untracked 
|  43|0x000000070f600000, 0x000000070f600000, 0x000000070f800000|  0%| F|  |TAMS 0x000000070f600000, 0x000000070f600000| Untracked 
|  44|0x000000070f800000, 0x000000070f800000, 0x000000070fa00000|  0%| F|  |TAMS 0x000000070f800000, 0x000000070f800000| Untracked 
|  45|0x000000070fa00000, 0x000000070fa00000, 0x000000070fc00000|  0%| F|  |TAMS 0x000000070fa00000, 0x000000070fa00000| Untracked 
|  46|0x000000070fc00000, 0x000000070fc00000, 0x000000070fe00000|  0%| F|  |TAMS 0x000000070fc00000, 0x000000070fc00000| Untracked 
|  47|0x000000070fe00000, 0x000000070fe00000, 0x0000000710000000|  0%| F|  |TAMS 0x000000070fe00000, 0x000000070fe00000| Untracked 
|  48|0x0000000710000000, 0x0000000710000000, 0x0000000710200000|  0%| F|  |TAMS 0x0000000710000000, 0x0000000710000000| Untracked 
|  49|0x0000000710200000, 0x0000000710200000, 0x0000000710400000|  0%| F|  |TAMS 0x0000000710200000, 0x0000000710200000| Untracked 
|  50|0x0000000710400000, 0x0000000710400000, 0x0000000710600000|  0%| F|  |TAMS 0x0000000710400000, 0x0000000710400000| Untracked 
|  51|0x0000000710600000, 0x0000000710600000, 0x0000000710800000|  0%| F|  |TAMS 0x0000000710600000, 0x0000000710600000| Untracked 
|  52|0x0000000710800000, 0x0000000710800000, 0x0000000710a00000|  0%| F|  |TAMS 0x0000000710800000, 0x0000000710800000| Untracked 
|  53|0x0000000710a00000, 0x0000000710b00800, 0x0000000710c00000| 50%| E|  |TAMS 0x0000000710a00000, 0x0000000710a00000| Complete 
|  54|0x0000000710c00000, 0x0000000710e00000, 0x0000000710e00000|100%| E|CS|TAMS 0x0000000710c00000, 0x0000000710c00000| Complete 
|  55|0x0000000710e00000, 0x0000000711000000, 0x0000000711000000|100%| E|CS|TAMS 0x0000000710e00000, 0x0000000710e00000| Complete 
|  56|0x0000000711000000, 0x0000000711200000, 0x0000000711200000|100%| E|CS|TAMS 0x0000000711000000, 0x0000000711000000| Complete 
|  57|0x0000000711200000, 0x0000000711400000, 0x0000000711400000|100%| E|CS|TAMS 0x0000000711200000, 0x0000000711200000| Complete 
|  58|0x0000000711400000, 0x0000000711600000, 0x0000000711600000|100%| E|CS|TAMS 0x0000000711400000, 0x0000000711400000| Complete 
|  59|0x0000000711600000, 0x0000000711800000, 0x0000000711800000|100%| E|CS|TAMS 0x0000000711600000, 0x0000000711600000| Complete 
|  60|0x0000000711800000, 0x0000000711a00000, 0x0000000711a00000|100%| E|CS|TAMS 0x0000000711800000, 0x0000000711800000| Complete 
|  61|0x0000000711a00000, 0x0000000711c00000, 0x0000000711c00000|100%| E|CS|TAMS 0x0000000711a00000, 0x0000000711a00000| Complete 
|  62|0x0000000711c00000, 0x0000000711e00000, 0x0000000711e00000|100%| E|CS|TAMS 0x0000000711c00000, 0x0000000711c00000| Complete 
|  63|0x0000000711e00000, 0x0000000712000000, 0x0000000712000000|100%| E|CS|TAMS 0x0000000711e00000, 0x0000000711e00000| Complete 
|  64|0x0000000712000000, 0x00000007121a0c40, 0x0000000712200000| 81%| S|CS|TAMS 0x0000000712000000, 0x0000000712000000| Complete 
|  65|0x0000000712200000, 0x0000000712400000, 0x0000000712400000|100%| E|CS|TAMS 0x0000000712200000, 0x0000000712200000| Complete 
|  66|0x0000000712400000, 0x0000000712600000, 0x0000000712600000|100%| E|CS|TAMS 0x0000000712400000, 0x0000000712400000| Complete 
|  67|0x0000000712600000, 0x0000000712800000, 0x0000000712800000|100%| E|CS|TAMS 0x0000000712600000, 0x0000000712600000| Complete 
|  68|0x0000000712800000, 0x0000000712a00000, 0x0000000712a00000|100%| E|CS|TAMS 0x0000000712800000, 0x0000000712800000| Complete 
|  98|0x0000000716400000, 0x0000000716600000, 0x0000000716600000|100%| E|CS|TAMS 0x0000000716400000, 0x0000000716400000| Complete 
|  99|0x0000000716600000, 0x0000000716800000, 0x0000000716800000|100%| E|CS|TAMS 0x0000000716600000, 0x0000000716600000| Complete 
| 100|0x0000000716800000, 0x0000000716a00000, 0x0000000716a00000|100%| E|CS|TAMS 0x0000000716800000, 0x0000000716800000| Complete 
| 101|0x0000000716a00000, 0x0000000716c00000, 0x0000000716c00000|100%| E|CS|TAMS 0x0000000716a00000, 0x0000000716a00000| Complete 
| 122|0x0000000719400000, 0x0000000719600000, 0x0000000719600000|100%| E|CS|TAMS 0x0000000719400000, 0x0000000719400000| Complete 

Card table byte_map: [0x000002a0de8e0000,0x000002a0df090000] _byte_map_base: 0x000002a0db090000

Marking Bits (Prev, Next): (CMBitMap*) 0x000002a0c5470240, (CMBitMap*) 0x000002a0c5470280
 Prev Bits: [0x000002a0df840000, 0x000002a0e35c0000)
 Next Bits: [0x000002a0e35c0000, 0x000002a0e7340000)

Polling page: 0x000002a0c54e0000

Metaspace:

Usage:
  Non-class:     32.92 MB used.
      Class:      4.23 MB used.
       Both:     37.15 MB used.

Virtual space:
  Non-class space:       64.00 MB reserved,      33.06 MB ( 52%) committed,  1 nodes.
      Class space:        1.00 GB reserved,       4.44 MB ( <1%) committed,  1 nodes.
             Both:        1.06 GB reserved,      37.50 MB (  3%) committed. 

Chunk freelists:
   Non-Class:  14.88 MB
       Class:  11.61 MB
        Both:  26.48 MB

MaxMetaspaceSize: unlimited
CompressedClassSpaceSize: 1.00 GB
Initial GC threshold: 21.00 MB
Current GC threshold: 59.06 MB
CDS: on
MetaspaceReclaimPolicy: balanced
 - commit_granule_bytes: 65536.
 - commit_granule_words: 8192.
 - virtual_space_node_default_size: 8388608.
 - enlarge_chunks_in_place: 1.
 - new_chunks_are_fully_committed: 0.
 - uncommit_free_chunks: 1.
 - use_allocation_guard: 0.
 - handle_deallocations: 1.


Internal statistics:

num_allocs_failed_limit: 6.
num_arena_births: 260.
num_arena_deaths: 0.
num_vsnodes_births: 2.
num_vsnodes_deaths: 0.
num_space_committed: 600.
num_space_uncommitted: 0.
num_chunks_returned_to_freelist: 6.
num_chunks_taken_from_freelist: 1500.
num_chunk_merges: 3.
num_chunk_splits: 1015.
num_chunks_enlarged: 764.
num_inconsistent_stats: 0.

CodeHeap 'non-profiled nmethods': size=120000Kb used=4474Kb max_used=4474Kb free=115525Kb
 bounds [0x000002a0d5f80000, 0x000002a0d63e0000, 0x000002a0dd4b0000]
CodeHeap 'profiled nmethods': size=120000Kb used=17420Kb max_used=17420Kb free=102579Kb
 bounds [0x000002a0ce4b0000, 0x000002a0cf5c0000, 0x000002a0d59e0000]
CodeHeap 'non-nmethods': size=5760Kb used=1271Kb max_used=1339Kb free=4488Kb
 bounds [0x000002a0d59e0000, 0x000002a0d5c50000, 0x000002a0d5f80000]
 total_blobs=8288 nmethods=7707 adapters=492
 compilation: enabled
              stopped_count=0, restarted_count=0
 full_count=0

Compilation events (20 events):
Event: 14.528 Thread 0x000002a0ea052bc0 nmethod 8635 0x000002a0cf5a6210 code [0x000002a0cf5a6400, 0x000002a0cf5a6a28]
Event: 14.528 Thread 0x000002a0ea052bc0 8636       3       java.util.stream.FindOps$FindSink::<init> (5 bytes)
Event: 14.528 Thread 0x000002a0ea052bc0 nmethod 8636 0x000002a0cf5a6b90 code [0x000002a0cf5a6d20, 0x000002a0cf5a6e78]
Event: 14.528 Thread 0x000002a0ea052bc0 8637       3       java.util.stream.FindOps::makeRef (14 bytes)
Event: 14.528 Thread 0x000002a0ea052bc0 nmethod 8637 0x000002a0cf5a6f10 code [0x000002a0cf5a70a0, 0x000002a0cf5a7218]
Event: 14.528 Thread 0x000002a0ea052bc0 8638       3       com.sun.tools.javac.code.Type$DelegatedType::getParameterTypes (8 bytes)
Event: 14.528 Thread 0x000002a0ea052bc0 nmethod 8638 0x000002a0cf5a7290 code [0x000002a0cf5a7440, 0x000002a0cf5a7628]
Event: 14.528 Thread 0x000002a0ea052bc0 8639       3       com.sun.tools.javac.comp.DeferredAttr$DeferredAttrContext::<init> (55 bytes)
Event: 14.528 Thread 0x000002a0ea052bc0 nmethod 8639 0x000002a0cf5a7710 code [0x000002a0cf5a7900, 0x000002a0cf5a8018]
Event: 14.528 Thread 0x000002a0ea052bc0 8640       3       java.util.Spliterators$ArraySpliterator::tryAdvance (58 bytes)
Event: 14.529 Thread 0x000002a0ea052bc0 nmethod 8640 0x000002a0cf5a8210 code [0x000002a0cf5a83e0, 0x000002a0cf5a8798]
Event: 14.529 Thread 0x000002a0ea052bc0 8641       3       com.sun.tools.javac.tree.JCTree::getTree (2 bytes)
Event: 14.529 Thread 0x000002a0ea052bc0 nmethod 8641 0x000002a0cf5a8910 code [0x000002a0cf5a8aa0, 0x000002a0cf5a8bb8]
Event: 14.530 Thread 0x000002a0ea052bc0 8642       3       com.sun.tools.javac.code.Types$DefaultTypeVisitor::<init> (5 bytes)
Event: 14.530 Thread 0x000002a0ea052bc0 nmethod 8642 0x000002a0cf5a8c90 code [0x000002a0cf5a8e20, 0x000002a0cf5a8f78]
Event: 14.530 Thread 0x000002a0ea052bc0 8644       3       com.sun.tools.javac.comp.AttrRecover::doRecovery (705 bytes)
Event: 14.536 Thread 0x000002a0ea052bc0 nmethod 8644 0x000002a0cf5a9010 code [0x000002a0cf5a98e0, 0x000002a0cf5b0208]
Event: 14.536 Thread 0x000002a0ea052bc0 8646       3       com.sun.tools.javac.comp.Operators$BinaryOperatorHelper$$Lambda$423/0x000002a081442200::test (20 bytes)
Event: 14.536 Thread 0x000002a0ea052bc0 nmethod 8646 0x000002a0cf5b2c10 code [0x000002a0cf5b2dc0, 0x000002a0cf5b3108]
Event: 14.536 Thread 0x000002a0ea052bc0 8647       3       com.sun.tools.javac.comp.Operators$BinaryOperatorHelper::lambda$doLookup$0 (8 bytes)

GC Heap History (20 events):
Event: 5.643 GC heap before
{Heap before GC invocations=7 (full 0):
 garbage-first heap   total 49152K, used 31594K [0x000000070a000000, 0x0000000800000000)
  region size 2048K, 10 young (20480K), 2 survivors (4096K)
 Metaspace       used 23419K, committed 23616K, reserved 1114112K
  class space    used 2786K, committed 2880K, reserved 1048576K
}
Event: 5.647 GC heap after
{Heap after GC invocations=8 (full 0):
 garbage-first heap   total 49152K, used 16251K [0x000000070a000000, 0x0000000800000000)
  region size 2048K, 2 young (4096K), 2 survivors (4096K)
 Metaspace       used 23419K, committed 23616K, reserved 1114112K
  class space    used 2786K, committed 2880K, reserved 1048576K
}
Event: 7.447 GC heap before
{Heap before GC invocations=8 (full 0):
 garbage-first heap   total 49152K, used 30587K [0x000000070a000000, 0x0000000800000000)
  region size 2048K, 10 young (20480K), 2 survivors (4096K)
 Metaspace       used 23600K, committed 23872K, reserved 1114112K
  class space    used 2788K, committed 2880K, reserved 1048576K
}
Event: 7.450 GC heap after
{Heap after GC invocations=9 (full 0):
 garbage-first heap   total 49152K, used 16904K [0x000000070a000000, 0x0000000800000000)
  region size 2048K, 1 young (2048K), 1 survivors (2048K)
 Metaspace       used 23600K, committed 23872K, reserved 1114112K
  class space    used 2788K, committed 2880K, reserved 1048576K
}
Event: 8.510 GC heap before
{Heap before GC invocations=9 (full 0):
 garbage-first heap   total 49152K, used 35336K [0x000000070a000000, 0x0000000800000000)
  region size 2048K, 10 young (20480K), 1 survivors (2048K)
 Metaspace       used 23903K, committed 24128K, reserved 1114112K
  class space    used 2791K, committed 2880K, reserved 1048576K
}
Event: 8.512 GC heap after
{Heap after GC invocations=10 (full 0):
 garbage-first heap   total 49152K, used 17448K [0x000000070a000000, 0x0000000800000000)
  region size 2048K, 2 young (4096K), 2 survivors (4096K)
 Metaspace       used 23903K, committed 24128K, reserved 1114112K
  class space    used 2791K, committed 2880K, reserved 1048576K
}
Event: 9.174 GC heap before
{Heap before GC invocations=10 (full 0):
 garbage-first heap   total 49152K, used 33832K [0x000000070a000000, 0x0000000800000000)
  region size 2048K, 10 young (20480K), 2 survivors (4096K)
 Metaspace       used 24026K, committed 24192K, reserved 1114112K
  class space    used 2792K, committed 2880K, reserved 1048576K
}
Event: 9.177 GC heap after
{Heap after GC invocations=11 (full 0):
 garbage-first heap   total 49152K, used 18761K [0x000000070a000000, 0x0000000800000000)
  region size 2048K, 2 young (4096K), 2 survivors (4096K)
 Metaspace       used 24026K, committed 24192K, reserved 1114112K
  class space    used 2792K, committed 2880K, reserved 1048576K
}
Event: 9.265 GC heap before
{Heap before GC invocations=11 (full 0):
 garbage-first heap   total 49152K, used 35145K [0x000000070a000000, 0x0000000800000000)
  region size 2048K, 10 young (20480K), 2 survivors (4096K)
 Metaspace       used 24138K, committed 24384K, reserved 1114112K
  class space    used 2792K, committed 2880K, reserved 1048576K
}
Event: 9.268 GC heap after
{Heap after GC invocations=12 (full 0):
 garbage-first heap   total 49152K, used 18874K [0x000000070a000000, 0x0000000800000000)
  region size 2048K, 2 young (4096K), 2 survivors (4096K)
 Metaspace       used 24138K, committed 24384K, reserved 1114112K
  class space    used 2792K, committed 2880K, reserved 1048576K
}
Event: 9.355 GC heap before
{Heap before GC invocations=12 (full 0):
 garbage-first heap   total 49152K, used 33210K [0x000000070a000000, 0x0000000800000000)
  region size 2048K, 10 young (20480K), 2 survivors (4096K)
 Metaspace       used 24231K, committed 24448K, reserved 1114112K
  class space    used 2793K, committed 2880K, reserved 1048576K
}
Event: 9.358 GC heap after
{Heap after GC invocations=13 (full 0):
 garbage-first heap   total 49152K, used 19219K [0x000000070a000000, 0x0000000800000000)
  region size 2048K, 1 young (2048K), 1 survivors (2048K)
 Metaspace       used 24231K, committed 24448K, reserved 1114112K
  class space    used 2793K, committed 2880K, reserved 1048576K
}
Event: 9.473 GC heap before
{Heap before GC invocations=13 (full 0):
 garbage-first heap   total 49152K, used 37651K [0x000000070a000000, 0x0000000800000000)
  region size 2048K, 10 young (20480K), 1 survivors (2048K)
 Metaspace       used 24321K, committed 24512K, reserved 1114112K
  class space    used 2794K, committed 2880K, reserved 1048576K
}
Event: 9.475 GC heap after
{Heap after GC invocations=14 (full 0):
 garbage-first heap   total 151552K, used 19999K [0x000000070a000000, 0x0000000800000000)
  region size 2048K, 2 young (4096K), 2 survivors (4096K)
 Metaspace       used 24321K, committed 24512K, reserved 1114112K
  class space    used 2794K, committed 2880K, reserved 1048576K
}
Event: 13.010 GC heap before
{Heap before GC invocations=14 (full 0):
 garbage-first heap   total 151552K, used 108063K [0x000000070a000000, 0x0000000800000000)
  region size 2048K, 44 young (90112K), 2 survivors (4096K)
 Metaspace       used 28334K, committed 28608K, reserved 1114112K
  class space    used 3213K, committed 3328K, reserved 1048576K
}
Event: 13.016 GC heap after
{Heap after GC invocations=15 (full 0):
 garbage-first heap   total 151552K, used 27050K [0x000000070a000000, 0x0000000800000000)
  region size 2048K, 4 young (8192K), 4 survivors (8192K)
 Metaspace       used 28334K, committed 28608K, reserved 1114112K
  class space    used 3213K, committed 3328K, reserved 1048576K
}
Event: 13.786 GC heap before
{Heap before GC invocations=15 (full 0):
 garbage-first heap   total 151552K, used 108970K [0x000000070a000000, 0x0000000800000000)
  region size 2048K, 44 young (90112K), 4 survivors (8192K)
 Metaspace       used 35096K, committed 35456K, reserved 1114112K
  class space    used 3990K, committed 4160K, reserved 1048576K
}
Event: 13.803 GC heap after
{Heap after GC invocations=16 (full 0):
 garbage-first heap   total 151552K, used 56440K [0x000000070a000000, 0x0000000800000000)
  region size 2048K, 6 young (12288K), 6 survivors (12288K)
 Metaspace       used 35096K, committed 35456K, reserved 1114112K
  class space    used 3990K, committed 4160K, reserved 1048576K
}
Event: 14.006 GC heap before
{Heap before GC invocations=16 (full 0):
 garbage-first heap   total 151552K, used 72824K [0x000000070a000000, 0x0000000800000000)
  region size 2048K, 15 young (30720K), 6 survivors (12288K)
 Metaspace       used 35803K, committed 36096K, reserved 1114112K
  class space    used 4079K, committed 4224K, reserved 1048576K
}
Event: 14.012 GC heap after
{Heap after GC invocations=17 (full 0):
 garbage-first heap   total 151552K, used 59011K [0x000000070a000000, 0x0000000800000000)
  region size 2048K, 1 young (2048K), 1 survivors (2048K)
 Metaspace       used 35803K, committed 36096K, reserved 1114112K
  class space    used 4079K, committed 4224K, reserved 1048576K
}

Deoptimization events (20 events):
Event: 14.476 Thread 0x000002a0c53ffe00 Uncommon trap: trap_request=0xffffff45 fr.pc=0x000002a0d63bb854 relative=0x0000000000001654
Event: 14.476 Thread 0x000002a0c53ffe00 Uncommon trap: reason=unstable_if action=reinterpret pc=0x000002a0d63bb854 method=java.util.WeakHashMap.matchesKey(Ljava/util/WeakHashMap$Entry;Ljava/lang/Object;)Z @ 24 c2
Event: 14.476 Thread 0x000002a0c53ffe00 DEOPT PACKING pc=0x000002a0d63bb854 sp=0x000000d1299fd560
Event: 14.476 Thread 0x000002a0c53ffe00 DEOPT UNPACKING pc=0x000002a0d5a323a3 sp=0x000000d1299fd4e8 mode 2
Event: 14.488 Thread 0x000002a0c53ffe00 Uncommon trap: trap_request=0xffffffde fr.pc=0x000002a0d63cb490 relative=0x00000000000000f0
Event: 14.488 Thread 0x000002a0c53ffe00 Uncommon trap: reason=class_check action=maybe_recompile pc=0x000002a0d63cb490 method=com.sun.tools.javac.code.Type.containsAny(Lcom/sun/tools/javac/util/List;)Z @ 6 c2
Event: 14.488 Thread 0x000002a0c53ffe00 DEOPT PACKING pc=0x000002a0d63cb490 sp=0x000000d1299fd010
Event: 14.488 Thread 0x000002a0c53ffe00 DEOPT UNPACKING pc=0x000002a0d5a323a3 sp=0x000000d1299fcfa0 mode 2
Event: 14.489 Thread 0x000002a0c53ffe00 Uncommon trap: trap_request=0xffffffde fr.pc=0x000002a0d63cb490 relative=0x00000000000000f0
Event: 14.489 Thread 0x000002a0c53ffe00 Uncommon trap: reason=class_check action=maybe_recompile pc=0x000002a0d63cb490 method=com.sun.tools.javac.code.Type.containsAny(Lcom/sun/tools/javac/util/List;)Z @ 6 c2
Event: 14.489 Thread 0x000002a0c53ffe00 DEOPT PACKING pc=0x000002a0d63cb490 sp=0x000000d1299fd010
Event: 14.489 Thread 0x000002a0c53ffe00 DEOPT UNPACKING pc=0x000002a0d5a323a3 sp=0x000000d1299fcfa0 mode 2
Event: 14.489 Thread 0x000002a0c53ffe00 Uncommon trap: trap_request=0xffffffde fr.pc=0x000002a0d63cb490 relative=0x00000000000000f0
Event: 14.489 Thread 0x000002a0c53ffe00 Uncommon trap: reason=class_check action=maybe_recompile pc=0x000002a0d63cb490 method=com.sun.tools.javac.code.Type.containsAny(Lcom/sun/tools/javac/util/List;)Z @ 6 c2
Event: 14.489 Thread 0x000002a0c53ffe00 DEOPT PACKING pc=0x000002a0d63cb490 sp=0x000000d1299fd010
Event: 14.489 Thread 0x000002a0c53ffe00 DEOPT UNPACKING pc=0x000002a0d5a323a3 sp=0x000000d1299fcfa0 mode 2
Event: 14.489 Thread 0x000002a0c53ffe00 Uncommon trap: trap_request=0xffffffde fr.pc=0x000002a0d63cb490 relative=0x00000000000000f0
Event: 14.489 Thread 0x000002a0c53ffe00 Uncommon trap: reason=class_check action=maybe_recompile pc=0x000002a0d63cb490 method=com.sun.tools.javac.code.Type.containsAny(Lcom/sun/tools/javac/util/List;)Z @ 6 c2
Event: 14.489 Thread 0x000002a0c53ffe00 DEOPT PACKING pc=0x000002a0d63cb490 sp=0x000000d1299fd010
Event: 14.489 Thread 0x000002a0c53ffe00 DEOPT UNPACKING pc=0x000002a0d5a323a3 sp=0x000000d1299fcfa0 mode 2

Classes unloaded (0 events):
No events

Classes redefined (0 events):
No events

Internal exceptions (20 events):
Event: 14.484 Thread 0x000002a0c53ffe00 Exception <a 'sun/nio/fs/WindowsException'{0x0000000710cc5218}> (0x0000000710cc5218) 
thrown [s\open\src\hotspot\share\prims\jni.cpp, line 516]
Event: 14.486 Thread 0x000002a0c53ffe00 Exception <a 'sun/nio/fs/WindowsException'{0x0000000710cd0628}> (0x0000000710cd0628) 
thrown [s\open\src\hotspot\share\prims\jni.cpp, line 516]
Event: 14.486 Thread 0x000002a0c53ffe00 Exception <a 'sun/nio/fs/WindowsException'{0x0000000710cd0908}> (0x0000000710cd0908) 
thrown [s\open\src\hotspot\share\prims\jni.cpp, line 516]
Event: 14.486 Thread 0x000002a0c53ffe00 Exception <a 'sun/nio/fs/WindowsException'{0x0000000710cdbb98}> (0x0000000710cdbb98) 
thrown [s\open\src\hotspot\share\prims\jni.cpp, line 516]
Event: 14.486 Thread 0x000002a0c53ffe00 Exception <a 'sun/nio/fs/WindowsException'{0x0000000710cdbe28}> (0x0000000710cdbe28) 
thrown [s\open\src\hotspot\share\prims\jni.cpp, line 516]
Event: 14.487 Thread 0x000002a0c53ffe00 Exception <a 'sun/nio/fs/WindowsException'{0x0000000710cf9a18}> (0x0000000710cf9a18) 
thrown [s\open\src\hotspot\share\prims\jni.cpp, line 516]
Event: 14.487 Thread 0x000002a0c53ffe00 Exception <a 'sun/nio/fs/WindowsException'{0x0000000710cf9ce8}> (0x0000000710cf9ce8) 
thrown [s\open\src\hotspot\share\prims\jni.cpp, line 516]
Event: 14.487 Thread 0x000002a0c53ffe00 Exception <a 'sun/nio/fs/WindowsException'{0x0000000710cfb168}> (0x0000000710cfb168) 
thrown [s\open\src\hotspot\share\prims\jni.cpp, line 516]
Event: 14.487 Thread 0x000002a0c53ffe00 Exception <a 'sun/nio/fs/WindowsException'{0x0000000710cfb4c8}> (0x0000000710cfb4c8) 
thrown [s\open\src\hotspot\share\prims\jni.cpp, line 516]
Event: 14.495 Thread 0x000002a0c53ffe00 Exception <a 'sun/nio/fs/WindowsException'{0x0000000710d85d50}> (0x0000000710d85d50) 
thrown [s\open\src\hotspot\share\prims\jni.cpp, line 516]
Event: 14.495 Thread 0x000002a0c53ffe00 Exception <a 'sun/nio/fs/WindowsException'{0x0000000710d863c8}> (0x0000000710d863c8) 
thrown [s\open\src\hotspot\share\prims\jni.cpp, line 516]
Event: 14.495 Thread 0x000002a0c53ffe00 Exception <a 'sun/nio/fs/WindowsException'{0x0000000710d86f90}> (0x0000000710d86f90) 
thrown [s\open\src\hotspot\share\prims\jni.cpp, line 516]
Event: 14.495 Thread 0x000002a0c53ffe00 Exception <a 'sun/nio/fs/WindowsException'{0x0000000710d87670}> (0x0000000710d87670) 
thrown [s\open\src\hotspot\share\prims\jni.cpp, line 516]
Event: 14.519 Thread 0x000002a0c53ffe00 Exception <a 'sun/nio/fs/WindowsException'{0x0000000710a02fc8}> (0x0000000710a02fc8) 
thrown [s\open\src\hotspot\share\prims\jni.cpp, line 516]
Event: 14.520 Thread 0x000002a0c53ffe00 Exception <a 'sun/nio/fs/WindowsException'{0x0000000710a03640}> (0x0000000710a03640) 
thrown [s\open\src\hotspot\share\prims\jni.cpp, line 516]
Event: 14.520 Thread 0x000002a0c53ffe00 Exception <a 'sun/nio/fs/WindowsException'{0x0000000710a04208}> (0x0000000710a04208) 
thrown [s\open\src\hotspot\share\prims\jni.cpp, line 516]
Event: 14.520 Thread 0x000002a0c53ffe00 Exception <a 'sun/nio/fs/WindowsException'{0x0000000710a048f8}> (0x0000000710a048f8) 
thrown [s\open\src\hotspot\share\prims\jni.cpp, line 516]
Event: 14.525 Thread 0x000002a0c53ffe00 Exception <a 'sun/nio/fs/WindowsException'{0x0000000710a28148}> (0x0000000710a28148) 
thrown [s\open\src\hotspot\share\prims\jni.cpp, line 516]
Event: 14.525 Thread 0x000002a0c53ffe00 Exception <a 'sun/nio/fs/WindowsException'{0x0000000710a287c0}> (0x0000000710a287c0) 
thrown [s\open\src\hotspot\share\prims\jni.cpp, line 516]
Event: 14.525 Thread 0x000002a0c53ffe00 Exception <a 'sun/nio/fs/WindowsException'{0x0000000710a29388}> (0x0000000710a29388) 
thrown [s\open\src\hotspot\share\prims\jni.cpp, line 516]

VM Operations (20 events):
Event: 14.037 Executing VM operation: G1Concurrent
Event: 14.037 Executing VM operation: G1Concurrent done
Event: 14.180 Executing VM operation: HandshakeAllThreads
Event: 14.180 Executing VM operation: HandshakeAllThreads done
Event: 14.290 Executing VM operation: ICBufferFull
Event: 14.290 Executing VM operation: ICBufferFull done
Event: 14.366 Executing VM operation: HandshakeAllThreads
Event: 14.366 Executing VM operation: HandshakeAllThreads done
Event: 14.367 Executing VM operation: ICBufferFull
Event: 14.367 Executing VM operation: ICBufferFull done
Event: 14.370 Executing VM operation: HandshakeAllThreads
Event: 14.370 Executing VM operation: HandshakeAllThreads done
Event: 14.404 Executing VM operation: HandshakeAllThreads
Event: 14.405 Executing VM operation: HandshakeAllThreads done
Event: 14.428 Executing VM operation: HandshakeAllThreads
Event: 14.428 Executing VM operation: HandshakeAllThreads done
Event: 14.439 Executing VM operation: HandshakeAllThreads
Event: 14.439 Executing VM operation: HandshakeAllThreads done
Event: 14.489 Executing VM operation: ICBufferFull
Event: 14.490 Executing VM operation: ICBufferFull done

Events (20 events):
Event: 13.991 Thread 0x000002a0ea05e9c0 flushing nmethod 0x000002a0cec4c310
Event: 13.994 Thread 0x000002a0ea05e9c0 flushing nmethod 0x000002a0cf187a90
Event: 13.994 Thread 0x000002a0ea05e9c0 flushing nmethod 0x000002a0cf188290
Event: 13.994 Thread 0x000002a0ea05e9c0 flushing nmethod 0x000002a0cf188710
Event: 14.073 loading class java/util/Collections$UnmodifiableSortedSet
Event: 14.073 loading class java/util/Collections$UnmodifiableSortedSet done
Event: 14.079 loading class java/util/IdentityHashMap$EntrySet
Event: 14.079 loading class java/util/IdentityHashMap$EntrySet done
Event: 14.079 loading class java/util/IdentityHashMap$EntryIterator
Event: 14.079 loading class java/util/IdentityHashMap$EntryIterator done
Event: 14.079 loading class java/util/IdentityHashMap$EntryIterator$Entry
Event: 14.079 loading class java/util/IdentityHashMap$EntryIterator$Entry done
Event: 14.179 loading class java/util/regex/Pattern$LazyLoop
Event: 14.179 loading class java/util/regex/Pattern$LazyLoop done
Event: 14.446 loading class java/util/function/ToIntBiFunction
Event: 14.446 loading class java/util/function/ToIntBiFunction done
Event: 14.449 loading class java/io/DataOutputStream
Event: 14.449 loading class java/io/DataOutputStream done
Event: 14.456 loading class java/nio/file/Path$1
Event: 14.456 loading class java/nio/file/Path$1 done


Dynamic libraries:
0x00007ff74cb00000 - 0x00007ff74cb10000 	C:\Program Files\Java\jdk-17\bin\java.exe
0x00007ff9b32f0000 - 0x00007ff9b34e8000 	C:\Windows\SYSTEM32\ntdll.dll
0x00007ff9b2d80000 - 0x00007ff9b2e3d000 	C:\Windows\System32\KERNEL32.DLL
0x00007ff9b0c20000 - 0x00007ff9b0f16000 	C:\Windows\System32\KERNELBASE.dll
0x00007ff9b09d0000 - 0x00007ff9b0ad0000 	C:\Windows\System32\ucrtbase.dll
0x00007ff995090000 - 0x00007ff9950ab000 	C:\Program Files\Java\jdk-17\bin\VCRUNTIME140.dll
0x00007ff9890c0000 - 0x00007ff9890d9000 	C:\Program Files\Java\jdk-17\bin\jli.dll
0x00007ff9b2f80000 - 0x00007ff9b302e000 	C:\Windows\System32\ADVAPI32.dll
0x00007ff9b1f50000 - 0x00007ff9b1fee000 	C:\Windows\System32\msvcrt.dll
0x00007ff9b2bc0000 - 0x00007ff9b2c5c000 	C:\Windows\System32\sechost.dll
0x00007ff9b2410000 - 0x00007ff9b2536000 	C:\Windows\System32\RPCRT4.dll
0x00007ff9b3110000 - 0x00007ff9b32ae000 	C:\Windows\System32\USER32.dll
0x00007ff9b0f20000 - 0x00007ff9b0f42000 	C:\Windows\System32\win32u.dll
0x00007ff9b2330000 - 0x00007ff9b235c000 	C:\Windows\System32\GDI32.dll
0x00007ff99f1e0000 - 0x00007ff99f47a000 	C:\Windows\WinSxS\amd64_microsoft.windows.common-controls_6595b64144ccf1df_6.0.19041.3636_none_60b6a03d71f818d5\COMCTL32.dll
0x00007ff9b11b0000 - 0x00007ff9b12ca000 	C:\Windows\System32\gdi32full.dll
0x00007ff9b0ad0000 - 0x00007ff9b0b6d000 	C:\Windows\System32\msvcp_win.dll
0x00007ff9aaaa0000 - 0x00007ff9aaaaa000 	C:\Windows\SYSTEM32\VERSION.dll
0x00007ff9b2ea0000 - 0x00007ff9b2ed0000 	C:\Windows\System32\IMM32.DLL
0x00007ff995070000 - 0x00007ff99507c000 	C:\Program Files\Java\jdk-17\bin\vcruntime140_1.dll
0x00007ff98a810000 - 0x00007ff98a89e000 	C:\Program Files\Java\jdk-17\bin\msvcp140.dll
0x00007ff962120000 - 0x00007ff962d01000 	C:\Program Files\Java\jdk-17\bin\server\jvm.dll
0x00007ff9b3030000 - 0x00007ff9b3038000 	C:\Windows\System32\PSAPI.DLL
0x00007ff9a8bd0000 - 0x00007ff9a8bf7000 	C:\Windows\SYSTEM32\WINMM.dll
0x00007ff995080000 - 0x00007ff995089000 	C:\Windows\SYSTEM32\WSOCK32.dll
0x00007ff9b1e60000 - 0x00007ff9b1ecb000 	C:\Windows\System32\WS2_32.dll
0x00007ff9ae8b0000 - 0x00007ff9ae8c2000 	C:\Windows\SYSTEM32\kernel.appcore.dll
0x00007ff994780000 - 0x00007ff99478a000 	C:\Program Files\Java\jdk-17\bin\jimage.dll
0x00007ff9aab40000 - 0x00007ff9aad24000 	C:\Windows\SYSTEM32\DBGHELP.DLL
0x00007ff99f1a0000 - 0x00007ff99f1d4000 	C:\Windows\SYSTEM32\dbgcore.DLL
0x00007ff9b0f50000 - 0x00007ff9b0fd2000 	C:\Windows\System32\bcryptPrimitives.dll
0x00007ff995040000 - 0x00007ff995065000 	C:\Program Files\Java\jdk-17\bin\java.dll
0x00007ff988bc0000 - 0x00007ff988c97000 	C:\Program Files\Java\jdk-17\bin\jsvml.dll
0x00007ff9b13b0000 - 0x00007ff9b1af4000 	C:\Windows\System32\SHELL32.dll
0x00007ff9aeab0000 - 0x00007ff9af24b000 	C:\Windows\SYSTEM32\windows.storage.dll
0x00007ff9b1b00000 - 0x00007ff9b1e54000 	C:\Windows\System32\combase.dll
0x00007ff9b03a0000 - 0x00007ff9b03cd000 	C:\Windows\SYSTEM32\Wldp.dll
0x00007ff9b2360000 - 0x00007ff9b240d000 	C:\Windows\System32\SHCORE.dll
0x00007ff9b2e40000 - 0x00007ff9b2e95000 	C:\Windows\System32\shlwapi.dll
0x00007ff9b0900000 - 0x00007ff9b0925000 	C:\Windows\SYSTEM32\profapi.dll
0x00007ff990bc0000 - 0x00007ff990bd9000 	C:\Program Files\Java\jdk-17\bin\net.dll
0x00007ff9a9520000 - 0x00007ff9a962a000 	C:\Windows\SYSTEM32\WINHTTP.dll
0x00007ff9b00a0000 - 0x00007ff9b010a000 	C:\Windows\system32\mswsock.dll
0x00007ff98ab40000 - 0x00007ff98ab56000 	C:\Program Files\Java\jdk-17\bin\nio.dll
0x00007ff98a8a0000 - 0x00007ff98a8b8000 	C:\Program Files\Java\jdk-17\bin\zip.dll
0x0000000069ac0000 - 0x0000000069ae4000 	C:\Program Files\NetBeans-19\netbeans\java\maven\lib\jansi-native\Windows\x86_64\jansi.dll
0x00007ff994640000 - 0x00007ff994650000 	C:\Program Files\Java\jdk-17\bin\verify.dll
0x00007ff989d60000 - 0x00007ff989d6e000 	C:\Program Files\Java\jdk-17\bin\sunmscapi.dll
0x00007ff9b0fe0000 - 0x00007ff9b113d000 	C:\Windows\System32\CRYPT32.dll
0x00007ff9b0410000 - 0x00007ff9b0437000 	C:\Windows\SYSTEM32\ncrypt.dll
0x00007ff9b03d0000 - 0x00007ff9b040b000 	C:\Windows\SYSTEM32\NTASN1.dll
0x00007ff9b02f0000 - 0x00007ff9b0308000 	C:\Windows\SYSTEM32\CRYPTSP.dll
0x00007ff9af9d0000 - 0x00007ff9afa04000 	C:\Windows\system32\rsaenh.dll
0x00007ff9b1320000 - 0x00007ff9b1347000 	C:\Windows\System32\bcrypt.dll
0x00007ff9b08c0000 - 0x00007ff9b08ee000 	C:\Windows\SYSTEM32\USERENV.dll
0x00007ff9b0310000 - 0x00007ff9b031c000 	C:\Windows\SYSTEM32\CRYPTBASE.dll
0x00007ff9afd90000 - 0x00007ff9afdcb000 	C:\Windows\SYSTEM32\IPHLPAPI.DLL
0x00007ff9b2610000 - 0x00007ff9b2618000 	C:\Windows\System32\NSI.dll
0x00007ff9aa0b0000 - 0x00007ff9aa0c7000 	C:\Windows\SYSTEM32\dhcpcsvc6.DLL
0x00007ff9aaab0000 - 0x00007ff9aaacd000 	C:\Windows\SYSTEM32\dhcpcsvc.DLL
0x00007ff9afdd0000 - 0x00007ff9afe9a000 	C:\Windows\SYSTEM32\DNSAPI.dll
0x00007ff9a6910000 - 0x00007ff9a691a000 	C:\Windows\System32\rasadhlp.dll
0x00007ff9a2820000 - 0x00007ff9a28a0000 	C:\Windows\System32\fwpuclnt.dll
0x00007ff9afaf0000 - 0x00007ff9afb23000 	C:\Windows\SYSTEM32\ntmarta.dll

dbghelp: loaded successfully - version: 4.0.5 - missing functions: none
symbol engine: initialized successfully - sym options: 0x614 - pdb path: .;C:\Program Files\Java\jdk-17\bin;C:\Windows\SYSTEM32;C:\Windows\WinSxS\amd64_microsoft.windows.common-controls_6595b64144ccf1df_6.0.19041.3636_none_60b6a03d71f818d5;C:\Program Files\Java\jdk-17\bin\server;C:\Program Files\NetBeans-19\netbeans\java\maven\lib\jansi-native\Windows\x86_64

VM Arguments:
jvm_args: -Dclassworlds.conf=C:\Program Files\NetBeans-19\netbeans\java\maven\bin\m2.conf -Dmaven.home=C:\Program Files\NetBeans-19\netbeans\java\maven -Dlibrary.jansi.path=C:\Program Files\NetBeans-19\netbeans\java\maven\lib\jansi-native -Dmaven.multiModuleProjectDirectory=D:\u\Netbeans Web\tienda 
java_command: org.codehaus.plexus.classworlds.launcher.Launcher -Dmaven.ext.class.path=C:\Program Files\NetBeans-19\netbeans\java\maven-nblib\netbeans-eventspy.jar -Dfile.encoding=UTF-8 --no-transfer-progress clean install
java_class_path (initial): C:\Program Files\NetBeans-19\netbeans\java\maven\boot\plexus-classworlds-2.7.0.jar
Launcher Type: SUN_STANDARD

[Global flags]
     intx CICompilerCount                          = 4                                         {product} {ergonomic}
     uint ConcGCThreads                            = 3                                         {product} {ergonomic}
     uint G1ConcRefinementThreads                  = 10                                        {product} {ergonomic}
   size_t G1HeapRegionSize                         = 2097152                                   {product} {ergonomic}
    uintx GCDrainStackTargetSize                   = 64                                        {product} {ergonomic}
   size_t InitialHeapSize                          = 257949696                                 {product} {ergonomic}
   size_t MarkStackSize                            = 4194304                                   {product} {ergonomic}
   size_t MaxHeapSize                              = 4127195136                                {product} {ergonomic}
   size_t MaxNewSize                               = 2474639360                                {product} {ergonomic}
   size_t MinHeapDeltaBytes                        = 2097152                                   {product} {ergonomic}
   size_t MinHeapSize                              = 8388608                                   {product} {ergonomic}
    uintx NonNMethodCodeHeapSize                   = 5839372                                {pd product} {ergonomic}
    uintx NonProfiledCodeHeapSize                  = 122909434                              {pd product} {ergonomic}
    uintx ProfiledCodeHeapSize                     = 122909434                              {pd product} {ergonomic}
    uintx ReservedCodeCacheSize                    = 251658240                              {pd product} {ergonomic}
     bool SegmentedCodeCache                       = true                                      {product} {ergonomic}
   size_t SoftMaxHeapSize                          = 4127195136                             {manageable} {ergonomic}
     bool UseCompressedClassPointers               = true                           {product lp64_product} {ergonomic}
     bool UseCompressedOops                        = true                           {product lp64_product} {ergonomic}
     bool UseG1GC                                  = true                                      {product} {ergonomic}
     bool UseLargePagesIndividualAllocation        = false                                  {pd product} {ergonomic}

Logging:
Log output configuration:
 #0: stdout all=warning uptime,level,tags
 #1: stderr all=off uptime,level,tags

Environment Variables:
JAVA_HOME=C:\Program Files\Java\jdk-17
PATH=C:\Program Files\Common Files\Oracle\Java\javapath;C:\Program Files (x86)\Common Files\Oracle\Java\javapath;C:\Windows\system32;C:\Windows;C:\Windows\System32\Wbem;C:\Windows\System32\WindowsPowerShell\v1.0\;C:\Windows\System32\OpenSSH\;C:\Program Files\MySQL\MySQL Shell 8.0\bin\;C:\Users\smerl\AppData\Local\Microsoft\WindowsApps;
USERNAME=smerl
OS=Windows_NT
PROCESSOR_IDENTIFIER=AMD64 Family 23 Model 96 Stepping 1, AuthenticAMD



---------------  S Y S T E M  ---------------

OS:
 Windows 10 , 64 bit Build 19041 (10.0.19041.3636)
OS uptime: 0 days 0:07 hours

CPU: total 12 (initial active 12) (12 cores per cpu, 2 threads per core) family 23 model 96 stepping 1 microcode 0x0, cx8, cmov, fxsr, ht, mmx, 3dnowpref, sse, sse2, sse3, ssse3, sse4a, sse4.1, sse4.2, popcnt, lzcnt, tsc, tscinvbit, avx, avx2, aes, clmul, bmi1, bmi2, adx, sha, fma, vzeroupper, clflush, clflushopt

Memory: 4k page, system-wide physical 15740M (10676M free)
TotalPageFile size 18684M (AvailPageFile size 11793M)
current process WorkingSet (physical memory assigned to process): 335M, peak: 341M
current process commit charge ("private bytes"): 375M, peak: 385M

vm_info: Java HotSpot(TM) 64-Bit Server VM (17.0.9+11-LTS-201) for windows-amd64 JRE (17.0.9+11-LTS-201), built on Oct 10 2023 23:16:06 by "mach5one" with MS VC++ 17.1 (VS2022)

END.
