#
# A fatal error has been detected by the Java Runtime Environment:
#
#  EXCEPTION_ACCESS_VIOLATION (0xc0000005) at pc=0x00007ffbb3018330, pid=9824, tid=2848
#
# JRE version: Java(TM) SE Runtime Environment (17.0.9+11) (build 17.0.9+11-LTS-201)
# Java VM: Java HotSpot(TM) 64-Bit Server VM (17.0.9+11-LTS-201, mixed mode, emulated-client, sharing, tiered, compressed oops, compressed class ptrs, g1 gc, windows-amd64)
# Problematic frame:
# V  [jvm.dll+0x6c8330]
#
# No core dump will be written. Minidumps are not enabled by default on client versions of Windows
#
# If you would like to submit a bug report, please visit:
#   https://bugreport.java.com/bugreport/crash.jsp
#

---------------  S U M M A R Y ------------

Command Line: -XX:TieredStopAtLevel=1 com.tiendaEj.TiendaApplication

Host: AMD Ryzen 5 4600G with Radeon Graphics, 12 cores, 15G,  Windows 10 , 64 bit Build 19041 (10.0.19041.3636)
Time: Wed Nov  8 15:22:41 2023 Pacific Standard Time elapsed time: 3.205891 seconds (0d 0h 0m 3s)

---------------  T H R E A D  ---------------

Current thread (0x000002d608a84c60):  JavaThread "C1 CompilerThread1" daemon [_thread_in_vm, id=2848, stack(0x000000e177700000,0x000000e177800000)]


Current CompileTask:
C1:   3205 5390       1       nonapi.io.github.classgraph.fileslice.reader.RandomAccessFileChannelReader::readInt (78 bytes)

Stack: [0x000000e177700000,0x000000e177800000],  sp=0x000000e1777feb60,  free space=1018k
Native frames: (J=compiled Java code, j=interpreted, Vv=VM code, C=native code)
V  [jvm.dll+0x6c8330]


siginfo: EXCEPTION_ACCESS_VIOLATION (0xc0000005), reading address 0x000000000000000b


Register to memory mapping:

RIP=0x00007ffbb3018330 jvm.dll
RAX=0x000002d67a00d724 is at entry_point+-28 in (nmethod*)0x000002d67a00d590
Compiled method (c1)    3206 5390       1       nonapi.io.github.classgraph.fileslice.reader.RandomAccessFileChannelReader::readInt (78 bytes)
 total in heap  [0x000002d67a00d590,0x000002d67a00da40] = 1200
 relocation     [0x000002d67a00d6e8,0x000002d67a00d730] = 72
 main code      [0x000002d67a00d740,0x000002d67a00d900] = 448
 stub code      [0x000002d67a00d900,0x000002d67a00d958] = 88
 oops           [0x000002d67a00d958,0x000002d67a00d960] = 8
 metadata       [0x000002d67a00d960,0x000002d67a00d970] = 16
 scopes data    [0x000002d67a00d970,0x000002d67a00d9a0] = 48
 scopes pcs     [0x000002d67a00d9a0,0x000002d67a00da20] = 128
 dependencies   [0x000002d67a00da20,0x000002d67a00da28] = 8
 nul chk table  [0x000002d67a00da28,0x000002d67a00da40] = 24
RBX=0x00007ffbb324ab00 jvm.dll
RCX=0x0000000000000003 is an unknown value
RDX=0x000000e1777feb80 is pointing into the stack for thread: 0x000002d608a84c60
RSP=0x000000e1777feb60 is pointing into the stack for thread: 0x000002d608a84c60
RBP=0x000000000000f000 is an unknown value
RSI=0x000000e1777fec60 is pointing into the stack for thread: 0x000002d608a84c60
RDI=0x000002d67a00d590 is at entry_point+-432 in (nmethod*)0x000002d67a00d590
Compiled method (c1)    3208 5390       1       nonapi.io.github.classgraph.fileslice.reader.RandomAccessFileChannelReader::readInt (78 bytes)
 total in heap  [0x000002d67a00d590,0x000002d67a00da40] = 1200
 relocation     [0x000002d67a00d6e8,0x000002d67a00d730] = 72
 main code      [0x000002d67a00d740,0x000002d67a00d900] = 448
 stub code      [0x000002d67a00d900,0x000002d67a00d958] = 88
 oops           [0x000002d67a00d958,0x000002d67a00d960] = 8
 metadata       [0x000002d67a00d960,0x000002d67a00d970] = 16
 scopes data    [0x000002d67a00d970,0x000002d67a00d9a0] = 48
 scopes pcs     [0x000002d67a00d9a0,0x000002d67a00da20] = 128
 dependencies   [0x000002d67a00da20,0x000002d67a00da28] = 8
 nul chk table  [0x000002d67a00da28,0x000002d67a00da40] = 24
R8 =0x000002d67a00d71c is at entry_point+-36 in (nmethod*)0x000002d67a00d590
Compiled method (c1)    3208 5390       1       nonapi.io.github.classgraph.fileslice.reader.RandomAccessFileChannelReader::readInt (78 bytes)
 total in heap  [0x000002d67a00d590,0x000002d67a00da40] = 1200
 relocation     [0x000002d67a00d6e8,0x000002d67a00d730] = 72
 main code      [0x000002d67a00d740,0x000002d67a00d900] = 448
 stub code      [0x000002d67a00d900,0x000002d67a00d958] = 88
 oops           [0x000002d67a00d958,0x000002d67a00d960] = 8
 metadata       [0x000002d67a00d960,0x000002d67a00d970] = 16
 scopes data    [0x000002d67a00d970,0x000002d67a00d9a0] = 48
 scopes pcs     [0x000002d67a00d9a0,0x000002d67a00da20] = 128
 dependencies   [0x000002d67a00da20,0x000002d67a00da28] = 8
 nul chk table  [0x000002d67a00da28,0x000002d67a00da40] = 24
R9 =0x000000000000f803 is an unknown value
R10=0x000002d67a00d71e is at entry_point+-34 in (nmethod*)0x000002d67a00d590
Compiled method (c1)    3209 5390       1       nonapi.io.github.classgraph.fileslice.reader.RandomAccessFileChannelReader::readInt (78 bytes)
 total in heap  [0x000002d67a00d590,0x000002d67a00da40] = 1200
 relocation     [0x000002d67a00d6e8,0x000002d67a00d730] = 72
 main code      [0x000002d67a00d740,0x000002d67a00d900] = 448
 stub code      [0x000002d67a00d900,0x000002d67a00d958] = 88
 oops           [0x000002d67a00d958,0x000002d67a00d960] = 8
 metadata       [0x000002d67a00d960,0x000002d67a00d970] = 16
 scopes data    [0x000002d67a00d970,0x000002d67a00d9a0] = 48
 scopes pcs     [0x000002d67a00d9a0,0x000002d67a00da20] = 128
 dependencies   [0x000002d67a00da20,0x000002d67a00da28] = 8
 nul chk table  [0x000002d67a00da28,0x000002d67a00da40] = 24
R11=0xfadffd76fbebfefd is an unknown value
R12=0x0000000000001000 is an unknown value
R13=0x000002d650bf2880 points into unknown readable memory: 0x000002d650bdfbb0 | b0 fb bd 50 d6 02 00 00
R14=0x00007ffbb3237f10 jvm.dll
R15=0x0 is NULL


Registers:
RAX=0x000002d67a00d724, RBX=0x00007ffbb324ab00, RCX=0x0000000000000003, RDX=0x000000e1777feb80
RSP=0x000000e1777feb60, RBP=0x000000000000f000, RSI=0x000000e1777fec60, RDI=0x000002d67a00d590
R8 =0x000002d67a00d71c, R9 =0x000000000000f803, R10=0x000002d67a00d71e, R11=0xfadffd76fbebfefd
R12=0x0000000000001000, R13=0x000002d650bf2880, R14=0x00007ffbb3237f10, R15=0x0000000000000000
RIP=0x00007ffbb3018330, EFLAGS=0x0000000000010206

Top of Stack: (sp=0x000000e1777feb60)
0x000000e1777feb60:   00007ffbb324ab00 000002d67a00d590
0x000000e1777feb70:   00007ffbb324ab00 0000000000000008
0x000000e1777feb80:   0000000000000000 000002d67a00d724
0x000000e1777feb90:   000002d67a00d730 000002d67a00d590
0x000000e1777feba0:   000002d67a00d924 00000000000000aa
0x000000e1777febb0:   000002d67a00d71e 000002d67a000003
0x000000e1777febc0:   000002d67a00d740 000002d67a00d740
0x000000e1777febd0:   000002d67a00d900 000002d67a00d740
0x000000e1777febe0:   000002d67a00d900 000002d67a00d958
0x000000e1777febf0:   00007ffbb3237f10 000000e1777feb80
0x000000e1777fec00:   000002d600000001 0000000000000000
0x000000e1777fec10:   000002d67a00d900 000002d67a00d740
0x000000e1777fec20:   0000000000000000 000000e1777ff2b0
0x000000e1777fec30:   0000000000000008 00007ffbb2c2d5af
0x000000e1777fec40:   000002d67a00d590 000000e1777ff290
0x000000e1777fec50:   00007ffbb344ad50 000002d671c497b0 

Instructions: (pc=0x00007ffbb3018330)
0x00007ffbb3018230:   44 3b 53 5c 76 8a 48 8b 7c 24 18 48 8b 74 24 10
0x00007ffbb3018240:   5b c3 cc cc cc cc cc cc cc cc cc cc cc cc cc cc
0x00007ffbb3018250:   40 53 48 83 ec 20 4d 8b d0 48 8d 41 70 45 33 c0
0x00007ffbb3018260:   48 8b d9 48 85 c0 74 12 48 8d 0d 71 fd 17 00 4c
0x00007ffbb3018270:   89 40 08 48 89 08 44 89 40 10 b8 ff ff ff ff 66
0x00007ffbb3018280:   89 43 38 4c 89 43 40 4c 89 43 58 4c 89 43 48 4c
0x00007ffbb3018290:   89 43 60 4c 89 43 50 4c 89 43 68 48 8b 42 20 48
0x00007ffbb30182a0:   83 e8 02 48 89 43 08 48 8b 42 28 48 89 43 10 48
0x00007ffbb30182b0:   8b 02 4c 89 43 18 4d 8b c1 48 89 43 20 48 8b 4a
0x00007ffbb30182c0:   48 49 8b d2 48 8b 41 08 48 89 43 40 48 8b 41 18
0x00007ffbb30182d0:   48 89 43 58 48 8b 41 58 48 89 43 48 48 8b 41 68
0x00007ffbb30182e0:   48 89 43 60 48 8b 81 a8 00 00 00 48 89 43 50 48
0x00007ffbb30182f0:   8b 81 b8 00 00 00 48 8b cb 48 89 43 68 e8 5e 13
0x00007ffbb3018300:   00 00 48 8b c3 48 83 c4 20 5b c3 cc cc cc cc cc
0x00007ffbb3018310:   48 8b 41 20 48 39 41 40 77 09 48 3b 41 58 73 03
0x00007ffbb3018320:   b0 01 c3 32 c0 c3 cc cc cc cc cc cc cc cc cc cc
0x00007ffbb3018330:   4c 8b 41 08 48 8b d1 45 0f b7 08 4d 8d 50 02 41
0x00007ffbb3018340:   0f b7 c1 66 c1 e8 0b a8 01 74 21 4c 89 51 30 49
0x00007ffbb3018350:   8d 40 02 b9 ff 07 00 00 66 41 23 08 0f b7 c9 66
0x00007ffbb3018360:   89 4a 38 48 8d 04 48 48 89 42 08 c3 48 8d 41 28
0x00007ffbb3018370:   b9 ff 07 00 00 48 89 42 30 66 44 23 c9 66 44 89
0x00007ffbb3018380:   08 b8 01 00 00 00 66 89 42 38 4c 89 52 08 c3 cc
0x00007ffbb3018390:   48 89 5c 24 08 48 89 6c 24 10 48 89 74 24 18 48
0x00007ffbb30183a0:   89 7c 24 20 41 54 41 56 41 57 45 32 d2 be ff 03
0x00007ffbb30183b0:   00 00 45 33 ff 41 8b d9 4c 8b da bd 00 f0 00 00
0x00007ffbb30183c0:   bf ff 07 00 00 44 8d 66 01 45 8d 77 01 0f 1f 00
0x00007ffbb30183d0:   4c 8b 49 08 49 83 c1 02 4c 89 49 08 4c 3b 49 10
0x00007ffbb30183e0:   0f 84 c5 00 00 00 66 44 89 79 38 41 0f b7 11 0f
0x00007ffbb30183f0:   b7 c2 66 23 c5 66 3b c5 75 51 0f b7 c2 4d 8d 41
0x00007ffbb3018400:   02 66 c1 e8 0b 41 84 c6 74 23 4c 89 41 30 8b c7
0x00007ffbb3018410:   66 41 23 01 0f b7 d0 66 89 51 38 4d 8d 0c 51 49
0x00007ffbb3018420:   83 c1 02 4c 89 49 08 41 0f b7 11 eb 1e 48 8d 41 


Stack slot to memory mapping:
stack at sp + 0 slots: 0x00007ffbb324ab00 jvm.dll
stack at sp + 1 slots: 0x000002d67a00d590 is at entry_point+-432 in (nmethod*)0x000002d67a00d590
Compiled method (c1)    3214 5390       1       nonapi.io.github.classgraph.fileslice.reader.RandomAccessFileChannelReader::readInt (78 bytes)
 total in heap  [0x000002d67a00d590,0x000002d67a00da40] = 1200
 relocation     [0x000002d67a00d6e8,0x000002d67a00d730] = 72
 main code      [0x000002d67a00d740,0x000002d67a00d900] = 448
 stub code      [0x000002d67a00d900,0x000002d67a00d958] = 88
 oops           [0x000002d67a00d958,0x000002d67a00d960] = 8
 metadata       [0x000002d67a00d960,0x000002d67a00d970] = 16
 scopes data    [0x000002d67a00d970,0x000002d67a00d9a0] = 48
 scopes pcs     [0x000002d67a00d9a0,0x000002d67a00da20] = 128
 dependencies   [0x000002d67a00da20,0x000002d67a00da28] = 8
 nul chk table  [0x000002d67a00da28,0x000002d67a00da40] = 24
stack at sp + 2 slots: 0x00007ffbb324ab00 jvm.dll
stack at sp + 3 slots: 0x0000000000000008 is an unknown value
stack at sp + 4 slots: 0x0 is NULL
stack at sp + 5 slots: 0x000002d67a00d724 is at entry_point+-28 in (nmethod*)0x000002d67a00d590
Compiled method (c1)    3215 5390       1       nonapi.io.github.classgraph.fileslice.reader.RandomAccessFileChannelReader::readInt (78 bytes)
 total in heap  [0x000002d67a00d590,0x000002d67a00da40] = 1200
 relocation     [0x000002d67a00d6e8,0x000002d67a00d730] = 72
 main code      [0x000002d67a00d740,0x000002d67a00d900] = 448
 stub code      [0x000002d67a00d900,0x000002d67a00d958] = 88
 oops           [0x000002d67a00d958,0x000002d67a00d960] = 8
 metadata       [0x000002d67a00d960,0x000002d67a00d970] = 16
 scopes data    [0x000002d67a00d970,0x000002d67a00d9a0] = 48
 scopes pcs     [0x000002d67a00d9a0,0x000002d67a00da20] = 128
 dependencies   [0x000002d67a00da20,0x000002d67a00da28] = 8
 nul chk table  [0x000002d67a00da28,0x000002d67a00da40] = 24
stack at sp + 6 slots: 0x000002d67a00d730 is at entry_point+-16 in (nmethod*)0x000002d67a00d590
Compiled method (c1)    3215 5390       1       nonapi.io.github.classgraph.fileslice.reader.RandomAccessFileChannelReader::readInt (78 bytes)
 total in heap  [0x000002d67a00d590,0x000002d67a00da40] = 1200
 relocation     [0x000002d67a00d6e8,0x000002d67a00d730] = 72
 main code      [0x000002d67a00d740,0x000002d67a00d900] = 448
 stub code      [0x000002d67a00d900,0x000002d67a00d958] = 88
 oops           [0x000002d67a00d958,0x000002d67a00d960] = 8
 metadata       [0x000002d67a00d960,0x000002d67a00d970] = 16
 scopes data    [0x000002d67a00d970,0x000002d67a00d9a0] = 48
 scopes pcs     [0x000002d67a00d9a0,0x000002d67a00da20] = 128
 dependencies   [0x000002d67a00da20,0x000002d67a00da28] = 8
 nul chk table  [0x000002d67a00da28,0x000002d67a00da40] = 24
stack at sp + 7 slots: 0x000002d67a00d590 is at entry_point+-432 in (nmethod*)0x000002d67a00d590
Compiled method (c1)    3215 5390       1       nonapi.io.github.classgraph.fileslice.reader.RandomAccessFileChannelReader::readInt (78 bytes)
 total in heap  [0x000002d67a00d590,0x000002d67a00da40] = 1200
 relocation     [0x000002d67a00d6e8,0x000002d67a00d730] = 72
 main code      [0x000002d67a00d740,0x000002d67a00d900] = 448
 stub code      [0x000002d67a00d900,0x000002d67a00d958] = 88
 oops           [0x000002d67a00d958,0x000002d67a00d960] = 8
 metadata       [0x000002d67a00d960,0x000002d67a00d970] = 16
 scopes data    [0x000002d67a00d970,0x000002d67a00d9a0] = 48
 scopes pcs     [0x000002d67a00d9a0,0x000002d67a00da20] = 128
 dependencies   [0x000002d67a00da20,0x000002d67a00da28] = 8
 nul chk table  [0x000002d67a00da28,0x000002d67a00da40] = 24


---------------  P R O C E S S  ---------------

Threads class SMR info:
_java_thread_list=0x000002d6507bf990, length=41, elements={
0x000002d671c36bd0, 0x000002d6087807f0, 0x000002d608785cd0, 0x000002d608797740,
0x000002d608799020, 0x000002d6087998f0, 0x000002d60879a1c0, 0x000002d60879b0a0,
0x000002d60879b9b0, 0x000002d608a84c60, 0x000002d608ab43e0, 0x000002d608ab9b40,
0x000002d64e7971d0, 0x000002d64e79a870, 0x000002d64e7baf80, 0x000002d64e7bb670,
0x000002d64f222940, 0x000002d64fb23240, 0x000002d64fb23720, 0x000002d64f797a80,
0x000002d64fbf60c0, 0x000002d64fbf65d0, 0x000002d64fbf6ff0, 0x000002d64fbf9870,
0x000002d64fbf7f20, 0x000002d64fbf9360, 0x000002d64fbf7a10, 0x000002d64fbf7500,
0x000002d64fbf8430, 0x000002d6504bf5a0, 0x000002d6504b9570, 0x000002d6504bb3d0,
0x000002d6504bb8e0, 0x000002d6504bbdf0, 0x000002d6504bfab0, 0x000002d6504bc300,
0x000002d6504bcd20, 0x000002d6504bdc50, 0x000002d6504c04d0, 0x000002d6504be670,
0x000002d6504bc810
}

Java Threads: ( => current thread )
  0x000002d671c36bd0 JavaThread "main" [_thread_blocked, id=2028, stack(0x000000e176800000,0x000000e176900000)]
  0x000002d6087807f0 JavaThread "Reference Handler" daemon [_thread_blocked, id=8092, stack(0x000000e176f00000,0x000000e177000000)]
  0x000002d608785cd0 JavaThread "Finalizer" daemon [_thread_blocked, id=8024, stack(0x000000e177000000,0x000000e177100000)]
  0x000002d608797740 JavaThread "Signal Dispatcher" daemon [_thread_blocked, id=6776, stack(0x000000e177100000,0x000000e177200000)]
  0x000002d608799020 JavaThread "Attach Listener" daemon [_thread_blocked, id=7932, stack(0x000000e177200000,0x000000e177300000)]
  0x000002d6087998f0 JavaThread "Service Thread" daemon [_thread_blocked, id=1832, stack(0x000000e177300000,0x000000e177400000)]
  0x000002d60879a1c0 JavaThread "Monitor Deflation Thread" daemon [_thread_blocked, id=4304, stack(0x000000e177400000,0x000000e177500000)]
  0x000002d60879b0a0 JavaThread "C1 CompilerThread0" daemon [_thread_blocked, id=3060, stack(0x000000e177500000,0x000000e177600000)]
  0x000002d60879b9b0 JavaThread "Sweeper thread" daemon [_thread_blocked, id=3076, stack(0x000000e177600000,0x000000e177700000)]
=>0x000002d608a84c60 JavaThread "C1 CompilerThread1" daemon [_thread_in_vm, id=2848, stack(0x000000e177700000,0x000000e177800000)]
  0x000002d608ab43e0 JavaThread "Notification Thread" daemon [_thread_blocked, id=8104, stack(0x000000e177800000,0x000000e177900000)]
  0x000002d608ab9b40 JavaThread "Common-Cleaner" daemon [_thread_blocked, id=1096, stack(0x000000e177a00000,0x000000e177b00000)]
  0x000002d64e7971d0 JavaThread "Thread-0" [_thread_blocked, id=2232, stack(0x000000e177f00000,0x000000e178000000)]
  0x000002d64e79a870 JavaThread "restartedMain" [_thread_blocked, id=4300, stack(0x000000e178000000,0x000000e178100000)]
  0x000002d64e7baf80 JavaThread "C1 CompilerThread2" daemon [_thread_blocked, id=7824, stack(0x000000e178100000,0x000000e178200000)]
  0x000002d64e7bb670 JavaThread "C1 CompilerThread3" daemon [_thread_blocked, id=8764, stack(0x000000e178200000,0x000000e178300000)]
  0x000002d64f222940 JavaThread "Catalina-utility-1" [_thread_blocked, id=8252, stack(0x000000e178a00000,0x000000e178b00000)]
  0x000002d64fb23240 JavaThread "Catalina-utility-2" [_thread_blocked, id=3088, stack(0x000000e178b00000,0x000000e178c00000)]
  0x000002d64fb23720 JavaThread "container-0" [_thread_blocked, id=7928, stack(0x000000e178c00000,0x000000e178d00000)]
  0x000002d64f797a80 JavaThread "mysql-cj-abandoned-connection-cleanup" daemon [_thread_blocked, id=6964, stack(0x000000e178f00000,0x000000e179000000)]
  0x000002d64fbf60c0 JavaThread "HikariPool-1 housekeeper" daemon [_thread_blocked, id=7704, stack(0x000000e179100000,0x000000e179200000)]
  0x000002d64fbf65d0 JavaThread "HikariPool-1 connection adder" daemon [_thread_blocked, id=7412, stack(0x000000e179200000,0x000000e179300000)]
  0x000002d64fbf6ff0 JavaThread "ClassGraph-worker-0" daemon [_thread_blocked, id=7700, stack(0x000000e179300000,0x000000e179400000)]
  0x000002d64fbf9870 JavaThread "ClassGraph-worker-1" daemon [_thread_blocked, id=7380, stack(0x000000e179400000,0x000000e179500000)]
  0x000002d64fbf7f20 JavaThread "ClassGraph-worker-2" daemon [_thread_blocked, id=7532, stack(0x000000e179500000,0x000000e179600000)]
  0x000002d64fbf9360 JavaThread "ClassGraph-worker-3" daemon [_thread_blocked, id=7540, stack(0x000000e179600000,0x000000e179700000)]
  0x000002d64fbf7a10 JavaThread "ClassGraph-worker-4" daemon [_thread_blocked, id=3724, stack(0x000000e179700000,0x000000e179800000)]
  0x000002d64fbf7500 JavaThread "ClassGraph-worker-5" daemon [_thread_blocked, id=9516, stack(0x000000e179800000,0x000000e179900000)]
  0x000002d64fbf8430 JavaThread "ClassGraph-worker-6" daemon [_thread_blocked, id=7376, stack(0x000000e179900000,0x000000e179a00000)]
  0x000002d6504bf5a0 JavaThread "ClassGraph-worker-7" daemon [_thread_blocked, id=7424, stack(0x000000e179a00000,0x000000e179b00000)]
  0x000002d6504b9570 JavaThread "ClassGraph-worker-8" daemon [_thread_blocked, id=7648, stack(0x000000e179b00000,0x000000e179c00000)]
  0x000002d6504bb3d0 JavaThread "ClassGraph-worker-9" daemon [_thread_blocked, id=7316, stack(0x000000e179c00000,0x000000e179d00000)]
  0x000002d6504bb8e0 JavaThread "ClassGraph-worker-10" daemon [_thread_blocked, id=9180, stack(0x000000e179d00000,0x000000e179e00000)]
  0x000002d6504bbdf0 JavaThread "ClassGraph-worker-11" daemon [_thread_blocked, id=7032, stack(0x000000e179e00000,0x000000e179f00000)]
  0x000002d6504bfab0 JavaThread "ClassGraph-worker-12" daemon [_thread_blocked, id=7080, stack(0x000000e179f00000,0x000000e17a000000)]
  0x000002d6504bc300 JavaThread "ClassGraph-worker-13" daemon [_thread_blocked, id=7076, stack(0x000000e17a000000,0x000000e17a100000)]
  0x000002d6504bcd20 JavaThread "ClassGraph-worker-14" daemon [_thread_blocked, id=3716, stack(0x000000e17a100000,0x000000e17a200000)]
  0x000002d6504bdc50 JavaThread "ClassGraph-worker-15" daemon [_thread_blocked, id=8640, stack(0x000000e17a200000,0x000000e17a300000)]
  0x000002d6504c04d0 JavaThread "ClassGraph-worker-16" daemon [_thread_blocked, id=7328, stack(0x000000e17a300000,0x000000e17a400000)]
  0x000002d6504be670 JavaThread "ClassGraph-worker-17" daemon [_thread_blocked, id=3752, stack(0x000000e17a400000,0x000000e17a500000)]
  0x000002d6504bc810 JavaThread "ClassGraph-worker-18" daemon [_thread_blocked, id=1648, stack(0x000000e17a500000,0x000000e17a600000)]

Other Threads:
  0x000002d60877ca20 VMThread "VM Thread" [stack: 0x000000e176e00000,0x000000e176f00000] [id=8164] _threads_hazard_ptr=0x000002d6507bf990
  0x000002d671cdac60 WatcherThread [stack: 0x000000e177900000,0x000000e177a00000] [id=9044]
  0x000002d671ca1970 GCTaskThread "GC Thread#0" [stack: 0x000000e176900000,0x000000e176a00000] [id=7764]
  0x000002d64e762cd0 GCTaskThread "GC Thread#1" [stack: 0x000000e177b00000,0x000000e177c00000] [id=3080]
  0x000002d64e762f90 GCTaskThread "GC Thread#2" [stack: 0x000000e177c00000,0x000000e177d00000] [id=1180]
  0x000002d64e763250 GCTaskThread "GC Thread#3" [stack: 0x000000e177d00000,0x000000e177e00000] [id=1332]
  0x000002d64e763510 GCTaskThread "GC Thread#4" [stack: 0x000000e177e00000,0x000000e177f00000] [id=2292]
  0x000002d64e8d7370 GCTaskThread "GC Thread#5" [stack: 0x000000e178300000,0x000000e178400000] [id=9716]
  0x000002d64e909690 GCTaskThread "GC Thread#6" [stack: 0x000000e178400000,0x000000e178500000] [id=3728]
  0x000002d64ede91f0 GCTaskThread "GC Thread#7" [stack: 0x000000e178500000,0x000000e178600000] [id=2872]
  0x000002d64edf6dc0 GCTaskThread "GC Thread#8" [stack: 0x000000e178600000,0x000000e178700000] [id=2288]
  0x000002d64edf7080 GCTaskThread "GC Thread#9" [stack: 0x000000e178700000,0x000000e178800000] [id=7708]
  0x000002d671cb1dd0 ConcurrentGCThread "G1 Main Marker" [stack: 0x000000e176a00000,0x000000e176b00000] [id=9048]
  0x000002d671cb26f0 ConcurrentGCThread "G1 Conc#0" [stack: 0x000000e176b00000,0x000000e176c00000] [id=10000]
  0x000002d64f0cdc50 ConcurrentGCThread "G1 Conc#1" [stack: 0x000000e178800000,0x000000e178900000] [id=7460]
  0x000002d64f085e60 ConcurrentGCThread "G1 Conc#2" [stack: 0x000000e178900000,0x000000e178a00000] [id=948]
  0x000002d671cfdf50 ConcurrentGCThread "G1 Refine#0" [stack: 0x000000e176c00000,0x000000e176d00000] [id=7324]
  0x000002d64fb4ccd0 ConcurrentGCThread "G1 Refine#1" [stack: 0x000000e178d00000,0x000000e178e00000] [id=3720]
  0x000002d64f207e00 ConcurrentGCThread "G1 Refine#2" [stack: 0x000000e178e00000,0x000000e178f00000] [id=3740]
  0x000002d671cfe790 ConcurrentGCThread "G1 Service" [stack: 0x000000e176d00000,0x000000e176e00000] [id=8076]

Threads with active compile tasks:
C1 CompilerThread0     3217 5387       1       nonapi.io.github.classgraph.fastzipfilereader.LogicalZipFile::parseManifest (1070 bytes)
C1 CompilerThread1     3217 5390       1       nonapi.io.github.classgraph.fileslice.reader.RandomAccessFileChannelReader::readInt (78 bytes)
C1 CompilerThread2     3217 5391       1       java.util.concurrent.locks.AbstractQueuedSynchronizer::releaseShared (19 bytes)
C1 CompilerThread3     3217 5374 % !   1       io.github.classgraph.ClasspathElementZip::open @ 583 (1079 bytes)

VM state: synchronizing (normal execution)

VM Mutex/Monitor currently owned by a thread:  ([mutex/lock_event])
[0x000002d671c35810] CodeCache_lock - owner thread: 0x000002d608a84c60
[0x000002d66fa6bd40] Threads_lock - owner thread: 0x000002d60877ca20
[0x000002d66fa6bef0] Heap_lock - owner thread: 0x000002d6504bb8e0
[0x000002d66fa6bc20] Compile_lock - owner thread: 0x000002d608a84c60
[0x000002d66fa6b170] MethodCompileQueue_lock - owner thread: 0x000002d608a84c60

Heap address: 0x000000070a000000, size: 3936 MB, Compressed Oops mode: Zero based, Oop shift amount: 3

CDS archive(s) mapped at: [0x000002d609000000-0x000002d609bd0000-0x000002d609bd0000), size 12386304, SharedBaseAddress: 0x000002d609000000, ArchiveRelocationMode: 1.
Compressed class space mapped at: 0x000002d60a000000-0x000002d64a000000, reserved size: 1073741824
Narrow klass base: 0x000002d609000000, Narrow klass shift: 0, Narrow klass range: 0x100000000

GC Precious Log:
 CPUs: 12 total, 12 available
 Memory: 15740M
 Large Page Support: Disabled
 NUMA Support: Disabled
 Compressed Oops: Enabled (Zero based)
 Heap Region Size: 2M
 Heap Min Capacity: 8M
 Heap Initial Capacity: 246M
 Heap Max Capacity: 3936M
 Pre-touch: Disabled
 Parallel Workers: 10
 Concurrent Workers: 3
 Concurrent Refinement Workers: 10
 Periodic GC: Disabled

Heap:
 garbage-first heap   total 75776K, used 58422K [0x000000070a000000, 0x0000000800000000)
  region size 2048K, 17 young (34816K), 3 survivors (6144K)
 Metaspace       used 57321K, committed 57792K, reserved 1114112K
  class space    used 8125K, committed 8320K, reserved 1048576K

Heap Regions: E=young(eden), S=young(survivor), O=old, HS=humongous(starts), HC=humongous(continues), CS=collection set, F=free, OA=open archive, CA=closed archive, TAMS=top-at-mark-start (previous, next)
|   0|0x000000070a000000, 0x000000070a200000, 0x000000070a200000|100%| O|  |TAMS 0x000000070a200000, 0x000000070a000000| Untracked 
|   1|0x000000070a200000, 0x000000070a400000, 0x000000070a400000|100%| O|  |TAMS 0x000000070a400000, 0x000000070a200000| Untracked 
|   2|0x000000070a400000, 0x000000070a600000, 0x000000070a600000|100%| O|  |TAMS 0x000000070a600000, 0x000000070a400000| Untracked 
|   3|0x000000070a600000, 0x000000070a800000, 0x000000070a800000|100%| O|  |TAMS 0x000000070a800000, 0x000000070a600000| Untracked 
|   4|0x000000070a800000, 0x000000070a9c2c00, 0x000000070aa00000| 88%| O|  |TAMS 0x000000070a800000, 0x000000070a800000| Untracked 
|   5|0x000000070aa00000, 0x000000070ac00000, 0x000000070ac00000|100%| O|  |TAMS 0x000000070ac00000, 0x000000070aa00000| Untracked 
|   6|0x000000070ac00000, 0x000000070ae00000, 0x000000070ae00000|100%| O|  |TAMS 0x000000070ae00000, 0x000000070ac00000| Untracked 
|   7|0x000000070ae00000, 0x000000070b000000, 0x000000070b000000|100%| O|  |TAMS 0x000000070b000000, 0x000000070ae00000| Untracked 
|   8|0x000000070b000000, 0x000000070b200000, 0x000000070b200000|100%| O|  |TAMS 0x000000070b200000, 0x000000070b000000| Untracked 
|   9|0x000000070b200000, 0x000000070b400000, 0x000000070b400000|100%| O|  |TAMS 0x000000070b400000, 0x000000070b200000| Untracked 
|  10|0x000000070b400000, 0x000000070b600000, 0x000000070b600000|100%| O|  |TAMS 0x000000070b600000, 0x000000070b400000| Untracked 
|  11|0x000000070b600000, 0x000000070b800000, 0x000000070b800000|100%| O|  |TAMS 0x000000070b612800, 0x000000070b600000| Untracked 
|  12|0x000000070b800000, 0x000000070b800000, 0x000000070ba00000|  0%| F|  |TAMS 0x000000070b800000, 0x000000070b800000| Untracked 
|  13|0x000000070ba00000, 0x000000070ba00000, 0x000000070bc00000|  0%| F|  |TAMS 0x000000070ba00000, 0x000000070ba00000| Untracked 
|  14|0x000000070bc00000, 0x000000070bc00000, 0x000000070be00000|  0%| F|  |TAMS 0x000000070bc00000, 0x000000070bc00000| Untracked 
|  15|0x000000070be00000, 0x000000070be00000, 0x000000070c000000|  0%| F|  |TAMS 0x000000070be00000, 0x000000070be00000| Untracked 
|  16|0x000000070c000000, 0x000000070c000000, 0x000000070c200000|  0%| F|  |TAMS 0x000000070c000000, 0x000000070c000000| Untracked 
|  17|0x000000070c200000, 0x000000070c34ae20, 0x000000070c400000| 64%| S|CS|TAMS 0x000000070c200000, 0x000000070c200000| Complete 
|  18|0x000000070c400000, 0x000000070c600000, 0x000000070c600000|100%| S|CS|TAMS 0x000000070c400000, 0x000000070c400000| Complete 
|  19|0x000000070c600000, 0x000000070c800000, 0x000000070c800000|100%| S|CS|TAMS 0x000000070c600000, 0x000000070c600000| Complete 
|  20|0x000000070c800000, 0x000000070c800000, 0x000000070ca00000|  0%| F|  |TAMS 0x000000070c800000, 0x000000070c800000| Untracked 
|  21|0x000000070ca00000, 0x000000070ca00000, 0x000000070cc00000|  0%| F|  |TAMS 0x000000070ca00000, 0x000000070ca00000| Untracked 
|  22|0x000000070cc00000, 0x000000070cc00000, 0x000000070ce00000|  0%| F|  |TAMS 0x000000070cc00000, 0x000000070cc00000| Untracked 
|  23|0x000000070ce00000, 0x000000070d000000, 0x000000070d000000|100%| E|CS|TAMS 0x000000070ce00000, 0x000000070ce00000| Complete 
|  24|0x000000070d000000, 0x000000070d200000, 0x000000070d200000|100%| E|CS|TAMS 0x000000070d000000, 0x000000070d000000| Complete 
|  25|0x000000070d200000, 0x000000070d400000, 0x000000070d400000|100%| E|CS|TAMS 0x000000070d200000, 0x000000070d200000| Complete 
|  26|0x000000070d400000, 0x000000070d600000, 0x000000070d600000|100%| E|CS|TAMS 0x000000070d400000, 0x000000070d400000| Complete 
|  27|0x000000070d600000, 0x000000070d800000, 0x000000070d800000|100%| E|CS|TAMS 0x000000070d600000, 0x000000070d600000| Complete 
|  28|0x000000070d800000, 0x000000070da00000, 0x000000070da00000|100%| E|CS|TAMS 0x000000070d800000, 0x000000070d800000| Complete 
|  29|0x000000070da00000, 0x000000070dc00000, 0x000000070dc00000|100%| E|CS|TAMS 0x000000070da00000, 0x000000070da00000| Complete 
|  30|0x000000070dc00000, 0x000000070de00000, 0x000000070de00000|100%| E|CS|TAMS 0x000000070dc00000, 0x000000070dc00000| Complete 
|  99|0x0000000716600000, 0x0000000716800000, 0x0000000716800000|100%| E|CS|TAMS 0x0000000716600000, 0x0000000716600000| Complete 
| 100|0x0000000716800000, 0x0000000716a00000, 0x0000000716a00000|100%| E|CS|TAMS 0x0000000716800000, 0x0000000716800000| Complete 
| 101|0x0000000716a00000, 0x0000000716c00000, 0x0000000716c00000|100%| E|CS|TAMS 0x0000000716a00000, 0x0000000716a00000| Complete 
| 102|0x0000000716c00000, 0x0000000716e00000, 0x0000000716e00000|100%| E|CS|TAMS 0x0000000716c00000, 0x0000000716c00000| Complete 
| 103|0x0000000716e00000, 0x0000000717000000, 0x0000000717000000|100%| E|CS|TAMS 0x0000000716e00000, 0x0000000716e00000| Complete 
| 122|0x0000000719400000, 0x0000000719600000, 0x0000000719600000|100%| E|CS|TAMS 0x0000000719400000, 0x0000000719400000| Complete 

Card table byte_map: [0x000002d67cfb0000,0x000002d67d760000] _byte_map_base: 0x000002d679760000

Marking Bits (Prev, Next): (CMBitMap*) 0x000002d671ca1ea0, (CMBitMap*) 0x000002d671ca1ee0
 Prev Bits: [0x000002d600000000, 0x000002d603d80000)
 Next Bits: [0x000002d603d80000, 0x000002d607b00000)

Polling page: 0x000002d671400000

Metaspace:

Usage:
  Non-class:     48.04 MB used.
      Class:      7.93 MB used.
       Both:     55.98 MB used.

Virtual space:
  Non-class space:       64.00 MB reserved,      48.31 MB ( 75%) committed,  1 nodes.
      Class space:        1.00 GB reserved,       8.12 MB ( <1%) committed,  1 nodes.
             Both:        1.06 GB reserved,      56.44 MB (  5%) committed. 

Chunk freelists:
   Non-Class:  15.20 MB
       Class:  7.75 MB
        Both:  22.95 MB

MaxMetaspaceSize: unlimited
CompressedClassSpaceSize: 1.00 GB
Initial GC threshold: 21.00 MB
Current GC threshold: 58.88 MB
CDS: on
MetaspaceReclaimPolicy: balanced
 - commit_granule_bytes: 65536.
 - commit_granule_words: 8192.
 - virtual_space_node_default_size: 8388608.
 - enlarge_chunks_in_place: 1.
 - new_chunks_are_fully_committed: 0.
 - uncommit_free_chunks: 1.
 - use_allocation_guard: 0.
 - handle_deallocations: 1.


Internal statistics:

num_allocs_failed_limit: 6.
num_arena_births: 680.
num_arena_deaths: 0.
num_vsnodes_births: 2.
num_vsnodes_deaths: 0.
num_space_committed: 903.
num_space_uncommitted: 0.
num_chunks_returned_to_freelist: 6.
num_chunks_taken_from_freelist: 2715.
num_chunk_merges: 6.
num_chunk_splits: 1970.
num_chunks_enlarged: 1532.
num_inconsistent_stats: 0.

CodeCache: size=49152Kb used=11510Kb max_used=11510Kb free=37641Kb
 bounds [0x000002d6794d0000, 0x000002d67a010000, 0x000002d67c4d0000]
 total_blobs=6043 nmethods=5387 adapters=579
 compilation: enabled
              stopped_count=0, restarted_count=0
 full_count=0

Compilation events (20 events):
Event: 3.194 Thread 0x000002d64e7baf80 nmethod 5380 0x000002d67a006490 code [0x000002d67a006620, 0x000002d67a0066f8]
Event: 3.194 Thread 0x000002d608a84c60 nmethod 5381 0x000002d67a006790 code [0x000002d67a006920, 0x000002d67a0069f8]
Event: 3.195 Thread 0x000002d608a84c60 5382       1       java.util.concurrent.ConcurrentLinkedQueue::<init> (21 bytes)
Event: 3.195 Thread 0x000002d64e7baf80 5383       1       java.util.concurrent.ConcurrentLinkedQueue$Node::<init> (5 bytes)
Event: 3.195 Thread 0x000002d64e7baf80 nmethod 5383 0x000002d67a006a90 code [0x000002d67a006c20, 0x000002d67a006cd8]
Event: 3.195 Thread 0x000002d64e7baf80 5384       1       nonapi.io.github.classgraph.utils.JarUtils::leafName (102 bytes)
Event: 3.195 Thread 0x000002d608a84c60 nmethod 5382 0x000002d67a006d90 code [0x000002d67a006f20, 0x000002d67a007118]
Event: 3.196 Thread 0x000002d608a84c60 5385       1       sun.nio.fs.WindowsPath::hashCode (52 bytes)
Event: 3.196 Thread 0x000002d64e7baf80 nmethod 5384 0x000002d67a007190 code [0x000002d67a007380, 0x000002d67a0076b8]
Event: 3.196 Thread 0x000002d608a84c60 nmethod 5385 0x000002d67a007890 code [0x000002d67a007a60, 0x000002d67a007d98]
Event: 3.197 Thread 0x000002d60879b0a0 nmethod 5378% 0x000002d67a007f90 code [0x000002d67a008740, 0x000002d67a00b188]
Event: 3.197 Thread 0x000002d60879b0a0 5386       1       nonapi.io.github.classgraph.fileslice.reader.RandomAccessFileChannelReader::readUnsignedShort (50 bytes)
Event: 3.197 Thread 0x000002d60879b0a0 nmethod 5386 0x000002d67a00c710 code [0x000002d67a00c8c0, 0x000002d67a00cab8]
Event: 3.197 Thread 0x000002d60879b0a0 5387       1       nonapi.io.github.classgraph.fastzipfilereader.LogicalZipFile::parseManifest (1070 bytes)
Event: 3.197 Thread 0x000002d64e7baf80 5388       1       java.util.regex.Matcher::matches (10 bytes)
Event: 3.197 Thread 0x000002d64e7baf80 nmethod 5388 0x000002d67a00cc10 code [0x000002d67a00cda0, 0x000002d67a00ce88]
Event: 3.198 Thread 0x000002d608a84c60 5389       1       java.io.File::isFile (34 bytes)
Event: 3.199 Thread 0x000002d608a84c60 nmethod 5389 0x000002d67a00cf10 code [0x000002d67a00d0e0, 0x000002d67a00d3c8]
Event: 3.199 Thread 0x000002d608a84c60 5390       1       nonapi.io.github.classgraph.fileslice.reader.RandomAccessFileChannelReader::readInt (78 bytes)
Event: 3.199 Thread 0x000002d64e7baf80 5391       1       java.util.concurrent.locks.AbstractQueuedSynchronizer::releaseShared (19 bytes)

GC Heap History (20 events):
Event: 0.535 GC heap before
{Heap before GC invocations=1 (full 0):
 garbage-first heap   total 251904K, used 30447K [0x000000070a000000, 0x0000000800000000)
  region size 2048K, 12 young (24576K), 2 survivors (4096K)
 Metaspace       used 7166K, committed 7488K, reserved 1114112K
  class space    used 1010K, committed 1152K, reserved 1048576K
}
Event: 0.537 GC heap after
{Heap after GC invocations=2 (full 0):
 garbage-first heap   total 251904K, used 10917K [0x000000070a000000, 0x0000000800000000)
  region size 2048K, 1 young (2048K), 1 survivors (2048K)
 Metaspace       used 7166K, committed 7488K, reserved 1114112K
  class space    used 1010K, committed 1152K, reserved 1048576K
}
Event: 0.898 GC heap before
{Heap before GC invocations=2 (full 0):
 garbage-first heap   total 251904K, used 62117K [0x000000070a000000, 0x0000000800000000)
  region size 2048K, 27 young (55296K), 1 survivors (2048K)
 Metaspace       used 16700K, committed 16896K, reserved 1114112K
  class space    used 2262K, committed 2368K, reserved 1048576K
}
Event: 0.902 GC heap after
{Heap after GC invocations=3 (full 0):
 garbage-first heap   total 251904K, used 15613K [0x000000070a000000, 0x0000000800000000)
  region size 2048K, 3 young (6144K), 3 survivors (6144K)
 Metaspace       used 16700K, committed 16896K, reserved 1114112K
  class space    used 2262K, committed 2368K, reserved 1048576K
}
Event: 1.314 GC heap before
{Heap before GC invocations=3 (full 0):
 garbage-first heap   total 251904K, used 52477K [0x000000070a000000, 0x0000000800000000)
  region size 2048K, 22 young (45056K), 3 survivors (6144K)
 Metaspace       used 21148K, committed 21504K, reserved 1114112K
  class space    used 2956K, committed 3136K, reserved 1048576K
}
Event: 1.317 GC heap after
{Heap after GC invocations=4 (full 0):
 garbage-first heap   total 251904K, used 18023K [0x000000070a000000, 0x0000000800000000)
  region size 2048K, 5 young (10240K), 5 survivors (10240K)
 Metaspace       used 21148K, committed 21504K, reserved 1114112K
  class space    used 2956K, committed 3136K, reserved 1048576K
}
Event: 1.685 GC heap before
{Heap before GC invocations=5 (full 0):
 garbage-first heap   total 75776K, used 52839K [0x000000070a000000, 0x0000000800000000)
  region size 2048K, 22 young (45056K), 5 survivors (10240K)
 Metaspace       used 26994K, committed 27456K, reserved 1114112K
  class space    used 3749K, committed 3968K, reserved 1048576K
}
Event: 1.690 GC heap after
{Heap after GC invocations=6 (full 0):
 garbage-first heap   total 75776K, used 20834K [0x000000070a000000, 0x0000000800000000)
  region size 2048K, 3 young (6144K), 3 survivors (6144K)
 Metaspace       used 26994K, committed 27456K, reserved 1114112K
  class space    used 3749K, committed 3968K, reserved 1048576K
}
Event: 1.698 GC heap before
{Heap before GC invocations=6 (full 0):
 garbage-first heap   total 75776K, used 22882K [0x000000070a000000, 0x0000000800000000)
  region size 2048K, 4 young (8192K), 3 survivors (6144K)
 Metaspace       used 27070K, committed 27520K, reserved 1114112K
  class space    used 3756K, committed 3968K, reserved 1048576K
}
Event: 1.701 GC heap after
{Heap after GC invocations=7 (full 0):
 garbage-first heap   total 75776K, used 21731K [0x000000070a000000, 0x0000000800000000)
  region size 2048K, 1 young (2048K), 1 survivors (2048K)
 Metaspace       used 27070K, committed 27520K, reserved 1114112K
  class space    used 3756K, committed 3968K, reserved 1048576K
}
Event: 2.020 GC heap before
{Heap before GC invocations=7 (full 0):
 garbage-first heap   total 75776K, used 46307K [0x000000070a000000, 0x0000000800000000)
  region size 2048K, 14 young (28672K), 1 survivors (2048K)
 Metaspace       used 35515K, committed 35968K, reserved 1114112K
  class space    used 4804K, committed 5056K, reserved 1048576K
}
Event: 2.022 GC heap after
{Heap after GC invocations=8 (full 0):
 garbage-first heap   total 75776K, used 23032K [0x000000070a000000, 0x0000000800000000)
  region size 2048K, 2 young (4096K), 2 survivors (4096K)
 Metaspace       used 35515K, committed 35968K, reserved 1114112K
  class space    used 4804K, committed 5056K, reserved 1048576K
}
Event: 2.289 GC heap before
{Heap before GC invocations=9 (full 0):
 garbage-first heap   total 75776K, used 51704K [0x000000070a000000, 0x0000000800000000)
  region size 2048K, 16 young (32768K), 2 survivors (4096K)
 Metaspace       used 41088K, committed 41536K, reserved 1114112K
  class space    used 5718K, committed 5952K, reserved 1048576K
}
Event: 2.292 GC heap after
{Heap after GC invocations=10 (full 0):
 garbage-first heap   total 75776K, used 24505K [0x000000070a000000, 0x0000000800000000)
  region size 2048K, 1 young (2048K), 1 survivors (2048K)
 Metaspace       used 41088K, committed 41536K, reserved 1114112K
  class space    used 5718K, committed 5952K, reserved 1048576K
}
Event: 2.597 GC heap before
{Heap before GC invocations=10 (full 0):
 garbage-first heap   total 75776K, used 55225K [0x000000070a000000, 0x0000000800000000)
  region size 2048K, 16 young (32768K), 1 survivors (2048K)
 Metaspace       used 48617K, committed 49088K, reserved 1114112K
  class space    used 6870K, committed 7104K, reserved 1048576K
}
Event: 2.599 GC heap after
{Heap after GC invocations=11 (full 0):
 garbage-first heap   total 75776K, used 25716K [0x000000070a000000, 0x0000000800000000)
  region size 2048K, 2 young (4096K), 2 survivors (4096K)
 Metaspace       used 48617K, committed 49088K, reserved 1114112K
  class space    used 6870K, committed 7104K, reserved 1048576K
}
Event: 2.891 GC heap before
{Heap before GC invocations=11 (full 0):
 garbage-first heap   total 75776K, used 54388K [0x000000070a000000, 0x0000000800000000)
  region size 2048K, 16 young (32768K), 2 survivors (4096K)
 Metaspace       used 54133K, committed 54656K, reserved 1114112K
  class space    used 7667K, committed 7936K, reserved 1048576K
}
Event: 2.893 GC heap after
{Heap after GC invocations=12 (full 0):
 garbage-first heap   total 75776K, used 27455K [0x000000070a000000, 0x0000000800000000)
  region size 2048K, 2 young (4096K), 2 survivors (4096K)
 Metaspace       used 54133K, committed 54656K, reserved 1114112K
  class space    used 7667K, committed 7936K, reserved 1048576K
}
Event: 3.150 GC heap before
{Heap before GC invocations=12 (full 0):
 garbage-first heap   total 75776K, used 58175K [0x000000070a000000, 0x0000000800000000)
  region size 2048K, 17 young (34816K), 2 survivors (4096K)
 Metaspace       used 56983K, committed 57536K, reserved 1114112K
  class space    used 8086K, committed 8320K, reserved 1048576K
}
Event: 3.153 GC heap after
{Heap after GC invocations=13 (full 0):
 garbage-first heap   total 75776K, used 29750K [0x000000070a000000, 0x0000000800000000)
  region size 2048K, 3 young (6144K), 3 survivors (6144K)
 Metaspace       used 56983K, committed 57536K, reserved 1114112K
  class space    used 8086K, committed 8320K, reserved 1048576K
}

Deoptimization events (18 events):
Event: 0.616 Thread 0x000002d64e79a870 DEOPT PACKING pc=0x000002d679a4e579 sp=0x000000e1780fca10
Event: 0.616 Thread 0x000002d64e79a870 DEOPT UNPACKING pc=0x000002d679522b43 sp=0x000000e1780fbef0 mode 3
Event: 0.704 Thread 0x000002d64e79a870 DEOPT PACKING pc=0x000002d679aa2e55 sp=0x000000e1780fd790
Event: 0.704 Thread 0x000002d64e79a870 DEOPT UNPACKING pc=0x000002d679522b43 sp=0x000000e1780fcc38 mode 3
Event: 1.660 Thread 0x000002d64e79a870 DEOPT PACKING pc=0x000002d679d4dc25 sp=0x000000e1780fbe20
Event: 1.660 Thread 0x000002d64e79a870 DEOPT UNPACKING pc=0x000002d679522b43 sp=0x000000e1780fb388 mode 3
Event: 1.672 Thread 0x000002d64e79a870 DEOPT PACKING pc=0x000002d679a5d109 sp=0x000000e1780fde30
Event: 1.672 Thread 0x000002d64e79a870 DEOPT UNPACKING pc=0x000002d679522b43 sp=0x000000e1780fd2c0 mode 3
Event: 1.672 Thread 0x000002d64fb23240 DEOPT PACKING pc=0x000002d679a5151f sp=0x000000e178bff100
Event: 1.672 Thread 0x000002d64fb23240 DEOPT UNPACKING pc=0x000002d679522b43 sp=0x000000e178bfe558 mode 3
Event: 2.853 Thread 0x000002d64e79a870 DEOPT PACKING pc=0x000002d679ab85d2 sp=0x000000e1780fb7e0
Event: 2.853 Thread 0x000002d64e79a870 DEOPT UNPACKING pc=0x000002d679522b43 sp=0x000000e1780face8 mode 3
Event: 2.909 Thread 0x000002d64e79a870 DEOPT PACKING pc=0x000002d679a6ef54 sp=0x000000e1780fbbd0
Event: 2.909 Thread 0x000002d64e79a870 DEOPT UNPACKING pc=0x000002d679522b43 sp=0x000000e1780fb128 mode 0
Event: 2.964 Thread 0x000002d64e79a870 DEOPT PACKING pc=0x000002d679cbfaf9 sp=0x000000e1780fc520
Event: 2.964 Thread 0x000002d64e79a870 DEOPT UNPACKING pc=0x000002d679522b43 sp=0x000000e1780fba00 mode 3
Event: 3.165 Thread 0x000002d64e79a870 DEOPT PACKING pc=0x000002d679fe2a93 sp=0x000000e1780fc7e0
Event: 3.165 Thread 0x000002d64e79a870 DEOPT UNPACKING pc=0x000002d679522b43 sp=0x000000e1780fbd28 mode 3

Classes unloaded (0 events):
No events

Classes redefined (0 events):
No events

Internal exceptions (20 events):
Event: 3.177 Thread 0x000002d64fbf9870 Exception <a 'sun/nio/fs/WindowsException'{0x0000000716ce4dc0}> (0x0000000716ce4dc0) 
thrown [s\open\src\hotspot\share\prims\jni.cpp, line 516]
Event: 3.177 Thread 0x000002d64fbf9870 Exception <a 'sun/nio/fs/WindowsException'{0x0000000716ce5028}> (0x0000000716ce5028) 
thrown [s\open\src\hotspot\share\prims\jni.cpp, line 516]
Event: 3.177 Thread 0x000002d64fbf9870 Exception <a 'sun/nio/fs/WindowsException'{0x0000000716ce58f8}> (0x0000000716ce58f8) 
thrown [s\open\src\hotspot\share\prims\jni.cpp, line 516]
Event: 3.177 Thread 0x000002d64fbf9870 Exception <a 'sun/nio/fs/WindowsException'{0x0000000716ce5b98}> (0x0000000716ce5b98) 
thrown [s\open\src\hotspot\share\prims\jni.cpp, line 516]
Event: 3.178 Thread 0x000002d64fbf9870 Exception <a 'sun/nio/fs/WindowsException'{0x0000000716ce6440}> (0x0000000716ce6440) 
thrown [s\open\src\hotspot\share\prims\jni.cpp, line 516]
Event: 3.178 Thread 0x000002d64fbf9870 Exception <a 'sun/nio/fs/WindowsException'{0x0000000716ce66b0}> (0x0000000716ce66b0) 
thrown [s\open\src\hotspot\share\prims\jni.cpp, line 516]
Event: 3.178 Thread 0x000002d64fbf9870 Exception <a 'sun/nio/fs/WindowsException'{0x0000000716ce6f30}> (0x0000000716ce6f30) 
thrown [s\open\src\hotspot\share\prims\jni.cpp, line 516]
Event: 3.178 Thread 0x000002d64fbf9870 Exception <a 'sun/nio/fs/WindowsException'{0x0000000716ce7168}> (0x0000000716ce7168) 
thrown [s\open\src\hotspot\share\prims\jni.cpp, line 516]
Event: 3.178 Thread 0x000002d64fbf9870 Exception <a 'sun/nio/fs/WindowsException'{0x0000000716ce79f0}> (0x0000000716ce79f0) 
thrown [s\open\src\hotspot\share\prims\jni.cpp, line 516]
Event: 3.178 Thread 0x000002d64fbf9870 Exception <a 'sun/nio/fs/WindowsException'{0x0000000716ce7c40}> (0x0000000716ce7c40) 
thrown [s\open\src\hotspot\share\prims\jni.cpp, line 516]
Event: 3.178 Thread 0x000002d64fbf9870 Exception <a 'sun/nio/fs/WindowsException'{0x0000000716ce84c0}> (0x0000000716ce84c0) 
thrown [s\open\src\hotspot\share\prims\jni.cpp, line 516]
Event: 3.178 Thread 0x000002d64fbf9870 Exception <a 'sun/nio/fs/WindowsException'{0x0000000716ce8700}> (0x0000000716ce8700) 
thrown [s\open\src\hotspot\share\prims\jni.cpp, line 516]
Event: 3.178 Thread 0x000002d64fbf9870 Exception <a 'sun/nio/fs/WindowsException'{0x0000000716ce8f88}> (0x0000000716ce8f88) 
thrown [s\open\src\hotspot\share\prims\jni.cpp, line 516]
Event: 3.178 Thread 0x000002d64fbf9870 Exception <a 'sun/nio/fs/WindowsException'{0x0000000716ce91d8}> (0x0000000716ce91d8) 
thrown [s\open\src\hotspot\share\prims\jni.cpp, line 516]
Event: 3.178 Thread 0x000002d64fbf9870 Exception <a 'sun/nio/fs/WindowsException'{0x0000000716ce9a80}> (0x0000000716ce9a80) 
thrown [s\open\src\hotspot\share\prims\jni.cpp, line 516]
Event: 3.178 Thread 0x000002d64fbf9870 Exception <a 'sun/nio/fs/WindowsException'{0x0000000716ce9cf0}> (0x0000000716ce9cf0) 
thrown [s\open\src\hotspot\share\prims\jni.cpp, line 516]
Event: 3.178 Thread 0x000002d64fbf9870 Exception <a 'sun/nio/fs/WindowsException'{0x0000000716cea628}> (0x0000000716cea628) 
thrown [s\open\src\hotspot\share\prims\jni.cpp, line 516]
Event: 3.178 Thread 0x000002d64fbf9870 Exception <a 'sun/nio/fs/WindowsException'{0x0000000716cea8b0}> (0x0000000716cea8b0) 
thrown [s\open\src\hotspot\share\prims\jni.cpp, line 516]
Event: 3.178 Thread 0x000002d64fbf9870 Exception <a 'sun/nio/fs/WindowsException'{0x0000000716ceb160}> (0x0000000716ceb160) 
thrown [s\open\src\hotspot\share\prims\jni.cpp, line 516]
Event: 3.178 Thread 0x000002d64fbf9870 Exception <a 'sun/nio/fs/WindowsException'{0x0000000716ceb3e0}> (0x0000000716ceb3e0) 
thrown [s\open\src\hotspot\share\prims\jni.cpp, line 516]

VM Operations (20 events):
Event: 2.597 Executing VM operation: G1CollectForAllocation
Event: 2.599 Executing VM operation: G1CollectForAllocation done
Event: 2.853 Executing VM operation: HandshakeAllThreads
Event: 2.853 Executing VM operation: HandshakeAllThreads done
Event: 2.890 Executing VM operation: G1CollectForAllocation
Event: 2.893 Executing VM operation: G1CollectForAllocation done
Event: 2.909 Executing VM operation: HandshakeAllThreads
Event: 2.909 Executing VM operation: HandshakeAllThreads done
Event: 2.945 Executing VM operation: HandshakeAllThreads
Event: 2.945 Executing VM operation: HandshakeAllThreads done
Event: 2.945 Executing VM operation: HandshakeAllThreads
Event: 2.945 Executing VM operation: HandshakeAllThreads done
Event: 3.052 Executing VM operation: HandshakeAllThreads
Event: 3.052 Executing VM operation: HandshakeAllThreads done
Event: 3.059 Executing VM operation: HandshakeAllThreads
Event: 3.059 Executing VM operation: HandshakeAllThreads done
Event: 3.074 Executing VM operation: HandshakeAllThreads
Event: 3.074 Executing VM operation: HandshakeAllThreads done
Event: 3.150 Executing VM operation: G1CollectForAllocation
Event: 3.153 Executing VM operation: G1CollectForAllocation done

Events (20 events):
Event: 3.173 Thread 0x000002d6504b9570 Thread added: 0x000002d6504b9570
Event: 3.174 Thread 0x000002d6504bb3d0 Thread added: 0x000002d6504bb3d0
Event: 3.174 Thread 0x000002d6504bb8e0 Thread added: 0x000002d6504bb8e0
Event: 3.174 loading class sun/nio/fs/WindowsLinkSupport done
Event: 3.174 Thread 0x000002d6504bbdf0 Thread added: 0x000002d6504bbdf0
Event: 3.174 Thread 0x000002d6504bfab0 Thread added: 0x000002d6504bfab0
Event: 3.174 Thread 0x000002d6504bc300 Thread added: 0x000002d6504bc300
Event: 3.174 Thread 0x000002d6504bcd20 Thread added: 0x000002d6504bcd20
Event: 3.174 Thread 0x000002d6504bdc50 Thread added: 0x000002d6504bdc50
Event: 3.175 Thread 0x000002d6504c04d0 Thread added: 0x000002d6504c04d0
Event: 3.175 Thread 0x000002d6504be670 Thread added: 0x000002d6504be670
Event: 3.175 Thread 0x000002d6504bc810 Thread added: 0x000002d6504bc810
Event: 3.183 loading class java/nio/channels/spi/AbstractInterruptibleChannel$1
Event: 3.183 loading class sun/nio/ch/Interruptible
Event: 3.183 loading class sun/nio/ch/Interruptible done
Event: 3.183 loading class java/nio/channels/spi/AbstractInterruptibleChannel$1 done
Event: 3.184 loading class java/nio/ReadOnlyBufferException
Event: 3.184 loading class java/nio/ReadOnlyBufferException done
Event: 3.186 loading class java/util/zip/DataFormatException
Event: 3.186 loading class java/util/zip/DataFormatException done


Dynamic libraries:
0x00007ff7151e0000 - 0x00007ff7151f0000 	C:\Program Files\Java\jdk-17\bin\java.exe
0x00007ffbe0cf0000 - 0x00007ffbe0ee8000 	C:\Windows\SYSTEM32\ntdll.dll
0x00007ffbded50000 - 0x00007ffbdee0d000 	C:\Windows\System32\KERNEL32.DLL
0x00007ffbde590000 - 0x00007ffbde886000 	C:\Windows\System32\KERNELBASE.dll
0x00007ffbdec50000 - 0x00007ffbded50000 	C:\Windows\System32\ucrtbase.dll
0x00007ffbcb890000 - 0x00007ffbcb8a9000 	C:\Program Files\Java\jdk-17\bin\jli.dll
0x00007ffbb2930000 - 0x00007ffbb294b000 	C:\Program Files\Java\jdk-17\bin\VCRUNTIME140.dll
0x00007ffbe0ae0000 - 0x00007ffbe0b8e000 	C:\Windows\System32\ADVAPI32.dll
0x00007ffbdf960000 - 0x00007ffbdf9fe000 	C:\Windows\System32\msvcrt.dll
0x00007ffbdf420000 - 0x00007ffbdf4bc000 	C:\Windows\System32\sechost.dll
0x00007ffbe09a0000 - 0x00007ffbe0ac6000 	C:\Windows\System32\RPCRT4.dll
0x00007ffbdf280000 - 0x00007ffbdf41e000 	C:\Windows\System32\USER32.dll
0x00007ffbdeb90000 - 0x00007ffbdebb2000 	C:\Windows\System32\win32u.dll
0x00007ffbdfda0000 - 0x00007ffbdfdcc000 	C:\Windows\System32\GDI32.dll
0x00007ffbde890000 - 0x00007ffbde9aa000 	C:\Windows\System32\gdi32full.dll
0x00007ffbde4f0000 - 0x00007ffbde58d000 	C:\Windows\System32\msvcp_win.dll
0x00007ffbdd780000 - 0x00007ffbdda1a000 	C:\Windows\WinSxS\amd64_microsoft.windows.common-controls_6595b64144ccf1df_6.0.19041.3636_none_60b6a03d71f818d5\COMCTL32.dll
0x00007ffbd61d0000 - 0x00007ffbd61da000 	C:\Windows\SYSTEM32\VERSION.dll
0x00007ffbdfc50000 - 0x00007ffbdfc80000 	C:\Windows\System32\IMM32.DLL
0x00007ffbc39a0000 - 0x00007ffbc39ac000 	C:\Program Files\Java\jdk-17\bin\vcruntime140_1.dll
0x00007ffbb2540000 - 0x00007ffbb25ce000 	C:\Program Files\Java\jdk-17\bin\msvcp140.dll
0x00007ffbb2950000 - 0x00007ffbb3531000 	C:\Program Files\Java\jdk-17\bin\server\jvm.dll
0x00007ffbe0ad0000 - 0x00007ffbe0ad8000 	C:\Windows\System32\PSAPI.DLL
0x00007ffbaeda0000 - 0x00007ffbaeda9000 	C:\Windows\SYSTEM32\WSOCK32.dll
0x00007ffbd61a0000 - 0x00007ffbd61c7000 	C:\Windows\SYSTEM32\WINMM.dll
0x00007ffbdfa00000 - 0x00007ffbdfa6b000 	C:\Windows\System32\WS2_32.dll
0x00007ffbdb4b0000 - 0x00007ffbdb4c2000 	C:\Windows\SYSTEM32\kernel.appcore.dll
0x00007ffbb3c70000 - 0x00007ffbb3c7a000 	C:\Program Files\Java\jdk-17\bin\jimage.dll
0x00007ffbddd60000 - 0x00007ffbddf44000 	C:\Windows\SYSTEM32\DBGHELP.DLL
0x00007ffbddb80000 - 0x00007ffbddbb4000 	C:\Windows\SYSTEM32\dbgcore.DLL
0x00007ffbdebc0000 - 0x00007ffbdec42000 	C:\Windows\System32\bcryptPrimitives.dll
0x00007ffbb28c0000 - 0x00007ffbb28e5000 	C:\Program Files\Java\jdk-17\bin\java.dll
0x00007ffbb27e0000 - 0x00007ffbb28b7000 	C:\Program Files\Java\jdk-17\bin\jsvml.dll
0x00007ffbdfdd0000 - 0x00007ffbe0514000 	C:\Windows\System32\SHELL32.dll
0x00007ffbdb7b0000 - 0x00007ffbdbf4b000 	C:\Windows\SYSTEM32\windows.storage.dll
0x00007ffbe0590000 - 0x00007ffbe08e4000 	C:\Windows\System32\combase.dll
0x00007ffbdd710000 - 0x00007ffbdd73d000 	C:\Windows\SYSTEM32\Wldp.dll
0x00007ffbdfcf0000 - 0x00007ffbdfd9d000 	C:\Windows\System32\SHCORE.dll
0x00007ffbe0520000 - 0x00007ffbe0575000 	C:\Windows\System32\shlwapi.dll
0x00007ffbde300000 - 0x00007ffbde325000 	C:\Windows\SYSTEM32\profapi.dll
0x00007ffbb27c0000 - 0x00007ffbb27d9000 	C:\Program Files\Java\jdk-17\bin\net.dll
0x00007ffbd6bd0000 - 0x00007ffbd6cda000 	C:\Windows\SYSTEM32\WINHTTP.dll
0x00007ffbdd3c0000 - 0x00007ffbdd42a000 	C:\Windows\system32\mswsock.dll
0x00007ffbb27a0000 - 0x00007ffbb27b6000 	C:\Program Files\Java\jdk-17\bin\nio.dll
0x00007ffbb2780000 - 0x00007ffbb2798000 	C:\Program Files\Java\jdk-17\bin\zip.dll
0x00007ffbb1c80000 - 0x00007ffbb1c8a000 	C:\Program Files\Java\jdk-17\bin\management.dll
0x00007ffbb1c70000 - 0x00007ffbb1c7b000 	C:\Program Files\Java\jdk-17\bin\management_ext.dll
0x00007ffbdae70000 - 0x00007ffbdae7e000 	C:\Program Files\Java\jdk-17\bin\sunmscapi.dll
0x00007ffbdea00000 - 0x00007ffbdeb5d000 	C:\Windows\System32\CRYPT32.dll
0x00007ffbdda20000 - 0x00007ffbdda47000 	C:\Windows\SYSTEM32\ncrypt.dll
0x00007ffbdd740000 - 0x00007ffbdd77b000 	C:\Windows\SYSTEM32\NTASN1.dll
0x00007ffbde140000 - 0x00007ffbde158000 	C:\Windows\SYSTEM32\CRYPTSP.dll
0x00007ffbdcd90000 - 0x00007ffbdcdc4000 	C:\Windows\system32\rsaenh.dll
0x00007ffbdeb60000 - 0x00007ffbdeb87000 	C:\Windows\System32\bcrypt.dll
0x00007ffbde2c0000 - 0x00007ffbde2ee000 	C:\Windows\SYSTEM32\USERENV.dll
0x00007ffbdd700000 - 0x00007ffbdd70c000 	C:\Windows\SYSTEM32\CRYPTBASE.dll
0x00007ffbdd0f0000 - 0x00007ffbdd12b000 	C:\Windows\SYSTEM32\IPHLPAPI.DLL
0x00007ffbe0580000 - 0x00007ffbe0588000 	C:\Windows\System32\NSI.dll
0x00007ffbd7780000 - 0x00007ffbd7797000 	C:\Windows\SYSTEM32\dhcpcsvc6.DLL
0x00007ffbd7940000 - 0x00007ffbd795d000 	C:\Windows\SYSTEM32\dhcpcsvc.DLL
0x00007ffbdd130000 - 0x00007ffbdd1fa000 	C:\Windows\SYSTEM32\DNSAPI.dll
0x00007ffbcfce0000 - 0x00007ffbcfcea000 	C:\Windows\System32\rasadhlp.dll
0x00007ffbcfe50000 - 0x00007ffbcfed0000 	C:\Windows\System32\fwpuclnt.dll
0x00007ffbb2770000 - 0x00007ffbb2780000 	C:\Program Files\Java\jdk-17\bin\verify.dll

dbghelp: loaded successfully - version: 4.0.5 - missing functions: none
symbol engine: initialized successfully - sym options: 0x614 - pdb path: .;C:\Program Files\Java\jdk-17\bin;C:\Windows\SYSTEM32;C:\Windows\WinSxS\amd64_microsoft.windows.common-controls_6595b64144ccf1df_6.0.19041.3636_none_60b6a03d71f818d5;C:\Program Files\Java\jdk-17\bin\server

VM Arguments:
jvm_args: -XX:TieredStopAtLevel=1 
java_command: com.tiendaEj.TiendaApplication
java_class_path (initial): D:\u\Netbeans Web\tienda\target\classes;C:\Users\smerl\.m2\repository\ch\qos\logback\logback-classic\1.4.11\logback-classic-1.4.11.jar;C:\Users\smerl\.m2\repository\ch\qos\logback\logback-core\1.4.11\logback-core-1.4.11.jar;C:\Users\smerl\.m2\repository\org\apache\logging\log4j\log4j-to-slf4j\2.21.1\log4j-to-slf4j-2.21.1.jar;C:\Users\smerl\.m2\repository\org\apache\logging\log4j\log4j-api\2.21.1\log4j-api-2.21.1.jar;C:\Users\smerl\.m2\repository\org\slf4j\jul-to-slf4j\2.0.9\jul-to-slf4j-2.0.9.jar;C:\Users\smerl\.m2\repository\jakarta\annotation\jakarta.annotation-api\2.1.1\jakarta.annotation-api-2.1.1.jar;C:\Users\smerl\.m2\repository\org\yaml\snakeyaml\2.2\snakeyaml-2.2.jar;C:\Users\smerl\.m2\repository\org\thymeleaf\thymeleaf-spring6\3.1.2.RELEASE\thymeleaf-spring6-3.1.2.RELEASE.jar;C:\Users\smerl\.m2\repository\org\thymeleaf\thymeleaf\3.1.2.RELEASE\thymeleaf-3.1.2.RELEASE.jar;C:\Users\smerl\.m2\repository\org\attoparser\attoparser\2.0.7.RELEASE\attoparser-2.0.7.RELEASE.jar;C:\Users\smerl\.m2\repository\org\unbescape\unbescape\1.1.6.RELEASE\unbescape-1.1.6.RELEASE.jar;C:\Users\smerl\.m2\repository\com\fasterxml\jackson\datatype\jackson-datatype-jdk8\2.15.3\jackson-datatype-jdk8-2.15.3.jar;C:\Users\smerl\.m2\repository\com\fasterxml\jackson\datatype\jackson-datatype-jsr310\2.15.3\jackson-datatype-jsr310-2.15.3.jar;C:\Users\smerl\.m2\repository\com\fasterxml\jackson\module\jackson-module-parameter-names\2.15.3\jackson-module-parameter-names-2.15.3.jar;C:\Users\smerl\.m2\repository\org\apache\tomcat\embed\tomcat-embed-core\10.1.15\tomcat-embed-core-10.1.15.jar;C:\Users\smerl\.m2\repository\org\apache\tomcat\embed\tomcat-embed-el\10.1.15\tomcat-embed-el-10.1.15.jar;C:\Users\smerl\.m2\repository\org\apache\tomcat\embed\tomcat-embed-websocket\10.1.15\tomcat-embed-websocket-10.1.15.jar;C:\Users\smerl\.m2\repository\org\springframework\spring-web\6.1.0-RC2\spring-web-6.1.0-RC2.jar;C:\Users\smerl\.m2\repository\org\springframework\spring-beans\
Launcher Type: SUN_STANDARD

[Global flags]
     intx CICompilerCount                          = 4                                         {product} {ergonomic}
     uint ConcGCThreads                            = 3                                         {product} {ergonomic}
     uint G1ConcRefinementThreads                  = 10                                        {product} {ergonomic}
   size_t G1HeapRegionSize                         = 2097152                                   {product} {ergonomic}
    uintx GCDrainStackTargetSize                   = 64                                        {product} {ergonomic}
   size_t InitialHeapSize                          = 257949696                                 {product} {ergonomic}
   size_t MarkStackSize                            = 4194304                                   {product} {ergonomic}
   size_t MaxHeapSize                              = 4127195136                                {product} {ergonomic}
   size_t MaxNewSize                               = 2474639360                                {product} {ergonomic}
   size_t MinHeapDeltaBytes                        = 2097152                                   {product} {ergonomic}
   size_t MinHeapSize                              = 8388608                                   {product} {ergonomic}
    uintx NonProfiledCodeHeapSize                  = 0                                      {pd product} {ergonomic}
     bool ProfileInterpreter                       = false                                  {pd product} {command line}
    uintx ProfiledCodeHeapSize                     = 0                                      {pd product} {ergonomic}
   size_t SoftMaxHeapSize                          = 4127195136                             {manageable} {ergonomic}
     intx TieredStopAtLevel                        = 1                                         {product} {command line}
     bool UseCompressedClassPointers               = true                           {product lp64_product} {ergonomic}
     bool UseCompressedOops                        = true                           {product lp64_product} {ergonomic}
     bool UseG1GC                                  = true                                      {product} {ergonomic}
     bool UseLargePagesIndividualAllocation        = false                                  {pd product} {ergonomic}

Logging:
Log output configuration:
 #0: stdout all=warning uptime,level,tags
 #1: stderr all=off uptime,level,tags

Environment Variables:
JAVA_HOME=C:\Program Files\Java\jdk-17
PATH=C:\Program Files\Common Files\Oracle\Java\javapath;C:\Program Files (x86)\Common Files\Oracle\Java\javapath;C:\Windows\system32;C:\Windows;C:\Windows\System32\Wbem;C:\Windows\System32\WindowsPowerShell\v1.0\;C:\Windows\System32\OpenSSH\;C:\Program Files\MySQL\MySQL Shell 8.0\bin\;C:\Users\smerl\AppData\Local\Microsoft\WindowsApps;
USERNAME=smerl
OS=Windows_NT
PROCESSOR_IDENTIFIER=AMD64 Family 23 Model 96 Stepping 1, AuthenticAMD



---------------  S Y S T E M  ---------------

OS:
 Windows 10 , 64 bit Build 19041 (10.0.19041.3636)
OS uptime: 0 days 0:04 hours

CPU: total 12 (initial active 12) (12 cores per cpu, 2 threads per core) family 23 model 96 stepping 1 microcode 0x0, cx8, cmov, fxsr, ht, mmx, 3dnowpref, sse, sse2, sse3, ssse3, sse4a, sse4.1, sse4.2, popcnt, lzcnt, tsc, tscinvbit, avx, avx2, aes, clmul, bmi1, bmi2, adx, sha, fma, vzeroupper, clflush, clflushopt

Memory: 4k page, system-wide physical 15740M (11013M free)
TotalPageFile size 18172M (AvailPageFile size 11825M)
current process WorkingSet (physical memory assigned to process): 214M, peak: 214M
current process commit charge ("private bytes"): 265M, peak: 378M

vm_info: Java HotSpot(TM) 64-Bit Server VM (17.0.9+11-LTS-201) for windows-amd64 JRE (17.0.9+11-LTS-201), built on Oct 10 2023 23:16:06 by "mach5one" with MS VC++ 17.1 (VS2022)

END.
